This is LuaHBTeX, Version 1.17.0 (TeX Live 2023/Debian)  (format=lualatex 2024.9.19)  25 SEP 2024 19:53
 restricted system commands enabled.
 file:line:error style messages enabled.
**main.tex
(./main.tex
LaTeX2e <2023-11-01> patch level 1
L3 programming layer <2024-01-22>
Lua module: luaotfload 2023-08-31 3.26 Lua based OpenType font support
Lua module: lualibs 2023-07-13 2.76 ConTeXt Lua standard libraries.
Lua module: lualibs-extended 2023-07-13 2.76 ConTeXt Lua libraries -- extended c
ollection.
luaotfload | conf : Root cache directory is "/home/moschehaus/.texlive2023/texmf
-var/luatex-cache/generic/names".
luaotfload | init : Loading fontloader "fontloader-2023-08-19.lua" from kpse-res
olved path "/usr/share/texlive/texmf-dist/tex/luatex/luaotfload/fontloader-2023-
08-19.lua".
Lua-only attribute luaotfload@noligature = 1
luaotfload | init : Context OpenType loader version 3.133
Inserting `luaotfload.node_processor' in `pre_linebreak_filter'.
Inserting `luaotfload.node_processor' in `hpack_filter'.
Inserting `luaotfload.glyph_stream' in `glyph_stream_provider'.
Inserting `luaotfload.define_font' in `define_font'.
Lua-only attribute luaotfload_color_attribute = 2
luaotfload | conf : Root cache directory is "/home/moschehaus/.texlive2023/texmf
-var/luatex-cache/generic/names".
Inserting `luaotfload.harf.strip_prefix' in `find_opentype_file'.
Inserting `luaotfload.harf.strip_prefix' in `find_truetype_file'.
Removing  `luaotfload.glyph_stream' from `glyph_stream_provider'.
Inserting `luaotfload.harf.glyphstream' in `glyph_stream_provider'.
Inserting `luaotfload.harf.finalize_vlist' in `post_linebreak_filter'.
Inserting `luaotfload.harf.finalize_hlist' in `hpack_filter'.
Inserting `luaotfload.cleanup_files' in `wrapup_run'.
Inserting `luaotfload.harf.finalize_unicode' in `finish_pdffile'.
Inserting `luaotfload.glyphinfo' in `glyph_info'.
Lua-only attribute luaotfload.letterspace_done = 3
Inserting `luaotfload.aux.set_sscale_dimens' in `luaotfload.patch_font'.
Inserting `luaotfload.aux.set_font_index' in `luaotfload.patch_font'.
Inserting `luaotfload.aux.patch_cambria_domh' in `luaotfload.patch_font'.
Inserting `luaotfload.aux.fixup_fontdata' in `luaotfload.patch_font_unsafe'.
Inserting `luaotfload.aux.set_capheight' in `luaotfload.patch_font'.
Inserting `luaotfload.aux.set_xheight' in `luaotfload.patch_font'.
Inserting `luaotfload.rewrite_fontname' in `luaotfload.patch_font'.
Inserting `tracingstacklevels' in `input_level_string'. (/usr/share/texlive/tex
mf-dist/tex/latex/base/book.cls
Document Class: book 2023/05/17 v1.4n Standard LaTeX document class
(/usr/share/texlive/texmf-dist/tex/latex/base/bk12.clo
File: bk12.clo 2023/05/17 v1.4n Standard LaTeX file (size option)
luaotfload | db : Font names database loaded from /home/moschehaus/.texlive2023/
texmf-var/luatex-cache/generic/names/luaotfload-names.luc.gz)
\c@part=\count185
\c@chapter=\count186
\c@section=\count187
\c@subsection=\count188
\c@subsubsection=\count189
\c@paragraph=\count190
\c@subparagraph=\count191
\c@figure=\count192
\c@table=\count193
\abovecaptionskip=\skip48
\belowcaptionskip=\skip49
\bibindent=\dimen139
)
(/usr/share/texlive/texmf-dist/tex/latex/fontspec/fontspec.sty
(/usr/share/texlive/texmf-dist/tex/latex/l3packages/xparse/xparse.sty
(/usr/share/texlive/texmf-dist/tex/latex/l3kernel/expl3.sty
Package: expl3 2024-01-22 L3 programming layer (loader) 

(/usr/share/texlive/texmf-dist/tex/latex/l3backend/l3backend-luatex.def
File: l3backend-luatex.def 2024-01-04 L3 backend support: PDF output (LuaTeX)
\l__color_backend_stack_int=\count194
Inserting `l3color' in `luaotfload.parse_color'.
\l__pdf_internal_box=\box51
))
Package: xparse 2023-10-10 L3 Experimental document command parser
)
Package: fontspec 2022/01/15 v2.8a Font selection for XeLaTeX and LuaLaTeX
Lua module: fontspec 2022/01/15 2.8a Font selection for XeLaTeX and LuaLaTeX
(/usr/share/texlive/texmf-dist/tex/latex/fontspec/fontspec-luatex.sty
Package: fontspec-luatex 2022/01/15 v2.8a Font selection for XeLaTeX and LuaLaT
eX
\l__fontspec_script_int=\count195
\l__fontspec_language_int=\count196
\l__fontspec_strnum_int=\count197
\l__fontspec_tmp_int=\count198
\l__fontspec_tmpa_int=\count199
\l__fontspec_tmpb_int=\count266
\l__fontspec_tmpc_int=\count267
\l__fontspec_em_int=\count268
\l__fontspec_emdef_int=\count269
\l__fontspec_strong_int=\count270
\l__fontspec_strongdef_int=\count271
\l__fontspec_tmpa_dim=\dimen140
\l__fontspec_tmpb_dim=\dimen141
\l__fontspec_tmpc_dim=\dimen142

(/usr/share/texlive/texmf-dist/tex/latex/base/fontenc.sty
Package: fontenc 2021/04/29 v2.0v Standard LaTeX package
)
(/usr/share/texlive/texmf-dist/tex/latex/fontspec/fontspec.cfg)))
(/usr/share/texlive/texmf-dist/tex/latex/microtype/microtype.sty
Package: microtype 2023/03/13 v3.1a Micro-typographical refinements (RS)

(/usr/share/texlive/texmf-dist/tex/latex/graphics/keyval.sty
Package: keyval 2022/05/29 v1.15 key=value parser (DPC)
\KV@toks@=\toks17
)
(/usr/share/texlive/texmf-dist/tex/latex/etoolbox/etoolbox.sty
Package: etoolbox 2020/10/05 v2.5k e-TeX tools for LaTeX (JAW)
\etb@tempcnta=\count272
)
\MT@toks=\toks18
\MT@tempbox=\box52
\MT@count=\count273
LaTeX Info: Redefining \noprotrusionifhmode on input line 1059.
LaTeX Info: Redefining \leftprotrusion on input line 1060.
\MT@prot@toks=\toks19
LaTeX Info: Redefining \rightprotrusion on input line 1078.
LaTeX Info: Redefining \textls on input line 1368.
\MT@outer@kern=\dimen143
LaTeX Info: Redefining \textmicrotypecontext on input line 1988.
\MT@listname@count=\count274

(/usr/share/texlive/texmf-dist/tex/latex/microtype/microtype-luatex.def
File: microtype-luatex.def 2023/03/13 v3.1a Definitions specific to luatex (RS)

Lua module: microtype 2023/03/13 3.1a microtype module.
Module microtype Info: overwriting function `keepligature' on input line 63
LaTeX Info: Redefining \lsstyle on input line 688.
LaTeX Info: Redefining \lslig on input line 688.
\MT@outer@space=\skip50
)
Package microtype Info: Loading configuration file microtype.cfg.

(/usr/share/texlive/texmf-dist/tex/latex/microtype/microtype.cfg
File: microtype.cfg 2023/03/13 v3.1a microtype main configuration file (RS)
))
(/usr/share/texmf/tex/latex/lm/lmodern.sty
Package: lmodern 2015/05/01 v1.6.1 Latin Modern Fonts
LaTeX Font Info:    Overwriting symbol font `operators' in version `normal'
(Font)                  OT1/cmr/m/n --> OT1/lmr/m/n on input line 22.
LaTeX Font Info:    Overwriting symbol font `letters' in version `normal'
(Font)                  OML/cmm/m/it --> OML/lmm/m/it on input line 23.
LaTeX Font Info:    Overwriting symbol font `symbols' in version `normal'
(Font)                  OMS/cmsy/m/n --> OMS/lmsy/m/n on input line 24.
LaTeX Font Info:    Overwriting symbol font `largesymbols' in version `normal'
(Font)                  OMX/cmex/m/n --> OMX/lmex/m/n on input line 25.
LaTeX Font Info:    Overwriting symbol font `operators' in version `bold'
(Font)                  OT1/cmr/bx/n --> OT1/lmr/bx/n on input line 26.
LaTeX Font Info:    Overwriting symbol font `letters' in version `bold'
(Font)                  OML/cmm/b/it --> OML/lmm/b/it on input line 27.
LaTeX Font Info:    Overwriting symbol font `symbols' in version `bold'
(Font)                  OMS/cmsy/b/n --> OMS/lmsy/b/n on input line 28.
LaTeX Font Info:    Overwriting symbol font `largesymbols' in version `bold'
(Font)                  OMX/cmex/m/n --> OMX/lmex/m/n on input line 29.
LaTeX Font Info:    Overwriting math alphabet `\mathbf' in version `normal'
(Font)                  OT1/cmr/bx/n --> OT1/lmr/bx/n on input line 31.
LaTeX Font Info:    Overwriting math alphabet `\mathsf' in version `normal'
(Font)                  OT1/cmss/m/n --> OT1/lmss/m/n on input line 32.
LaTeX Font Info:    Overwriting math alphabet `\mathit' in version `normal'
(Font)                  OT1/cmr/m/it --> OT1/lmr/m/it on input line 33.
LaTeX Font Info:    Overwriting math alphabet `\mathtt' in version `normal'
(Font)                  OT1/cmtt/m/n --> OT1/lmtt/m/n on input line 34.
LaTeX Font Info:    Overwriting math alphabet `\mathbf' in version `bold'
(Font)                  OT1/cmr/bx/n --> OT1/lmr/bx/n on input line 35.
LaTeX Font Info:    Overwriting math alphabet `\mathsf' in version `bold'
(Font)                  OT1/cmss/bx/n --> OT1/lmss/bx/n on input line 36.
LaTeX Font Info:    Overwriting math alphabet `\mathit' in version `bold'
(Font)                  OT1/cmr/bx/it --> OT1/lmr/bx/it on input line 37.
LaTeX Font Info:    Overwriting math alphabet `\mathtt' in version `bold'
(Font)                  OT1/cmtt/m/n --> OT1/lmtt/m/n on input line 38.
)
(/usr/share/texlive/texmf-dist/tex/latex/ebgaramond/ebgaramond.sty
Package: ebgaramond 2022/09/10 (Bob Tennent and autoinst) Style file for EB Gar
amond fonts.

(/usr/share/texlive/texmf-dist/tex/generic/iftex/ifxetex.sty
Package: ifxetex 2019/10/25 v0.7 ifxetex legacy package. Use iftex instead.

(/usr/share/texlive/texmf-dist/tex/generic/iftex/iftex.sty
Package: iftex 2022/02/03 v1.0f TeX engine tests
))
(/usr/share/texlive/texmf-dist/tex/generic/iftex/ifluatex.sty
Package: ifluatex 2019/10/25 v1.5 ifluatex legacy package. Use iftex instead.
)
(/usr/share/texlive/texmf-dist/tex/latex/xkeyval/xkeyval.sty
Package: xkeyval 2022/06/16 v2.9 package option processing (HA)

(/usr/share/texlive/texmf-dist/tex/generic/xkeyval/xkeyval.tex
(/usr/share/texlive/texmf-dist/tex/generic/xkeyval/xkvutils.tex
\XKV@toks=\toks20
\XKV@tempa@toks=\toks21
)
\XKV@depth=\count275
File: xkeyval.tex 2014/12/03 v2.7a key=value parser (HA)
))
(/usr/share/texlive/texmf-dist/tex/latex/base/textcomp.sty
Package: textcomp 2020/02/02 v2.0n Standard LaTeX package
)

Package fontspec Info: Font family 'EBGaramond(0)' created for font
(fontspec)             'EBGaramond' with options [Ligatures = TeX,Scale =
(fontspec)             1,SmallCapsFeatures={Renderer=Basic},Extension =
(fontspec)             .otf,Ligatures=TeX,Numbers =
(fontspec)             {Proportional,OldStyle},UprightFont =
(fontspec)             *-Regular,ItalicFont = *-Italic,BoldFont =
(fontspec)             *-Bold,BoldItalicFont =
(fontspec)             *-BoldItalic,FontFace={m}{sw}{Font=*-Italic,Style=Swash}
,FontFace={b}{sw}{Font=*-BoldItalic,Style=Swash}].
(fontspec)              
(fontspec)              This font family consists of the following NFSS
(fontspec)             series/shapes:
(fontspec)              
(fontspec)             - 'swash' (m/sw) with NFSS spec.:
(fontspec)             <->s*[1]"[EBGaramond-Italic.otf]:mode=node;script=latn;l
anguage=dflt;+tlig;+pnum;+onum;+swsh;"
(fontspec)             -  (m/scsw) with NFSS spec.:
(fontspec)             <->s*[1]"[EBGaramond-Italic.otf]:mode=base;script=latn;l
anguage=dflt;+tlig;+pnum;+onum;+swsh;+smcp;"
(fontspec)             - 'bold swash' (b/sw) with NFSS spec.:
(fontspec)             <->s*[1]"[EBGaramond-BoldItalic.otf]:mode=node;script=la
tn;language=dflt;+tlig;+pnum;+onum;+swsh;"
(fontspec)             -  (b/scsw) with NFSS spec.:
(fontspec)             <->s*[1]"[EBGaramond-BoldItalic.otf]:mode=base;script=la
tn;language=dflt;+tlig;+pnum;+onum;+swsh;+smcp;"
(fontspec)             - 'normal' (m/n) with NFSS spec.:
(fontspec)             <->s*[1]"[EBGaramond-Regular.otf]:mode=node;script=latn;
language=dflt;+tlig;+pnum;+onum;"
(fontspec)             - 'small caps'  (m/sc) with NFSS spec.:
(fontspec)             <->s*[1]"[EBGaramond-Regular.otf]:mode=base;script=latn;
language=dflt;+tlig;+pnum;+onum;+smcp;"
(fontspec)             - 'bold' (b/n) with NFSS spec.:
(fontspec)             <->s*[1]"[EBGaramond-Bold.otf]:mode=node;script=latn;lan
guage=dflt;+tlig;+pnum;+onum;"
(fontspec)             - 'bold small caps'  (b/sc) with NFSS spec.:
(fontspec)             <->s*[1]"[EBGaramond-Bold.otf]:mode=base;script=latn;lan
guage=dflt;+tlig;+pnum;+onum;+smcp;"
(fontspec)             - 'italic' (m/it) with NFSS spec.:
(fontspec)             <->s*[1]"[EBGaramond-Italic.otf]:mode=node;script=latn;l
anguage=dflt;+tlig;+pnum;+onum;"
(fontspec)             - 'italic small caps'  (m/scit) with NFSS spec.:
(fontspec)             <->s*[1]"[EBGaramond-Italic.otf]:mode=base;script=latn;l
anguage=dflt;+tlig;+pnum;+onum;+smcp;"
(fontspec)             - 'bold italic' (b/it) with NFSS spec.:
(fontspec)             <->s*[1]"[EBGaramond-BoldItalic.otf]:mode=node;script=la
tn;language=dflt;+tlig;+pnum;+onum;"
(fontspec)             - 'bold italic small caps'  (b/scit) with NFSS spec.:
(fontspec)             <->s*[1]"[EBGaramond-BoldItalic.otf]:mode=base;script=la
tn;language=dflt;+tlig;+pnum;+onum;+smcp;"

LaTeX Font Info:    Font shape `TU/EBGaramond(0)/m/n' will be
(Font)              scaled to size 12.0pt on input line 123.

Package fontspec Info: Font family 'EBGaramond(1)' created for font
(fontspec)             'EBGaramond' with options [Ligatures = TeX,Scale =
(fontspec)             1,SmallCapsFeatures={Renderer=Basic},Extension =
(fontspec)             .otf,Numbers = {Proportional,OldStyle},UprightFont =
(fontspec)             *-Regular,ItalicFont = *-Italic,BoldFont =
(fontspec)             *-Bold,BoldItalicFont = *-BoldItalic].
(fontspec)              
(fontspec)              This font family consists of the following NFSS
(fontspec)             series/shapes:
(fontspec)              
(fontspec)             - 'normal' (m/n) with NFSS spec.:
(fontspec)             <->s*[1]"[EBGaramond-Regular.otf]:mode=node;script=latn;
language=dflt;+tlig;+pnum;+onum;"
(fontspec)             - 'small caps'  (m/sc) with NFSS spec.:
(fontspec)             <->s*[1]"[EBGaramond-Regular.otf]:mode=base;script=latn;
language=dflt;+tlig;+pnum;+onum;+smcp;"
(fontspec)             - 'bold' (b/n) with NFSS spec.:
(fontspec)             <->s*[1]"[EBGaramond-Bold.otf]:mode=node;script=latn;lan
guage=dflt;+tlig;+pnum;+onum;"
(fontspec)             - 'bold small caps'  (b/sc) with NFSS spec.:
(fontspec)             <->s*[1]"[EBGaramond-Bold.otf]:mode=base;script=latn;lan
guage=dflt;+tlig;+pnum;+onum;+smcp;"
(fontspec)             - 'italic' (m/it) with NFSS spec.:
(fontspec)             <->s*[1]"[EBGaramond-Italic.otf]:mode=node;script=latn;l
anguage=dflt;+tlig;+pnum;+onum;"
(fontspec)             - 'italic small caps'  (m/scit) with NFSS spec.:
(fontspec)             <->s*[1]"[EBGaramond-Italic.otf]:mode=base;script=latn;l
anguage=dflt;+tlig;+pnum;+onum;+smcp;"
(fontspec)             - 'bold italic' (b/it) with NFSS spec.:
(fontspec)             <->s*[1]"[EBGaramond-BoldItalic.otf]:mode=node;script=la
tn;language=dflt;+tlig;+pnum;+onum;"
(fontspec)             - 'bold italic small caps'  (b/scit) with NFSS spec.:
(fontspec)             <->s*[1]"[EBGaramond-BoldItalic.otf]:mode=base;script=la
tn;language=dflt;+tlig;+pnum;+onum;+smcp;"

luaotfload | aux : font no 25 (nil) defines no feature for script latn
luaotfload | aux : font no 25 (nil) defines no feature for script dflt

Package fontspec Info: Font family 'EBGaramond-Initials(0)' created for font
(fontspec)             'EBGaramond-Initials' with options [Ligatures =
(fontspec)             TeX,Scale =
(fontspec)             1,SmallCapsFeatures={Renderer=Basic},Extension =
(fontspec)             .otf,BoldFont={},ItalicFont={},SmallCapsFont={}].
(fontspec)              
(fontspec)              This font family consists of the following NFSS
(fontspec)             series/shapes:
(fontspec)              
(fontspec)             - 'normal' (m/n) with NFSS spec.:
(fontspec)             <->s*[1]"[EBGaramond-Initials.otf]:mode=node;language=df
lt;+tlig;"
(fontspec)             - 'small caps'  (m/sc) with NFSS spec.: 

LaTeX Info: Redefining \oldstylenums on input line 134.
LaTeX Info: Redefining \liningnums on input line 135.
LaTeX Info: Redefining \textsw on input line 169.
)
(/usr/share/texlive/texmf-dist/tex/latex/titlesec/titlesec.sty
Package: titlesec 2023/10/27 v2.16 Sectioning titles
\ttl@box=\box53
\beforetitleunit=\skip51
\aftertitleunit=\skip52
\ttl@plus=\dimen144
\ttl@minus=\dimen145
\ttl@toksa=\toks22
\titlewidth=\dimen146
\titlewidthlast=\dimen147
\titlewidthfirst=\dimen148
)
(/usr/share/texlive/texmf-dist/tex/latex/fancyhdr/fancyhdr.sty
Package: fancyhdr 2022/11/09 v4.1 Extensive control of page headers and footers

\f@nch@headwidth=\skip53
\f@nch@O@elh=\skip54
\f@nch@O@erh=\skip55
\f@nch@O@olh=\skip56
\f@nch@O@orh=\skip57
\f@nch@O@elf=\skip58
\f@nch@O@erf=\skip59
\f@nch@O@olf=\skip60
\f@nch@O@orf=\skip61
)
(/usr/share/texlive/texmf-dist/tex/latex/wrapfig/wrapfig.sty
\wrapoverhang=\dimen149
\WF@size=\dimen150
\c@WF@wrappedlines=\count276
\WF@box=\box54
\WF@everypar=\toks23
Package: wrapfig 2003/01/31  v 3.6
)
(/usr/share/texlive/texmf-dist/tex/latex/geometry/geometry.sty
Package: geometry 2020/01/02 v5.9 Page Geometry

(/usr/share/texlive/texmf-dist/tex/generic/iftex/ifvtex.sty
Package: ifvtex 2019/10/25 v1.7 ifvtex legacy package. Use iftex instead.
)
\Gm@cnth=\count277
\Gm@cntv=\count278
\c@Gm@tempcnt=\count279
\Gm@bindingoffset=\dimen151
\Gm@wd@mp=\dimen152
\Gm@odd@mp=\dimen153
\Gm@even@mp=\dimen154
\Gm@layoutwidth=\dimen155
\Gm@layoutheight=\dimen156
\Gm@layouthoffset=\dimen157
\Gm@layoutvoffset=\dimen158
\Gm@dimlist=\toks24
)
(/usr/share/texlive/texmf-dist/tex/latex/tools/multicol.sty
Package: multicol 2023/03/30 v1.9f multicolumn formatting (FMi)
\c@tracingmulticols=\count280
\mult@box=\box55
\multicol@leftmargin=\dimen159
\c@unbalance=\count281
\c@collectmore=\count282
\doublecol@number=\count283
\multicoltolerance=\count284
\multicolpretolerance=\count285
\full@width=\dimen160
\page@free=\dimen161
\premulticols=\dimen162
\postmulticols=\dimen163
\multicolsep=\skip62
\multicolbaselineskip=\skip63
\partial@page=\box56
\last@line=\box57
\mc@boxedresult=\box58
\maxbalancingoverflow=\dimen164
\mult@rightbox=\box59
\mult@grightbox=\box60
\mult@firstbox=\box61
\mult@gfirstbox=\box62
\@tempa=\box63
\@tempa=\box64
\@tempa=\box65
\@tempa=\box66
\@tempa=\box67
\@tempa=\box68
\@tempa=\box69
\@tempa=\box70
\@tempa=\box71
\@tempa=\box72
\@tempa=\box73
\@tempa=\box74
\@tempa=\box75
\@tempa=\box76
\@tempa=\box77
\@tempa=\box78
\@tempa=\box79
\@tempa=\box80
\@tempa=\box81
\@tempa=\box82
\@tempa=\box83
\@tempa=\box84
\@tempa=\box85
\@tempa=\box86
\@tempa=\box87
\@tempa=\box88
\@tempa=\box89
\@tempa=\box90
\@tempa=\box91
\@tempa=\box92
\@tempa=\box93
\@tempa=\box94
\@tempa=\box95
\@tempa=\box96
\@tempa=\box97
\@tempa=\box98
\c@minrows=\count286
\c@columnbadness=\count287
\c@finalcolumnbadness=\count288
\last@try=\dimen165
\multicolovershoot=\dimen166
\multicolundershoot=\dimen167
\mult@nat@firstbox=\box99
\colbreak@box=\box100
\mc@col@check@num=\count289
)
(/usr/share/texlive/texmf-dist/tex/latex/parskip/parskip.sty
Package: parskip 2021-03-14 v2.0h non-zero parskip adjustments

(/usr/share/texlive/texmf-dist/tex/latex/kvoptions/kvoptions.sty
Package: kvoptions 2022-06-15 v3.15 Key value format for package options (HO)

(/usr/share/texlive/texmf-dist/tex/generic/ltxcmds/ltxcmds.sty
Package: ltxcmds 2023-12-04 v1.26 LaTeX kernel commands for general use (HO)
)
(/usr/share/texlive/texmf-dist/tex/latex/kvsetkeys/kvsetkeys.sty
Package: kvsetkeys 2022-10-05 v1.19 Key value parser (HO)
)))
(/usr/share/texlive/texmf-dist/tex/latex/setspace/setspace.sty
Package: setspace 2022/12/04 v6.7b set line spacing
)
(/usr/share/texlive/texmf-dist/tex/latex/graphics/graphicx.sty
Package: graphicx 2021/09/16 v1.2d Enhanced LaTeX Graphics (DPC,SPQR)

(/usr/share/texlive/texmf-dist/tex/latex/graphics/graphics.sty
Package: graphics 2022/03/10 v1.4e Standard LaTeX Graphics (DPC,SPQR)

(/usr/share/texlive/texmf-dist/tex/latex/graphics/trig.sty
Package: trig 2021/08/11 v1.11 sin cos tan (DPC)
)
(/usr/share/texlive/texmf-dist/tex/latex/graphics-cfg/graphics.cfg
File: graphics.cfg 2016/06/04 v1.11 sample graphics configuration
)
Package graphics Info: Driver file: luatex.def on input line 107.

(/usr/share/texlive/texmf-dist/tex/latex/graphics-def/luatex.def
File: luatex.def 2022/09/22 v1.2d Graphics/color driver for luatex
))
\Gin@req@height=\dimen168
\Gin@req@width=\dimen169
)
(/usr/share/texlive/texmf-dist/tex/latex/xcolor/xcolor.sty
Package: xcolor 2023/11/15 v3.01 LaTeX color extensions (UK)

(/usr/share/texlive/texmf-dist/tex/latex/graphics-cfg/color.cfg
File: color.cfg 2016/01/02 v1.6 sample color configuration
)
Package xcolor Info: Driver file: luatex.def on input line 274.

(/usr/share/texlive/texmf-dist/tex/latex/graphics/mathcolor.ltx)
Package xcolor Info: Model `cmy' substituted by `cmy0' on input line 1350.
Package xcolor Info: Model `hsb' substituted by `rgb' on input line 1354.
Package xcolor Info: Model `RGB' extended on input line 1366.
Package xcolor Info: Model `HTML' substituted by `rgb' on input line 1368.
Package xcolor Info: Model `Hsb' substituted by `hsb' on input line 1369.
Package xcolor Info: Model `tHsb' substituted by `hsb' on input line 1370.
Package xcolor Info: Model `HSB' substituted by `hsb' on input line 1371.
Package xcolor Info: Model `Gray' substituted by `gray' on input line 1372.
Package xcolor Info: Model `wave' substituted by `hsb' on input line 1373.
)
(/usr/share/texlive/texmf-dist/tex/latex/booktabs/booktabs.sty
Package: booktabs 2020/01/12 v1.61803398 Publication quality tables
\heavyrulewidth=\dimen170
\lightrulewidth=\dimen171
\cmidrulewidth=\dimen172
\belowrulesep=\dimen173
\belowbottomsep=\dimen174
\aboverulesep=\dimen175
\abovetopsep=\dimen176
\cmidrulesep=\dimen177
\cmidrulekern=\dimen178
\defaultaddspace=\dimen179
\@cmidla=\count290
\@cmidlb=\count291
\@aboverulesep=\dimen180
\@belowrulesep=\dimen181
\@thisruleclass=\count292
\@lastruleclass=\count293
\@thisrulewidth=\dimen182
)
(/usr/share/texlive/texmf-dist/tex/latex/hyperref/hyperref.sty
Package: hyperref 2024-01-20 v7.01h Hypertext links for LaTeX

(/usr/share/texlive/texmf-dist/tex/generic/kvdefinekeys/kvdefinekeys.sty
Package: kvdefinekeys 2019-12-19 v1.6 Define keys (HO)
)
(/usr/share/texlive/texmf-dist/tex/generic/pdfescape/pdfescape.sty
Package: pdfescape 2019/12/09 v1.15 Implements pdfTeX's escape features (HO)

(/usr/share/texlive/texmf-dist/tex/generic/pdftexcmds/pdftexcmds.sty
Package: pdftexcmds 2020-06-27 v0.33 Utility functions of pdfTeX for LuaTeX (HO
)

(/usr/share/texlive/texmf-dist/tex/generic/infwarerr/infwarerr.sty
Package: infwarerr 2019/12/03 v1.5 Providing info/warning/error messages (HO)
)
Package pdftexcmds Info: \pdf@primitive is available.
Package pdftexcmds Info: \pdf@ifprimitive is available.
Package pdftexcmds Info: \pdfdraftmode found.
\pdftexcmds@toks=\toks25
))
(/usr/share/texlive/texmf-dist/tex/latex/hycolor/hycolor.sty
Package: hycolor 2020-01-27 v1.10 Color options for hyperref/bookmark (HO)
)
(/usr/share/texlive/texmf-dist/tex/latex/auxhook/auxhook.sty
Package: auxhook 2019-12-17 v1.6 Hooks for auxiliary files (HO)
)
(/usr/share/texlive/texmf-dist/tex/latex/hyperref/nameref.sty
Package: nameref 2023-11-26 v2.56 Cross-referencing by name of section

(/usr/share/texlive/texmf-dist/tex/latex/refcount/refcount.sty
Package: refcount 2019/12/15 v3.6 Data extraction from label references (HO)
)
(/usr/share/texlive/texmf-dist/tex/generic/gettitlestring/gettitlestring.sty
Package: gettitlestring 2019/12/15 v1.6 Cleanup title references (HO)
)
\c@section@level=\count294
)
\@linkdim=\dimen183
\Hy@linkcounter=\count295
\Hy@pagecounter=\count296

(/usr/share/texlive/texmf-dist/tex/latex/hyperref/pd1enc.def
File: pd1enc.def 2024-01-20 v7.01h Hyperref: PDFDocEncoding definition (HO)
)
(/usr/share/texlive/texmf-dist/tex/generic/intcalc/intcalc.sty
Package: intcalc 2019/12/15 v1.3 Expandable calculations with integers (HO)
)
\Hy@SavedSpaceFactor=\count297

(/usr/share/texlive/texmf-dist/tex/latex/hyperref/puenc.def
File: puenc.def 2024-01-20 v7.01h Hyperref: PDF Unicode definition (HO)
)
Package hyperref Info: Hyper figures OFF on input line 4179.
Package hyperref Info: Link nesting OFF on input line 4184.
Package hyperref Info: Hyper index ON on input line 4187.
Package hyperref Info: Plain pages OFF on input line 4194.
Package hyperref Info: Backreferencing OFF on input line 4199.
Package hyperref Info: Implicit mode ON; LaTeX internals redefined.
Package hyperref Info: Bookmarks ON on input line 4446.
\c@Hy@tempcnt=\count298

(/usr/share/texlive/texmf-dist/tex/latex/url/url.sty
\Urlmuskip=\muskip16
Package: url 2013/09/16  ver 3.4  Verb mode for urls, etc.
)
LaTeX Info: Redefining \url on input line 4784.
\XeTeXLinkMargin=\dimen184

(/usr/share/texlive/texmf-dist/tex/generic/bitset/bitset.sty
Package: bitset 2019/12/09 v1.3 Handle bit-vector datatype (HO)

(/usr/share/texlive/texmf-dist/tex/generic/bigintcalc/bigintcalc.sty
Package: bigintcalc 2019/12/15 v1.5 Expandable calculations on big integers (HO
)
))
\Fld@menulength=\count299
\Field@Width=\dimen185
\Fld@charsize=\dimen186
Package hyperref Info: Hyper figures OFF on input line 6063.
Package hyperref Info: Link nesting OFF on input line 6068.
Package hyperref Info: Hyper index ON on input line 6071.
Package hyperref Info: backreferencing OFF on input line 6078.
Package hyperref Info: Link coloring OFF on input line 6083.
Package hyperref Info: Link coloring with OCG OFF on input line 6088.
Package hyperref Info: PDF/A mode OFF on input line 6093.

(/usr/share/texlive/texmf-dist/tex/latex/base/atbegshi-ltx.sty
Package: atbegshi-ltx 2021/01/10 v1.0c Emulation of the original atbegshi
package with kernel methods
)
\Hy@abspage=\count300
\c@Item=\count301
\c@Hfootnote=\count302
)
Package hyperref Info: Driver (autodetected): hluatex.

(/usr/share/texlive/texmf-dist/tex/latex/hyperref/hluatex.def
File: hluatex.def 2024-01-20 v7.01h Hyperref driver for luaTeX

(/usr/share/texlive/texmf-dist/tex/generic/stringenc/stringenc.sty
Package: stringenc 2019/11/29 v1.12 Convert strings between diff. encodings (HO
)
)
(/usr/share/texlive/texmf-dist/tex/latex/base/atveryend-ltx.sty
Package: atveryend-ltx 2020/08/19 v1.0a Emulation of the original atveryend pac
kage
with kernel methods
)
\Fld@listcount=\count303
\c@bookmark@seq@number=\count304

(/usr/share/texlive/texmf-dist/tex/latex/rerunfilecheck/rerunfilecheck.sty
Package: rerunfilecheck 2022-07-10 v1.10 Rerun checks for auxiliary files (HO)

(/usr/share/texlive/texmf-dist/tex/generic/uniquecounter/uniquecounter.sty
Package: uniquecounter 2019/12/15 v1.4 Provide unlimited unique counter (HO)
)
Package uniquecounter Info: New unique counter `rerunfilecheck' on input line 2
85.
)
\Hy@SectionHShift=\skip64
)
Package hyperref Info: Option `colorlinks' set `true' on input line 29.

(/usr/share/texlive/texmf-dist/tex/latex/subfiles/subfiles.sty
Package: subfiles 2020/11/14 v2.2 Multi-file projects (package)

(/usr/share/texlive/texmf-dist/tex/latex/import/import.sty
Package: import 2020/04/01  v 6.2
)) (./main.aux)
\openout1 = main.aux

LaTeX Font Info:    Checking defaults for OML/cmm/m/it on input line 91.
LaTeX Font Info:    ... okay on input line 91.
LaTeX Font Info:    Checking defaults for OMS/cmsy/m/n on input line 91.
LaTeX Font Info:    ... okay on input line 91.
LaTeX Font Info:    Checking defaults for OT1/cmr/m/n on input line 91.
LaTeX Font Info:    ... okay on input line 91.
LaTeX Font Info:    Checking defaults for T1/cmr/m/n on input line 91.
LaTeX Font Info:    ... okay on input line 91.
LaTeX Font Info:    Checking defaults for TS1/cmr/m/n on input line 91.
LaTeX Font Info:    Trying to load font information for TS1+cmr on input line 9
1.

(/usr/share/texlive/texmf-dist/tex/latex/base/ts1cmr.fd
File: ts1cmr.fd 2023/04/13 v2.5m Standard LaTeX font definitions
)
LaTeX Font Info:    ... okay on input line 91.
LaTeX Font Info:    Checking defaults for TU/lmr/m/n on input line 91.
LaTeX Font Info:    ... okay on input line 91.
LaTeX Font Info:    Checking defaults for OMX/cmex/m/n on input line 91.
LaTeX Font Info:    ... okay on input line 91.
LaTeX Font Info:    Checking defaults for U/cmr/m/n on input line 91.
LaTeX Font Info:    ... okay on input line 91.
LaTeX Font Info:    Checking defaults for PD1/pdf/m/n on input line 91.
LaTeX Font Info:    ... okay on input line 91.
LaTeX Font Info:    Checking defaults for PU/pdf/m/n on input line 91.
LaTeX Font Info:    ... okay on input line 91.
LaTeX Info: Redefining \microtypecontext on input line 91.
Package microtype Info: Applying patch `item' on input line 91.
Package microtype Info: Applying patch `toc' on input line 91.
Package microtype Info: Applying patch `eqnum' on input line 91.
Package microtype Info: Applying patch `footnote' on input line 91.
Package microtype Info: Applying patch `verbatim' on input line 91.
Package microtype Info: Generating PDF output.
Package microtype Info: Character protrusion enabled (level 2).
Package microtype Info: Using default protrusion set `alltext'.
Package microtype Info: Automatic font expansion enabled (level 2),
(microtype)             stretch: 20, shrink: 20, step: 1, non-selected.
Package microtype Info: Using default expansion set `alltext-nott'.
LaTeX Info: Redefining \showhyphens on input line 91.
Package microtype Info: No adjustment of tracking.
Package microtype Info: No adjustment of spacing.
Package microtype Info: No adjustment of kerning.

(/usr/share/texlive/texmf-dist/tex/latex/microtype/mt-EBGaramond.cfg
File: mt-EBGaramond.cfg 2021/10/25 v2.0 microtype config. file: EB Garamond / A
dobe Garamond (RS)
)
*geometry* driver: auto-detecting
*geometry* detected driver: luatex
*geometry* verbose mode - [ preamble ] result:
* driver: luatex
* paper: a4paper
* layout: <same size as paper>
* layoutoffset:(h,v)=(0.0pt,0.0pt)
* modes: twoside 
* h-part:(L,W,R)=(71.13188pt, 455.24411pt, 71.13188pt)
* v-part:(T,H,B)=(71.13188pt, 702.78308pt, 71.13188pt)
* \paperwidth=597.50787pt
* \paperheight=845.04684pt
* \textwidth=455.24411pt
* \textheight=702.78308pt
* \oddsidemargin=-1.1381pt
* \evensidemargin=-1.1381pt
* \topmargin=-35.5119pt
* \headheight=14.5pt
* \headsep=19.8738pt
* \topskip=12.0pt
* \footskip=30.0pt
* \marginparwidth=88.0pt
* \marginparsep=7.0pt
* \columnsep=10.0pt
* \skip\footins=10.8pt plus 4.0pt minus 2.0pt
* \hoffset=0.0pt
* \voffset=0.0pt
* \mag=1000
* \@twocolumnfalse
* \@twosidetrue
* \@mparswitchtrue
* \@reversemarginfalse
* (1in=72.27pt=25.4mm, 1cm=28.453pt)

(/usr/share/texlive/texmf-dist/tex/context/base/mkii/supp-pdf.mkii
[Loading MPS to PDF converter (version 2006.09.02).]
\scratchcounter=\count305
\scratchdimen=\dimen187
\scratchbox=\box101
\nofMPsegments=\count306
\nofMParguments=\count307
\everyMPshowfont=\toks26
\MPscratchCnt=\count308
\MPscratchDim=\dimen188
\MPnumerator=\count309
\makeMPintoPDFobject=\count310
\everyMPtoPDFconversion=\toks27
) (/usr/share/texlive/texmf-dist/tex/latex/epstopdf-pkg/epstopdf-base.sty
Package: epstopdf-base 2020-01-24 v2.11 Base part for package epstopdf
Package epstopdf-base Info: Redefining graphics rule for `.eps' on input line 4
85.

(/usr/share/texlive/texmf-dist/tex/latex/latexconfig/epstopdf-sys.cfg
File: epstopdf-sys.cfg 2010/07/13 v1.3 Configuration of (r)epstopdf for TeX Liv
e
))
Package hyperref Info: Link coloring ON on input line 91.

(./main.out) (./main.out)
\@outlinefile=\write3

\openout3 = main.out
LaTeX Font Info:    Font shape `TU/EBGaramond(0)/m/n' will be
(Font)              scaled to size 24.88pt on input line 96.
LaTeX Font Info:    Font shape `TU/EBGaramond(0)/b/n' will be
(Font)              scaled to size 24.88pt on input line 96.
LaTeX Font Info:    Font shape `TU/EBGaramond(0)/m/n' will be
(Font)              scaled to size 17.28pt on input line 97.
LaTeX Font Info:    Font shape `TU/EBGaramond(0)/m/it' will be
(Font)              scaled to size 17.28pt on input line 97.
Package microtype Info: Character `156' is missing
(microtype)             in font `TU/EBGaramond(0)/m/it/17.28'.
(microtype)             Ignoring protrusion settings for this character.
<graphics/logo.png, id=132, 885.3075pt x 296.307pt>
File: graphics/logo.png Graphic file (type png)
<use graphics/logo.png>
Package luatex.def Info: graphics/logo.png  used on input line 98.
(luatex.def)             Requested size: 455.24411pt x 152.37148pt.
LaTeX Font Info:    Font shape `TU/EBGaramond(0)/m/n' will be
(Font)              scaled to size 14.4pt on input line 100.
 [1


{/var/lib/texmf/fonts/map/pdftex/updmap/pdftex.map}<./graphics/logo.png>] [2

] (./main.toc
LaTeX Font Info:    Font shape `TU/EBGaramond(0)/b/n' will be
(Font)              scaled to size 12.0pt on input line 1.
LaTeX Font Info:    Trying to load font information for OT1+lmr on input line 5
.
 (/usr/share/texmf/tex/latex/lm/ot1lmr.fd
File: ot1lmr.fd 2015/05/01 v1.6.1 Font defs for Latin Modern
) (/usr/share/texlive/texmf-dist/tex/latex/microtype/mt-LatinModernRoman.cfg
File: mt-LatinModernRoman.cfg 2021/02/21 v1.1 microtype config. file: Latin Mod
ern Roman (RS)
)
Package microtype Info: Loading generic protrusion settings for font family
(microtype)             `lmr' (encoding: OT1).
(microtype)             For optimal results, create family-specific settings.
(microtype)             See the microtype manual for details.
LaTeX Font Info:    Trying to load font information for OML+lmm on input line 5
.

(/usr/share/texmf/tex/latex/lm/omllmm.fd
File: omllmm.fd 2015/05/01 v1.6.1 Font defs for Latin Modern
)
LaTeX Font Info:    Trying to load font information for OMS+lmsy on input line 
5.

(/usr/share/texmf/tex/latex/lm/omslmsy.fd
File: omslmsy.fd 2015/05/01 v1.6.1 Font defs for Latin Modern
)
LaTeX Font Info:    Trying to load font information for OMX+lmex on input line 
5.

(/usr/share/texmf/tex/latex/lm/omxlmex.fd
File: omxlmex.fd 2015/05/01 v1.6.1 Font defs for Latin Modern
)
LaTeX Font Info:    External font `lmex10' loaded for size
(Font)              <12> on input line 5.
LaTeX Font Info:    External font `lmex10' loaded for size
(Font)              <8> on input line 5.
LaTeX Font Info:    External font `lmex10' loaded for size
(Font)              <6> on input line 5.
 [1

])
\tf@toc=\write4

\openout4 = main.toc
 [2]
Chapter 1.
(./chapters/uvod.tex
LaTeX Font Info:    Font shape `TU/EBGaramond(0)/m/it' will be
(Font)              scaled to size 12.0pt on input line 5.
Package microtype Info: Character `156' is missing
(microtype)             in font `TU/EBGaramond(0)/m/it/12'.
(microtype)             Ignoring protrusion settings for this character.
LaTeX Font Info:    Font shape `TU/EBGaramond(0)/m/n' will be
(Font)              scaled to size 8.0pt on input line 15.
LaTeX Font Info:    Font shape `TU/EBGaramond(0)/m/n' will be
(Font)              scaled to size 10.0pt on input line 15.
LaTeX Font Info:    External font `lmex10' loaded for size
(Font)              <10> on input line 15.
LaTeX Font Info:    External font `lmex10' loaded for size
(Font)              <7> on input line 15.
LaTeX Font Info:    External font `lmex10' loaded for size
(Font)              <5> on input line 15.
LaTeX Font Info:    Font shape `TU/EBGaramond(0)/m/n' will be
(Font)              scaled to size 7.0pt on input line 15.
LaTeX Font Info:    Font shape `TU/EBGaramond(0)/b/it' will be
(Font)              scaled to size 12.0pt on input line 27.
Package microtype Info: Character `156' is missing
(microtype)             in font `TU/EBGaramond(0)/b/it/12'.
(microtype)             Ignoring protrusion settings for this character.
)
warning  (pdf backend): ignoring duplicate destination with the name 'page.1'
[1


]
Chapter 2.
(./chapters/aspekty.tex)
warning  (pdf backend): ignoring duplicate destination with the name 'page.2'
[2

]
Chapter 3.
(./chapters/akce.tex) [3

]
Chapter 4.
(./chapters/dovednosti.tex
LaTeX Font Info:    Font shape `TU/EBGaramond(0)/m/it' will be
(Font)              scaled to size 10.0pt on input line 6.
Package microtype Info: Character `156' is missing
(microtype)             in font `TU/EBGaramond(0)/m/it/10'.
(microtype)             Ignoring protrusion settings for this character.
 [4

]
LaTeX Font Info:    Font shape `TU/EBGaramond(0)/b/n' will be
(Font)              scaled to size 17.28pt on input line 31.
LaTeX Font Info:    Font shape `TU/EBGaramond(0)/b/n' will be
(Font)              scaled to size 14.4pt on input line 38.
<graphics/prekonani-ikona.png, id=217, 144.54pt x 144.54pt>
File: graphics/prekonani-ikona.png Graphic file (type png)
<use graphics/prekonani-ikona.png>
Package luatex.def Info: graphics/prekonani-ikona.png  used on input line 40.
(luatex.def)             Requested size: 42.67912pt x 42.67862pt.

Overfull \hbox (14.22638pt too wide) in paragraph at lines 40--40
[][] 
 []

Package microtype Info: Loading generic protrusion settings for font family
(microtype)             `lmtt' (encoding: TU).
(microtype)             For optimal results, create family-specific settings.
(microtype)             See the microtype manual for details.
<graphics/vytvoreni-ikona.png, id=220, 144.54pt x 144.54pt>
File: graphics/vytvoreni-ikona.png Graphic file (type png)
<use graphics/vytvoreni-ikona.png>
Package luatex.def Info: graphics/vytvoreni-ikona.png  used on input line 46.
(luatex.def)             Requested size: 42.67912pt x 42.67862pt.

Overfull \hbox (14.22638pt too wide) in paragraph at lines 46--46
[][] 
 []

<graphics/utok-ikona.png, id=221, 144.54pt x 144.54pt>
File: graphics/utok-ikona.png Graphic file (type png)
<use graphics/utok-ikona.png>
Package luatex.def Info: graphics/utok-ikona.png  used on input line 53.
(luatex.def)             Requested size: 42.67912pt x 42.67862pt.

Overfull \hbox (14.22638pt too wide) in paragraph at lines 53--53
[][] 
 []


Package wrapfig Warning: Collision between wrapping environments on input line 
59.

<graphics/obrana-ikona.png, id=222, 144.54pt x 144.54pt>
File: graphics/obrana-ikona.png Graphic file (type png)
<use graphics/obrana-ikona.png>
Package luatex.def Info: graphics/obrana-ikona.png  used on input line 59.
(luatex.def)             Requested size: 42.67912pt x 42.67862pt.

Overfull \hbox (14.22638pt too wide) in paragraph at lines 59--59
[][] 
 []


Package wrapfig Warning: Stationary wrapfigure forced to float on input line 59
.


Package wrapfig Warning: Stationary wrapfigure forced to float on input line 61
.

[5<./graphics/prekonani-ikona.png><./graphics/vytvoreni-ikona.png><./graphics/ut
ok-ikona.png>]
File: graphics/prekonani-ikona.png Graphic file (type png)
<use graphics/prekonani-ikona.png>
Package luatex.def Info: graphics/prekonani-ikona.png  used on input line 70.
(luatex.def)             Requested size: 42.67912pt x 42.67862pt.

Overfull \hbox (14.22638pt too wide) in paragraph at lines 70--70
[][] 
 []


Package wrapfig Warning: Collision between wrapping environments on input line 
76.

File: graphics/vytvoreni-ikona.png Graphic file (type png)
<use graphics/vytvoreni-ikona.png>
Package luatex.def Info: graphics/vytvoreni-ikona.png  used on input line 76.
(luatex.def)             Requested size: 42.67912pt x 42.67862pt.

Overfull \hbox (14.22638pt too wide) in paragraph at lines 76--76
[][] 
 []


Package wrapfig Warning: Stationary wrapfigure forced to float on input line 76
.


Package wrapfig Warning: Stationary wrapfigure forced to float on input line 78
.

File: graphics/utok-ikona.png Graphic file (type png)
<use graphics/utok-ikona.png>
Package luatex.def Info: graphics/utok-ikona.png  used on input line 82.
(luatex.def)             Requested size: 42.67912pt x 42.67862pt.

Overfull \hbox (14.22638pt too wide) in paragraph at lines 82--82
[][] 
 []


Package wrapfig Warning: Collision between wrapping environments on input line 
88.

File: graphics/obrana-ikona.png Graphic file (type png)
<use graphics/obrana-ikona.png>
Package luatex.def Info: graphics/obrana-ikona.png  used on input line 88.
(luatex.def)             Requested size: 42.67912pt x 42.67862pt.

Overfull \hbox (14.22638pt too wide) in paragraph at lines 88--88
[][] 
 []


Package wrapfig Warning: Stationary wrapfigure forced to float on input line 88
.


Package wrapfig Warning: Stationary wrapfigure forced to float on input line 90
.

[6<./graphics/obrana-ikona.png>]
File: graphics/prekonani-ikona.png Graphic file (type png)
<use graphics/prekonani-ikona.png>
Package luatex.def Info: graphics/prekonani-ikona.png  used on input line 101.
(luatex.def)             Requested size: 42.67912pt x 42.67862pt.

Overfull \hbox (14.22638pt too wide) in paragraph at lines 101--101
[][] 
 []


Package wrapfig Warning: Collision between wrapping environments on input line 
107.

File: graphics/vytvoreni-ikona.png Graphic file (type png)
<use graphics/vytvoreni-ikona.png>
Package luatex.def Info: graphics/vytvoreni-ikona.png  used on input line 107.
(luatex.def)             Requested size: 42.67912pt x 42.67862pt.

Overfull \hbox (14.22638pt too wide) in paragraph at lines 107--107
[][] 
 []


Package wrapfig Warning: Stationary wrapfigure forced to float on input line 10
7.


Package wrapfig Warning: Stationary wrapfigure forced to float on input line 10
9.

File: graphics/utok-ikona.png Graphic file (type png)
<use graphics/utok-ikona.png>
Package luatex.def Info: graphics/utok-ikona.png  used on input line 113.
(luatex.def)             Requested size: 42.67912pt x 42.67862pt.

Overfull \hbox (14.22638pt too wide) in paragraph at lines 113--113
[][] 
 []


Package wrapfig Warning: Collision between wrapping environments on input line 
119.

File: graphics/obrana-ikona.png Graphic file (type png)
<use graphics/obrana-ikona.png>
Package luatex.def Info: graphics/obrana-ikona.png  used on input line 119.
(luatex.def)             Requested size: 42.67912pt x 42.67862pt.

Overfull \hbox (14.22638pt too wide) in paragraph at lines 119--119
[][] 
 []


Package wrapfig Warning: Stationary wrapfigure forced to float on input line 11
9.


Package wrapfig Warning: Stationary wrapfigure forced to float on input line 12
1.

File: graphics/prekonani-ikona.png Graphic file (type png)
<use graphics/prekonani-ikona.png>
Package luatex.def Info: graphics/prekonani-ikona.png  used on input line 130.
(luatex.def)             Requested size: 42.67912pt x 42.67862pt.

Overfull \hbox (14.22638pt too wide) in paragraph at lines 130--130
[][] 
 []

File: graphics/vytvoreni-ikona.png Graphic file (type png)
<use graphics/vytvoreni-ikona.png>
Package luatex.def Info: graphics/vytvoreni-ikona.png  used on input line 136.
(luatex.def)             Requested size: 42.67912pt x 42.67862pt.

Overfull \hbox (14.22638pt too wide) in paragraph at lines 136--136
[][] 
 []

[7]
File: graphics/utok-ikona.png Graphic file (type png)
<use graphics/utok-ikona.png>
Package luatex.def Info: graphics/utok-ikona.png  used on input line 144.
(luatex.def)             Requested size: 42.67912pt x 42.67862pt.

Overfull \hbox (14.22638pt too wide) in paragraph at lines 144--144
[][] 
 []


Package wrapfig Warning: Collision between wrapping environments on input line 
150.

File: graphics/obrana-ikona.png Graphic file (type png)
<use graphics/obrana-ikona.png>
Package luatex.def Info: graphics/obrana-ikona.png  used on input line 150.
(luatex.def)             Requested size: 42.67912pt x 42.67862pt.

Overfull \hbox (14.22638pt too wide) in paragraph at lines 150--150
[][] 
 []


Package wrapfig Warning: Stationary wrapfigure forced to float on input line 15
0.


Package wrapfig Warning: Stationary wrapfigure forced to float on input line 15
2.

File: graphics/prekonani-ikona.png Graphic file (type png)
<use graphics/prekonani-ikona.png>
Package luatex.def Info: graphics/prekonani-ikona.png  used on input line 161.
(luatex.def)             Requested size: 42.67912pt x 42.67862pt.

Overfull \hbox (14.22638pt too wide) in paragraph at lines 161--161
[][] 
 []

File: graphics/vytvoreni-ikona.png Graphic file (type png)
<use graphics/vytvoreni-ikona.png>
Package luatex.def Info: graphics/vytvoreni-ikona.png  used on input line 167.
(luatex.def)             Requested size: 42.67912pt x 42.67862pt.

Overfull \hbox (14.22638pt too wide) in paragraph at lines 167--167
[][] 
 []


Package wrapfig Warning: Collision between wrapping environments on input line 
173.

File: graphics/utok-ikona.png Graphic file (type png)
<use graphics/utok-ikona.png>
Package luatex.def Info: graphics/utok-ikona.png  used on input line 173.
(luatex.def)             Requested size: 42.67912pt x 42.67862pt.

Overfull \hbox (14.22638pt too wide) in paragraph at lines 173--173
[][] 
 []


Package wrapfig Warning: Stationary wrapfigure forced to float on input line 17
3.


Package wrapfig Warning: Stationary wrapfigure forced to float on input line 17
5.

[8]
File: graphics/obrana-ikona.png Graphic file (type png)
<use graphics/obrana-ikona.png>
Package luatex.def Info: graphics/obrana-ikona.png  used on input line 179.
(luatex.def)             Requested size: 42.67912pt x 42.67862pt.

Overfull \hbox (14.22638pt too wide) in paragraph at lines 179--179
[][] 
 []

File: graphics/prekonani-ikona.png Graphic file (type png)
<use graphics/prekonani-ikona.png>
Package luatex.def Info: graphics/prekonani-ikona.png  used on input line 191.
(luatex.def)             Requested size: 42.67912pt x 42.67862pt.

Overfull \hbox (14.22638pt too wide) in paragraph at lines 191--191
[][] 
 []

File: graphics/vytvoreni-ikona.png Graphic file (type png)
<use graphics/vytvoreni-ikona.png>
Package luatex.def Info: graphics/vytvoreni-ikona.png  used on input line 197.
(luatex.def)             Requested size: 42.67912pt x 42.67862pt.

Overfull \hbox (14.22638pt too wide) in paragraph at lines 197--197
[][] 
 []

File: graphics/utok-ikona.png Graphic file (type png)
<use graphics/utok-ikona.png>
Package luatex.def Info: graphics/utok-ikona.png  used on input line 205.
(luatex.def)             Requested size: 42.67912pt x 42.67862pt.

Overfull \hbox (14.22638pt too wide) in paragraph at lines 205--205
[][] 
 []

[9]

Package wrapfig Warning: Collision between wrapping environments on input line 
211.

File: graphics/obrana-ikona.png Graphic file (type png)
<use graphics/obrana-ikona.png>
Package luatex.def Info: graphics/obrana-ikona.png  used on input line 211.
(luatex.def)             Requested size: 42.67912pt x 42.67862pt.

Overfull \hbox (14.22638pt too wide) in paragraph at lines 211--211
[][] 
 []


Package wrapfig Warning: Stationary wrapfigure forced to float on input line 21
1.


Package wrapfig Warning: Stationary wrapfigure forced to float on input line 21
3.

File: graphics/prekonani-ikona.png Graphic file (type png)
<use graphics/prekonani-ikona.png>
Package luatex.def Info: graphics/prekonani-ikona.png  used on input line 222.
(luatex.def)             Requested size: 42.67912pt x 42.67862pt.

Overfull \hbox (14.22638pt too wide) in paragraph at lines 222--222
[][] 
 []


Package wrapfig Warning: Collision between wrapping environments on input line 
228.

File: graphics/vytvoreni-ikona.png Graphic file (type png)
<use graphics/vytvoreni-ikona.png>
Package luatex.def Info: graphics/vytvoreni-ikona.png  used on input line 228.
(luatex.def)             Requested size: 42.67912pt x 42.67862pt.

Overfull \hbox (14.22638pt too wide) in paragraph at lines 228--228
[][] 
 []


Package wrapfig Warning: Stationary wrapfigure forced to float on input line 22
8.


Package wrapfig Warning: Stationary wrapfigure forced to float on input line 23
0.

File: graphics/utok-ikona.png Graphic file (type png)
<use graphics/utok-ikona.png>
Package luatex.def Info: graphics/utok-ikona.png  used on input line 234.
(luatex.def)             Requested size: 42.67912pt x 42.67862pt.

Overfull \hbox (14.22638pt too wide) in paragraph at lines 234--234
[][] 
 []


Package wrapfig Warning: Collision between wrapping environments on input line 
240.

File: graphics/obrana-ikona.png Graphic file (type png)
<use graphics/obrana-ikona.png>
Package luatex.def Info: graphics/obrana-ikona.png  used on input line 240.
(luatex.def)             Requested size: 42.67912pt x 42.67862pt.

Overfull \hbox (14.22638pt too wide) in paragraph at lines 240--240
[][] 
 []


Package wrapfig Warning: Stationary wrapfigure forced to float on input line 24
0.


Package wrapfig Warning: Stationary wrapfigure forced to float on input line 24
2.

[10]
File: graphics/prekonani-ikona.png Graphic file (type png)
<use graphics/prekonani-ikona.png>
Package luatex.def Info: graphics/prekonani-ikona.png  used on input line 251.
(luatex.def)             Requested size: 42.67912pt x 42.67862pt.

Overfull \hbox (14.22638pt too wide) in paragraph at lines 251--251
[][] 
 []


Overfull \hbox (0.51184pt too wide) in paragraph at lines 253--254
[]\TU/EBGaramond(0)/m/n/12 Typ-ickým využitím \TU/EBGaramond(0)/m/it/12 Kon-t
aktů \TU/EBGaramond(0)/m/n/12 při akci \TU/lmtt/m/n/12 Překonání \TU/EBGar
amond(0)/m/n/12 je naleznutí hledané postavy/společnosti
 []

File: graphics/vytvoreni-ikona.png Graphic file (type png)
<use graphics/vytvoreni-ikona.png>
Package luatex.def Info: graphics/vytvoreni-ikona.png  used on input line 257.
(luatex.def)             Requested size: 42.67912pt x 42.67862pt.

Overfull \hbox (14.22638pt too wide) in paragraph at lines 257--257
[][] 
 []

File: graphics/utok-ikona.png Graphic file (type png)
<use graphics/utok-ikona.png>
Package luatex.def Info: graphics/utok-ikona.png  used on input line 264.
(luatex.def)             Requested size: 42.67912pt x 42.67862pt.

Overfull \hbox (14.22638pt too wide) in paragraph at lines 264--264
[][] 
 []


Package wrapfig Warning: Collision between wrapping environments on input line 
270.

File: graphics/obrana-ikona.png Graphic file (type png)
<use graphics/obrana-ikona.png>
Package luatex.def Info: graphics/obrana-ikona.png  used on input line 270.
(luatex.def)             Requested size: 42.67912pt x 42.67862pt.

Overfull \hbox (14.22638pt too wide) in paragraph at lines 270--270
[][] 
 []


Package wrapfig Warning: Stationary wrapfigure forced to float on input line 27
0.


Package wrapfig Warning: Stationary wrapfigure forced to float on input line 27
2.

File: graphics/prekonani-ikona.png Graphic file (type png)
<use graphics/prekonani-ikona.png>
Package luatex.def Info: graphics/prekonani-ikona.png  used on input line 280.
(luatex.def)             Requested size: 42.67912pt x 42.67862pt.

Overfull \hbox (14.22638pt too wide) in paragraph at lines 280--280
[][] 
 []


Package wrapfig Warning: Collision between wrapping environments on input line 
284.

File: graphics/vytvoreni-ikona.png Graphic file (type png)
<use graphics/vytvoreni-ikona.png>
Package luatex.def Info: graphics/vytvoreni-ikona.png  used on input line 284.
(luatex.def)             Requested size: 42.67912pt x 42.67862pt.

Overfull \hbox (14.22638pt too wide) in paragraph at lines 284--284
[][] 
 []


Package wrapfig Warning: Stationary wrapfigure forced to float on input line 28
4.


Package wrapfig Warning: Stationary wrapfigure forced to float on input line 28
6.


Package wrapfig Warning: Collision between wrapping environments on input line 
288.

File: graphics/utok-ikona.png Graphic file (type png)
<use graphics/utok-ikona.png>
Package luatex.def Info: graphics/utok-ikona.png  used on input line 288.
(luatex.def)             Requested size: 42.67912pt x 42.67862pt.

Overfull \hbox (14.22638pt too wide) in paragraph at lines 288--288
[][] 
 []

[11]

Package wrapfig Warning: Stationary wrapfigure forced to float on input line 28
8.

File: graphics/obrana-ikona.png Graphic file (type png)
<use graphics/obrana-ikona.png>
Package luatex.def Info: graphics/obrana-ikona.png  used on input line 292.
(luatex.def)             Requested size: 42.67912pt x 42.67862pt.

Overfull \hbox (14.22638pt too wide) in paragraph at lines 292--292
[][] 
 []


Package wrapfig Warning: Collision between wrapping environments on input line 
299.

File: graphics/prekonani-ikona.png Graphic file (type png)
<use graphics/prekonani-ikona.png>
Package luatex.def Info: graphics/prekonani-ikona.png  used on input line 299.
(luatex.def)             Requested size: 42.67912pt x 42.67862pt.

Overfull \hbox (14.22638pt too wide) in paragraph at lines 299--299
[][] 
 []


Package wrapfig Warning: Stationary wrapfigure forced to float on input line 29
9.


Package wrapfig Warning: Stationary wrapfigure forced to float on input line 30
1.


Package wrapfig Warning: Collision between wrapping environments on input line 
303.

File: graphics/vytvoreni-ikona.png Graphic file (type png)
<use graphics/vytvoreni-ikona.png>
Package luatex.def Info: graphics/vytvoreni-ikona.png  used on input line 303.
(luatex.def)             Requested size: 42.67912pt x 42.67862pt.

Overfull \hbox (14.22638pt too wide) in paragraph at lines 303--303
[][] 
 []


Package wrapfig Warning: Stationary wrapfigure forced to float on input line 30
3.

File: graphics/utok-ikona.png Graphic file (type png)
<use graphics/utok-ikona.png>
Package luatex.def Info: graphics/utok-ikona.png  used on input line 307.
(luatex.def)             Requested size: 42.67912pt x 42.67862pt.

Overfull \hbox (14.22638pt too wide) in paragraph at lines 307--307
[][] 
 []


Package wrapfig Warning: Collision between wrapping environments on input line 
311.

File: graphics/obrana-ikona.png Graphic file (type png)
<use graphics/obrana-ikona.png>
Package luatex.def Info: graphics/obrana-ikona.png  used on input line 311.
(luatex.def)             Requested size: 42.67912pt x 42.67862pt.

Overfull \hbox (14.22638pt too wide) in paragraph at lines 311--311
[][] 
 []


Package wrapfig Warning: Stationary wrapfigure forced to float on input line 31
1.


Package wrapfig Warning: Stationary wrapfigure forced to float on input line 31
3.


Package wrapfig Warning: Stationary wrapfigure forced to float on input line 31
6.


Package wrapfig Warning: Collision between wrapping environments on input line 
318.

File: graphics/prekonani-ikona.png Graphic file (type png)
<use graphics/prekonani-ikona.png>
Package luatex.def Info: graphics/prekonani-ikona.png  used on input line 318.
(luatex.def)             Requested size: 42.67912pt x 42.67862pt.

Overfull \hbox (14.22638pt too wide) in paragraph at lines 318--318
[][] 
 []


Package wrapfig Warning: Stationary wrapfigure forced to float on input line 31
8.

File: graphics/vytvoreni-ikona.png Graphic file (type png)
<use graphics/vytvoreni-ikona.png>
Package luatex.def Info: graphics/vytvoreni-ikona.png  used on input line 322.
(luatex.def)             Requested size: 42.67912pt x 42.67862pt.

Overfull \hbox (14.22638pt too wide) in paragraph at lines 322--322
[][] 
 []


Package wrapfig Warning: Collision between wrapping environments on input line 
326.

File: graphics/utok-ikona.png Graphic file (type png)
<use graphics/utok-ikona.png>
Package luatex.def Info: graphics/utok-ikona.png  used on input line 326.
(luatex.def)             Requested size: 42.67912pt x 42.67862pt.

Overfull \hbox (14.22638pt too wide) in paragraph at lines 326--326
[][] 
 []


Package wrapfig Warning: Stationary wrapfigure forced to float on input line 32
6.


Package wrapfig Warning: Stationary wrapfigure forced to float on input line 32
8.


Package wrapfig Warning: Collision between wrapping environments on input line 
330.

File: graphics/obrana-ikona.png Graphic file (type png)
<use graphics/obrana-ikona.png>
Package luatex.def Info: graphics/obrana-ikona.png  used on input line 330.
(luatex.def)             Requested size: 42.67912pt x 42.67862pt.

Overfull \hbox (14.22638pt too wide) in paragraph at lines 330--330
[][] 
 []


Package wrapfig Warning: Stationary wrapfigure forced to float on input line 33
0.

[12]
File: graphics/prekonani-ikona.png Graphic file (type png)
<use graphics/prekonani-ikona.png>
Package luatex.def Info: graphics/prekonani-ikona.png  used on input line 337.
(luatex.def)             Requested size: 42.67912pt x 42.67862pt.

Overfull \hbox (14.22638pt too wide) in paragraph at lines 337--337
[][] 
 []


Package wrapfig Warning: Collision between wrapping environments on input line 
341.

File: graphics/vytvoreni-ikona.png Graphic file (type png)
<use graphics/vytvoreni-ikona.png>
Package luatex.def Info: graphics/vytvoreni-ikona.png  used on input line 341.
(luatex.def)             Requested size: 42.67912pt x 42.67862pt.

Overfull \hbox (14.22638pt too wide) in paragraph at lines 341--341
[][] 
 []


Package wrapfig Warning: Stationary wrapfigure forced to float on input line 34
1.


Package wrapfig Warning: Stationary wrapfigure forced to float on input line 34
3.


Package wrapfig Warning: Collision between wrapping environments on input line 
345.

File: graphics/utok-ikona.png Graphic file (type png)
<use graphics/utok-ikona.png>
Package luatex.def Info: graphics/utok-ikona.png  used on input line 345.
(luatex.def)             Requested size: 42.67912pt x 42.67862pt.

Overfull \hbox (14.22638pt too wide) in paragraph at lines 345--345
[][] 
 []


Package wrapfig Warning: Stationary wrapfigure forced to float on input line 34
5.

File: graphics/obrana-ikona.png Graphic file (type png)
<use graphics/obrana-ikona.png>
Package luatex.def Info: graphics/obrana-ikona.png  used on input line 349.
(luatex.def)             Requested size: 42.67912pt x 42.67862pt.

Overfull \hbox (14.22638pt too wide) in paragraph at lines 349--349
[][] 
 []


Package wrapfig Warning: Collision between wrapping environments on input line 
356.

File: graphics/prekonani-ikona.png Graphic file (type png)
<use graphics/prekonani-ikona.png>
Package luatex.def Info: graphics/prekonani-ikona.png  used on input line 356.
(luatex.def)             Requested size: 42.67912pt x 42.67862pt.

Overfull \hbox (14.22638pt too wide) in paragraph at lines 356--356
[][] 
 []


Package wrapfig Warning: Stationary wrapfigure forced to float on input line 35
6.


Package wrapfig Warning: Stationary wrapfigure forced to float on input line 35
8.


Package wrapfig Warning: Collision between wrapping environments on input line 
360.

File: graphics/vytvoreni-ikona.png Graphic file (type png)
<use graphics/vytvoreni-ikona.png>
Package luatex.def Info: graphics/vytvoreni-ikona.png  used on input line 360.
(luatex.def)             Requested size: 42.67912pt x 42.67862pt.

Overfull \hbox (14.22638pt too wide) in paragraph at lines 360--360
[][] 
 []


Package wrapfig Warning: Stationary wrapfigure forced to float on input line 36
0.

File: graphics/utok-ikona.png Graphic file (type png)
<use graphics/utok-ikona.png>
Package luatex.def Info: graphics/utok-ikona.png  used on input line 364.
(luatex.def)             Requested size: 42.67912pt x 42.67862pt.

Overfull \hbox (14.22638pt too wide) in paragraph at lines 364--364
[][] 
 []


Package wrapfig Warning: Collision between wrapping environments on input line 
368.

File: graphics/obrana-ikona.png Graphic file (type png)
<use graphics/obrana-ikona.png>
Package luatex.def Info: graphics/obrana-ikona.png  used on input line 368.
(luatex.def)             Requested size: 42.67912pt x 42.67862pt.

Overfull \hbox (14.22638pt too wide) in paragraph at lines 368--368
[][] 
 []


Package wrapfig Warning: Stationary wrapfigure forced to float on input line 36
8.


Package wrapfig Warning: Stationary wrapfigure forced to float on input line 37
0.


Package wrapfig Warning: Stationary wrapfigure forced to float on input line 37
3.


Package wrapfig Warning: Collision between wrapping environments on input line 
375.

File: graphics/prekonani-ikona.png Graphic file (type png)
<use graphics/prekonani-ikona.png>
Package luatex.def Info: graphics/prekonani-ikona.png  used on input line 375.
(luatex.def)             Requested size: 42.67912pt x 42.67862pt.

Overfull \hbox (14.22638pt too wide) in paragraph at lines 375--375
[][] 
 []

[13]

Package wrapfig Warning: Stationary wrapfigure forced to float on input line 37
5.

File: graphics/vytvoreni-ikona.png Graphic file (type png)
<use graphics/vytvoreni-ikona.png>
Package luatex.def Info: graphics/vytvoreni-ikona.png  used on input line 379.
(luatex.def)             Requested size: 42.67912pt x 42.67862pt.

Overfull \hbox (14.22638pt too wide) in paragraph at lines 379--379
[][] 
 []


Package wrapfig Warning: Collision between wrapping environments on input line 
383.

File: graphics/utok-ikona.png Graphic file (type png)
<use graphics/utok-ikona.png>
Package luatex.def Info: graphics/utok-ikona.png  used on input line 383.
(luatex.def)             Requested size: 42.67912pt x 42.67862pt.

Overfull \hbox (14.22638pt too wide) in paragraph at lines 383--383
[][] 
 []


Package wrapfig Warning: Stationary wrapfigure forced to float on input line 38
3.


Package wrapfig Warning: Stationary wrapfigure forced to float on input line 38
5.


Package wrapfig Warning: Stationary wrapfigure forced to float on input line 38
8.


Package wrapfig Warning: Stationary wrapfigure forced to float on input line 39
1.


Package wrapfig Warning: Collision between wrapping environments on input line 
393.

File: graphics/prekonani-ikona.png Graphic file (type png)
<use graphics/prekonani-ikona.png>
Package luatex.def Info: graphics/prekonani-ikona.png  used on input line 393.
(luatex.def)             Requested size: 42.67912pt x 42.67862pt.

Overfull \hbox (14.22638pt too wide) in paragraph at lines 393--393
[][] 
 []


Package wrapfig Warning: Stationary wrapfigure forced to float on input line 39
3.

File: graphics/vytvoreni-ikona.png Graphic file (type png)
<use graphics/vytvoreni-ikona.png>
Package luatex.def Info: graphics/vytvoreni-ikona.png  used on input line 397.
(luatex.def)             Requested size: 42.67912pt x 42.67862pt.

Overfull \hbox (14.22638pt too wide) in paragraph at lines 397--397
[][] 
 []


Package wrapfig Warning: Collision between wrapping environments on input line 
401.

File: graphics/utok-ikona.png Graphic file (type png)
<use graphics/utok-ikona.png>
Package luatex.def Info: graphics/utok-ikona.png  used on input line 401.
(luatex.def)             Requested size: 42.67912pt x 42.67862pt.

Overfull \hbox (14.22638pt too wide) in paragraph at lines 401--401
[][] 
 []


Package wrapfig Warning: Stationary wrapfigure forced to float on input line 40
1.


Package wrapfig Warning: Stationary wrapfigure forced to float on input line 40
3.


Package wrapfig Warning: Collision between wrapping environments on input line 
405.

File: graphics/obrana-ikona.png Graphic file (type png)
<use graphics/obrana-ikona.png>
Package luatex.def Info: graphics/obrana-ikona.png  used on input line 405.
(luatex.def)             Requested size: 42.67912pt x 42.67862pt.

Overfull \hbox (14.22638pt too wide) in paragraph at lines 405--405
[][] 
 []


Package wrapfig Warning: Stationary wrapfigure forced to float on input line 40
5.

File: graphics/prekonani-ikona.png Graphic file (type png)
<use graphics/prekonani-ikona.png>
Package luatex.def Info: graphics/prekonani-ikona.png  used on input line 412.
(luatex.def)             Requested size: 42.67912pt x 42.67862pt.

Overfull \hbox (14.22638pt too wide) in paragraph at lines 412--412
[][] 
 []


Package wrapfig Warning: Collision between wrapping environments on input line 
416.

File: graphics/vytvoreni-ikona.png Graphic file (type png)
<use graphics/vytvoreni-ikona.png>
Package luatex.def Info: graphics/vytvoreni-ikona.png  used on input line 416.
(luatex.def)             Requested size: 42.67912pt x 42.67862pt.

Overfull \hbox (14.22638pt too wide) in paragraph at lines 416--416
[][] 
 []


Package wrapfig Warning: Stationary wrapfigure forced to float on input line 41
6.


Package wrapfig Warning: Stationary wrapfigure forced to float on input line 41
8.


Package wrapfig Warning: Collision between wrapping environments on input line 
420.

File: graphics/utok-ikona.png Graphic file (type png)
<use graphics/utok-ikona.png>
Package luatex.def Info: graphics/utok-ikona.png  used on input line 420.
(luatex.def)             Requested size: 42.67912pt x 42.67862pt.

Overfull \hbox (14.22638pt too wide) in paragraph at lines 420--420
[][] 
 []

[14]

Package wrapfig Warning: Stationary wrapfigure forced to float on input line 42
0.

File: graphics/obrana-ikona.png Graphic file (type png)
<use graphics/obrana-ikona.png>
Package luatex.def Info: graphics/obrana-ikona.png  used on input line 424.
(luatex.def)             Requested size: 42.67912pt x 42.67862pt.

Overfull \hbox (14.22638pt too wide) in paragraph at lines 424--424
[][] 
 []


Package wrapfig Warning: Collision between wrapping environments on input line 
431.

File: graphics/prekonani-ikona.png Graphic file (type png)
<use graphics/prekonani-ikona.png>
Package luatex.def Info: graphics/prekonani-ikona.png  used on input line 431.
(luatex.def)             Requested size: 42.67912pt x 42.67862pt.

Overfull \hbox (14.22638pt too wide) in paragraph at lines 431--431
[][] 
 []


Package wrapfig Warning: Stationary wrapfigure forced to float on input line 43
1.


Package wrapfig Warning: Stationary wrapfigure forced to float on input line 43
3.


Package wrapfig Warning: Collision between wrapping environments on input line 
435.

File: graphics/vytvoreni-ikona.png Graphic file (type png)
<use graphics/vytvoreni-ikona.png>
Package luatex.def Info: graphics/vytvoreni-ikona.png  used on input line 435.
(luatex.def)             Requested size: 42.67912pt x 42.67862pt.

Overfull \hbox (14.22638pt too wide) in paragraph at lines 435--435
[][] 
 []


Package wrapfig Warning: Stationary wrapfigure forced to float on input line 43
5.

File: graphics/utok-ikona.png Graphic file (type png)
<use graphics/utok-ikona.png>
Package luatex.def Info: graphics/utok-ikona.png  used on input line 439.
(luatex.def)             Requested size: 42.67912pt x 42.67862pt.

Overfull \hbox (14.22638pt too wide) in paragraph at lines 439--439
[][] 
 []


Package wrapfig Warning: Collision between wrapping environments on input line 
443.

File: graphics/obrana-ikona.png Graphic file (type png)
<use graphics/obrana-ikona.png>
Package luatex.def Info: graphics/obrana-ikona.png  used on input line 443.
(luatex.def)             Requested size: 42.67912pt x 42.67862pt.

Overfull \hbox (14.22638pt too wide) in paragraph at lines 443--443
[][] 
 []


Package wrapfig Warning: Stationary wrapfigure forced to float on input line 44
3.


Package wrapfig Warning: Stationary wrapfigure forced to float on input line 44
5.


Package wrapfig Warning: Stationary wrapfigure forced to float on input line 44
8.


Package wrapfig Warning: Collision between wrapping environments on input line 
450.

File: graphics/prekonani-ikona.png Graphic file (type png)
<use graphics/prekonani-ikona.png>
Package luatex.def Info: graphics/prekonani-ikona.png  used on input line 450.
(luatex.def)             Requested size: 42.67912pt x 42.67862pt.

Overfull \hbox (14.22638pt too wide) in paragraph at lines 450--450
[][] 
 []


Package wrapfig Warning: Stationary wrapfigure forced to float on input line 45
0.

File: graphics/vytvoreni-ikona.png Graphic file (type png)
<use graphics/vytvoreni-ikona.png>
Package luatex.def Info: graphics/vytvoreni-ikona.png  used on input line 454.
(luatex.def)             Requested size: 42.67912pt x 42.67862pt.

Overfull \hbox (14.22638pt too wide) in paragraph at lines 454--454
[][] 
 []


Package wrapfig Warning: Collision between wrapping environments on input line 
458.

File: graphics/utok-ikona.png Graphic file (type png)
<use graphics/utok-ikona.png>
Package luatex.def Info: graphics/utok-ikona.png  used on input line 458.
(luatex.def)             Requested size: 42.67912pt x 42.67862pt.

Overfull \hbox (14.22638pt too wide) in paragraph at lines 458--458
[][] 
 []


Package wrapfig Warning: Stationary wrapfigure forced to float on input line 45
8.


Package wrapfig Warning: Stationary wrapfigure forced to float on input line 46
0.


Package wrapfig Warning: Collision between wrapping environments on input line 
462.

File: graphics/obrana-ikona.png Graphic file (type png)
<use graphics/obrana-ikona.png>
Package luatex.def Info: graphics/obrana-ikona.png  used on input line 462.
(luatex.def)             Requested size: 42.67912pt x 42.67862pt.

Overfull \hbox (14.22638pt too wide) in paragraph at lines 462--462
[][] 
 []


Package wrapfig Warning: Stationary wrapfigure forced to float on input line 46
2.

[15]
File: graphics/prekonani-ikona.png Graphic file (type png)
<use graphics/prekonani-ikona.png>
Package luatex.def Info: graphics/prekonani-ikona.png  used on input line 469.
(luatex.def)             Requested size: 42.67912pt x 42.67862pt.

Overfull \hbox (14.22638pt too wide) in paragraph at lines 469--469
[][] 
 []


Package wrapfig Warning: Collision between wrapping environments on input line 
473.

File: graphics/vytvoreni-ikona.png Graphic file (type png)
<use graphics/vytvoreni-ikona.png>
Package luatex.def Info: graphics/vytvoreni-ikona.png  used on input line 473.
(luatex.def)             Requested size: 42.67912pt x 42.67862pt.

Overfull \hbox (14.22638pt too wide) in paragraph at lines 473--473
[][] 
 []


Package wrapfig Warning: Stationary wrapfigure forced to float on input line 47
3.


Package wrapfig Warning: Stationary wrapfigure forced to float on input line 47
5.


Package wrapfig Warning: Collision between wrapping environments on input line 
477.

File: graphics/utok-ikona.png Graphic file (type png)
<use graphics/utok-ikona.png>
Package luatex.def Info: graphics/utok-ikona.png  used on input line 477.
(luatex.def)             Requested size: 42.67912pt x 42.67862pt.

Overfull \hbox (14.22638pt too wide) in paragraph at lines 477--477
[][] 
 []


Package wrapfig Warning: Stationary wrapfigure forced to float on input line 47
7.

File: graphics/obrana-ikona.png Graphic file (type png)
<use graphics/obrana-ikona.png>
Package luatex.def Info: graphics/obrana-ikona.png  used on input line 481.
(luatex.def)             Requested size: 42.67912pt x 42.67862pt.

Overfull \hbox (14.22638pt too wide) in paragraph at lines 481--481
[][] 
 []

) [16]
Chapter 5.
(./chapters/triky.tex) [17

]
Chapter 6.
(./chapters/jdesenavec.tex) [18

]
Chapter 7.
(./chapters/speciality.tex) [19

]
Chapter 8.
(./chapters/postup.tex) [20

] (./main.aux)
 ***********
LaTeX2e <2023-11-01> patch level 1
L3 programming layer <2024-01-22>
 ***********
Package rerunfilecheck Info: File `main.out' has not changed.
(rerunfilecheck)             Checksum: 370EDDF4D84B96004E7EE1BB7A1DB31F;3136.
)

Here is how much of LuaTeX's memory you used:
 17410 strings out of 476553
 125086,1977958 words of node,token memory allocated
 556 words of node memory still in use:
   4 hlist, 1 vlist, 1 rule, 1 local_par, 9 glue, 3 kern, 1 penalty, 3 glyph, 10
 attribute, 57 glue_spec, 10 attribute_list, 1 write nodes
   avail lists: 1:12,2:866,3:352,4:243,5:556,6:104,7:5695,8:7,9:515,10:16,11:340

 37457 multiletter control sequences out of 65536+600000
 60 fonts using 13093823 bytes
 79i,12n,114p,1318b,654s stack positions out of 10000i,1000n,20000p,200000b,200000s
</usr/share/texmf/fonts/opentype/public/lm/lmmono10-regular.otf></usr/share/texm
f/fonts/opentype/public/lm/lmmono12-regular.otf></usr/share/texlive/texmf-dist/f
onts/opentype/public/ebgaramond/EBGaramond-BoldItalic.otf>{/usr/share/texmf/font
s/enc/dvips/lm/lm-mathsy.enc}</usr/share/texlive/texmf-dist/fonts/opentype/publi
c/ebgaramond/EBGaramond-Italic.otf></usr/share/texlive/texmf-dist/fonts/opentype
/public/ebgaramond/EBGaramond-Regular.otf></usr/share/texlive/texmf-dist/fonts/o
pentype/public/ebgaramond/EBGaramond-Bold.otf></usr/share/texmf/fonts/type1/publ
ic/lm/lmsy10.pfb>
Output written on main.pdf (24 pages, 1254076 bytes).

PDF statistics: 353 PDF objects out of 1000 (max. 8388607)
 296 compressed objects within 3 object streams
 61 named destinations out of 1000 (max. 131072)
 257 words of extra memory for PDF output out of 10000 (max. 100000000)

