\BOOKMARK [0][-]{chapter.1}{\376\377\000\332\000v\000o\000d}{}% 1
\BOOKMARK [1][-]{section.1.1}{\376\377\000P\000r\000o\001\015\000\040\000v\000z\000n\000i\000k\000a\000j\000\355\000\040\000t\000a\000t\000o\000\040\000p\000r\000a\000v\000i\000d\000l\000a}{chapter.1}% 2
\BOOKMARK [1][-]{section.1.2}{\376\377\000S\000m\000y\000s\000l\000\040\000h\000r\000a\000n\000\355\000\040\000a\000n\000e\000b\000\040\000k\000d\000y\000\040\000p\000o\000u\001\176\000\355\000v\000a\000t\000\040\000m\000e\000c\000h\000a\000n\000i\000k\000u}{chapter.1}% 3
\BOOKMARK [1][-]{section.1.3}{\376\377\000S\000l\000o\000v\000n\000\355\000k\000\040\000p\000o\000j\000m\001\157\000\040\000a\000\040\000z\000n\000a\001\015\000e\000n\000\355}{chapter.1}% 4
\BOOKMARK [0][-]{chapter.2}{\376\377\000A\000s\000p\000e\000k\000t\000y\000\040\000a\000\040\000b\000o\000d\000y\000\040\000o\000s\000u\000d\000u}{}% 5
\BOOKMARK [1][-]{section.2.1}{\376\377\000A\000s\000p\000e\000k\000t\000y\000,\000\040\000n\000a\000r\000a\000t\000i\000v\000\040\000a\000\040\000p\001\131\000\355\000b\001\033\000h\000o\000v\000\341\000\040\000p\000r\000a\000v\000o\000m\000o\000c}{chapter.2}% 6
\BOOKMARK [2][-]{subsection.2.1.1}{\376\377\000J\000a\000k\000\040\000v\000y\000p\000a\000d\000\341\000\040\000d\000o\000b\000r\000\375\000\040\000a\000s\000p\000e\000k\000t}{section.2.1}% 7
\BOOKMARK [1][-]{section.2.2}{\376\377\000B\000o\000d\000y\000\040\000o\000s\000u\000d\000u\000\040\000a\000\040\000o\000b\000n\000o\000v\000a}{chapter.2}% 8
\BOOKMARK [2][-]{subsection.2.2.1}{\376\377\000V\000y\000v\000o\000l\000\341\000n\000\355\000\040\000a\000s\000p\000e\000k\000t\000u}{section.2.2}% 9
\BOOKMARK [2][-]{subsection.2.2.2}{\376\377\000V\000y\000n\000u\000c\000o\000v\000\341\000n\000\355\000\040\000a\000s\000p\000e\000k\000t\001\157}{section.2.2}% 10
\BOOKMARK [0][-]{chapter.3}{\376\377\000A\000k\000c\000e\000\040\000a\000\040\000v\000\375\000s\000l\000e\000d\000k\000y}{}% 11
\BOOKMARK [1][-]{section.3.1}{\376\377\001\014\000t\000y\001\131\000i\000\040\000a\000k\000c\000e}{chapter.3}% 12
\BOOKMARK [1][-]{section.3.2}{\376\377\001\014\000t\000y\001\131\000i\000\040\000v\000\375\000s\000l\000e\000d\000k\000y}{chapter.3}% 13
\BOOKMARK [2][-]{subsection.3.2.1}{\376\377\000\332\000s\000p\001\033\000c\000h}{section.3.2}% 14
\BOOKMARK [2][-]{subsection.3.2.2}{\376\377\000\332\000s\000p\001\033\000c\000h\000\040\000s\000e\000\040\000s\000t\000y\000l\000e\000m}{section.3.2}% 15
\BOOKMARK [2][-]{subsection.3.2.3}{\376\377\000R\000e\000m\000\355\000z\000a}{section.3.2}% 16
\BOOKMARK [2][-]{subsection.3.2.4}{\376\377\000N\000e\000\372\000s\000p\001\033\000c\000h}{section.3.2}% 17
\BOOKMARK [0][-]{chapter.4}{\376\377\000Z\000\341\000k\000l\000a\000d\000n\000\355\000\040\000d\000o\000v\000e\000d\000n\000o\000s\000t\000i}{}% 18
\BOOKMARK [1][-]{subsection.4.0.1}{\376\377\000S\000e\000z\000n\000a\000m\000\040\000z\000\341\000k\000l\000a\000d\000n\000\355\000c\000h\000\040\000d\000o\000v\000e\000d\000n\000o\000s\000t\000\355}{chapter.4}% 19
\BOOKMARK [1][-]{section.4.1}{\376\377\000B\000o\000j\000\040\000b\000e\000z\000e\000\040\000z\000b\000r\000a\000n\001\033}{chapter.4}% 20
\BOOKMARK [1][-]{section.4.2}{\376\377\000B\000o\000j\000\040\000n\000a\000\040\000d\000\341\000l\000k\000u}{chapter.4}% 21
\BOOKMARK [1][-]{section.4.3}{\376\377\000B\000o\000j\000\040\000s\000e\000\040\000z\000b\000r\000a\000n\000\355}{chapter.4}% 22
\BOOKMARK [1][-]{section.4.4}{\376\377\000E\000m\000p\000a\000t\000i\000e}{chapter.4}% 23
\BOOKMARK [1][-]{section.4.5}{\376\377\000J\000e\000z\000d\000e\000c\000t\000v\000\355}{chapter.4}% 24
\BOOKMARK [1][-]{section.4.6}{\376\377\000K\000l\000a\000m}{chapter.4}% 25
\BOOKMARK [1][-]{section.4.7}{\376\377\000K\000o\000n\000d\000i\000c\000e}{chapter.4}% 26
\BOOKMARK [1][-]{section.4.8}{\376\377\000K\000o\000n\000t\000a\000k\000t\000y}{chapter.4}% 27
\BOOKMARK [1][-]{section.4.9}{\376\377\000M\000e\000d\000i\000c\000\355\000n\000a}{chapter.4}% 28
\BOOKMARK [1][-]{section.4.10}{\376\377\000M\000o\000b\000i\000l\000i\000t\000a}{chapter.4}% 29
\BOOKMARK [1][-]{section.4.11}{\376\377\000P\000o\000z\000o\000r\000n\000o\000s\000t}{chapter.4}% 30
\BOOKMARK [1][-]{section.4.12}{\376\377\000P\000r\000o\000v\000o\000k\000a\000c\000e}{chapter.4}% 31
\BOOKMARK [1][-]{section.4.13}{\376\377\001\130\000e\000m\000e\000s\000l\000a}{chapter.4}% 32
\BOOKMARK [1][-]{section.4.14}{\376\377\000S\000k\000r\000\375\000v\000\341\000n\000\355}{chapter.4}% 33
\BOOKMARK [1][-]{section.4.15}{\376\377\000U\001\015\000e\000n\000o\000s\000t}{chapter.4}% 34
\BOOKMARK [1][-]{section.4.16}{\376\377\000V\001\157\000l\000e}{chapter.4}% 35
\BOOKMARK [1][-]{section.4.17}{\376\377\000V\000y\001\141\000e\000t\001\131\000o\000v\000\341\000n\000\355}{chapter.4}% 36
\BOOKMARK [1][-]{section.4.18}{\376\377\000V\000z\000t\000a\000h\000y}{chapter.4}% 37
\BOOKMARK [1][-]{section.4.19}{\376\377\000Z\000l\000o\000d\001\033\000j\000i\000n\000a}{chapter.4}% 38
\BOOKMARK [0][-]{chapter.5}{\376\377\000T\000r\000i\000k\000y}{}% 39
\BOOKMARK [1][-]{section.5.1}{\376\377\000C\000o\000\040\000a\000\040\000k\000\040\001\015\000e\000m\000u\000\040\000j\000e\000\040\000t\000r\000i\000k}{chapter.5}% 40
\BOOKMARK [1][-]{section.5.2}{\376\377\000E\000f\000e\000k\000t\000y\000\040\000t\000r\000i\000k\001\157}{chapter.5}% 41
\BOOKMARK [2][-]{subsection.5.2.1}{\376\377\000P\001\131\000i\000d\000\341\000n\000\355\000\040\000b\000o\000n\000u\000s\000u\000\040\000k\000\040\000a\000k\000c\000i}{section.5.2}% 42
\BOOKMARK [2][-]{subsection.5.2.2}{\376\377\000P\001\131\000i\000d\000\341\000n\000\355\000\040\000n\000o\000v\000\351\000\040\000a\000k\000c\000e\000\040\000k\000\040\000d\000o\000v\000e\000d\000n\000o\000s\000t\000i}{section.5.2}% 43
\BOOKMARK [2][-]{subsection.5.2.3}{\376\377\000V\000y\000t\000v\000o\001\131\000e\000n\000\355\000\040\000v\000\375\000j\000i\000m\000k\000y\000\040\000z\000\040\000p\000r\000a\000v\000i\000d\000e\000l}{section.5.2}% 44
\BOOKMARK [1][-]{section.5.3}{\376\377\000R\000o\000d\000i\000n\000y\000\040\000t\000r\000i\000k\001\157}{chapter.5}% 45
\BOOKMARK [2][-]{subsection.5.3.1}{\376\377\000S\000k\000l\000\341\000d\000a\000n\000\355\000\040\000e\000f\000e\000k\000t\001\157\000\040\000\050\000`\000`\000d\000o\000\040\000h\000l\000o\000u\000b\000k\000y\000'\000'\000\051}{section.5.3}% 46
\BOOKMARK [2][-]{subsection.5.3.2}{\376\377\000V\001\033\000t\000v\000e\000n\000\355\000\040\000e\000f\000e\000k\000t\001\157\000\040\000\050\000`\000`\000d\000o\000\040\001\141\000\355\001\131\000e\000'\000'\000\051}{section.5.3}% 47
\BOOKMARK [1][-]{section.5.4}{\376\377\000Z\000\341\000k\000l\000a\000d\000n\000\355\000\040\000s\000e\000z\000n\000a\000m\000\040\000t\000r\000i\000k\001\157}{chapter.5}% 48
\BOOKMARK [2][-]{subsection.5.4.1}{\376\377\000B\000o\000j\000\040\000b\000e\000z\000e\000\040\000z\000b\000r\000a\000n\001\033}{section.5.4}% 49
\BOOKMARK [2][-]{subsection.5.4.2}{\376\377\000B\000o\000j\000\040\000n\000a\000\040\000d\000\341\000l\000k\000u}{section.5.4}% 50
\BOOKMARK [2][-]{subsection.5.4.3}{\376\377\000B\000o\000j\000\040\000s\000e\000\040\000z\000b\000r\000a\000n\000\355}{section.5.4}% 51
\BOOKMARK [2][-]{subsection.5.4.4}{\376\377\000E\000m\000p\000a\000t\000i\000e}{section.5.4}% 52
\BOOKMARK [2][-]{subsection.5.4.5}{\376\377\000J\000e\000z\000d\000e\000c\000t\000v\000\355}{section.5.4}% 53
\BOOKMARK [2][-]{subsection.5.4.6}{\376\377\000K\000l\000a\000m}{section.5.4}% 54
\BOOKMARK [2][-]{subsection.5.4.7}{\376\377\000K\000o\000n\000d\000i\000c\000e}{section.5.4}% 55
\BOOKMARK [2][-]{subsection.5.4.8}{\376\377\000K\000o\000n\000t\000a\000k\000t\000y}{section.5.4}% 56
\BOOKMARK [2][-]{subsection.5.4.9}{\376\377\000M\000e\000d\000i\000c\000\355\000n\000a}{section.5.4}% 57
\BOOKMARK [2][-]{subsection.5.4.10}{\376\377\000M\000o\000b\000i\000l\000i\000t\000a}{section.5.4}% 58
\BOOKMARK [2][-]{subsection.5.4.11}{\376\377\000P\000o\000z\000o\000r\000n\000o\000s\000t}{section.5.4}% 59
\BOOKMARK [2][-]{subsection.5.4.12}{\376\377\000P\000r\000o\000v\000o\000k\000a\000c\000e}{section.5.4}% 60
\BOOKMARK [2][-]{subsection.5.4.13}{\376\377\001\130\000e\000m\000e\000s\000l\000a}{section.5.4}% 61
\BOOKMARK [2][-]{subsection.5.4.14}{\376\377\000S\000k\000r\000\375\000v\000\341\000n\000\355}{section.5.4}% 62
\BOOKMARK [2][-]{subsection.5.4.15}{\376\377\000U\001\015\000e\000n\000o\000s\000t}{section.5.4}% 63
\BOOKMARK [2][-]{subsection.5.4.16}{\376\377\000V\001\157\000l\000e}{section.5.4}% 64
\BOOKMARK [2][-]{subsection.5.4.17}{\376\377\000V\000y\001\141\000e\000t\001\131\000o\000v\000\341\000n\000\355}{section.5.4}% 65
\BOOKMARK [2][-]{subsection.5.4.18}{\376\377\000V\000z\000t\000a\000h\000y}{section.5.4}% 66
\BOOKMARK [2][-]{subsection.5.4.19}{\376\377\000Z\000l\000o\000d\001\033\000j\000i\000n\000a}{section.5.4}% 67
\BOOKMARK [0][-]{chapter.6}{\376\377\000S\000t\001\131\000e\000t\000y\000,\000\040\000v\000\375\000z\000v\000y\000\040\000a\000\040\000k\000o\000n\000f\000l\000i\000k\000t\000y}{}% 68
\BOOKMARK [1][-]{section.6.1}{\376\377\000J\000e\000d\000e\000n\000\040\000h\000o\000d\000\040\000n\000e\000b\000o\000\040\000p\000e\000r\000i\000p\000e\000t\000i\000e\000?}{chapter.6}% 69
\BOOKMARK [1][-]{section.6.2}{\376\377\000V\000\375\000z\000v\000y}{chapter.6}% 70
\BOOKMARK [2][-]{subsection.6.2.1}{\376\377\000V\000\375\000h\000o\000d\000y\000\040\000v\000e\000\040\000v\000\375\000z\000v\000\341\000c\000h}{section.6.2}% 71
\BOOKMARK [2][-]{subsection.6.2.2}{\376\377\000P\001\131\000\355\000k\000l\000a\000d\000\040\000v\000\375\000z\000v\000y}{section.6.2}% 72
\BOOKMARK [1][-]{section.6.3}{\376\377\000S\000t\001\131\000e\000t\000y}{chapter.6}% 73
\BOOKMARK [2][-]{subsection.6.3.1}{\376\377\000V\000\375\000h\000o\000d\000y\000\040\000v\000e\000\040\000s\000t\001\131\000e\000t\000e\000c\000h}{section.6.3}% 74
\BOOKMARK [2][-]{subsection.6.3.2}{\376\377\000P\001\131\000\355\000k\000l\000a\000d\000\040\000s\000t\001\131\000e\000t\000u}{section.6.3}% 75
\BOOKMARK [1][-]{section.6.4}{\376\377\000K\000o\000n\000f\000l\000i\000k\000t\000y}{chapter.6}% 76
\BOOKMARK [1][-]{section.6.5}{\376\377\000F\000y\000z\000i\000c\000k\000\351\000\040\000k\000o\000n\000f\000l\000i\000k\000t\000y}{chapter.6}% 77
\BOOKMARK [2][-]{subsection.6.5.1}{\376\377\000O\000b\000e\000c\000n\000\341\000\040\000p\000r\000a\000v\000i\000d\000l\000a\000\040\000k\000o\000n\000f\000l\000i\000k\000t\001\157}{section.6.5}% 78
\BOOKMARK [2][-]{subsection.6.5.2}{\376\377\000S\000t\000r\000e\000s\000\040\000a\000\040\000n\000\341\000s\000l\000e\000d\000k\000y}{section.6.5}% 79
\BOOKMARK [2][-]{subsection.6.5.3}{\376\377\000P\001\131\000\355\000k\000l\000a\000d\000\040\000j\000e\000d\000n\000\351\000\040\000v\000\375\000m\001\033\000n\000y}{section.6.5}% 80
\BOOKMARK [1][-]{section.6.6}{\376\377\000D\000u\001\141\000e\000v\000n\000\355\000\040\000a\000\040\000s\000o\000c\000i\000\341\000l\000n\000\355\000\040\000k\000o\000n\000f\000l\000i\000k\000t\000y}{chapter.6}% 81
\BOOKMARK [1][-]{section.6.7}{\376\377\000M\000a\000g\000i\000c\000k\000\351\000\040\000k\000o\000n\000f\000l\000i\000k\000t\000y}{chapter.6}% 82
\BOOKMARK [1][-]{section.6.8}{\376\377\000Z\000o\000t\000a\000v\000o\000v\000\341\000n\000\355\000\040\000s\000e\000\040\000z\000e\000\040\000z\000r\000a\000n\001\033\000n\000\355}{chapter.6}% 83
\BOOKMARK [2][-]{subsection.6.8.1}{\376\377\000Z\000o\000t\000a\000v\000o\000v\000\341\000n\000\355\000\040\000s\000e\000\040\000z\000e\000\040\000s\000t\000r\000e\000s\000u}{section.6.8}% 84
\BOOKMARK [2][-]{subsection.6.8.2}{\376\377\000Z\000o\000t\000a\000v\000o\000v\000\341\000n\000\355\000\040\000s\000e\000\040\000z\000\040\000n\000\341\000s\000l\000e\000d\000k\001\157}{section.6.8}% 85
\BOOKMARK [0][-]{chapter.7}{\376\377\000S\000p\000e\000c\000i\000a\000l\000i\000t\000y}{}% 86
\BOOKMARK [1][-]{section.7.1}{\376\377\000V\000y\000t\000v\000\341\001\131\000e\000n\000\355\000\040\000s\000p\000e\000c\000i\000a\000l\000i\000t}{chapter.7}% 87
\BOOKMARK [2][-]{subsection.7.1.1}{\376\377\000J\000a\000k\000\040\000s\000p\000e\000c\000i\000a\000l\000i\000t\000y\000\040\000s\000o\000u\000v\000i\000s\000\355\000\040\000s\000\040\000h\000e\000r\000n\000\355\000m\000\040\000p\000r\000o\000s\000t\001\131\000e\000d\000\355\000m}{section.7.1}% 88
\BOOKMARK [2][-]{subsection.7.1.2}{\376\377\000C\000o\000\040\000s\000p\000e\000c\000i\000a\000l\000i\000t\000y\000\040\000d\001\033\000l\000a\000j\000\355}{section.7.1}% 89
\BOOKMARK [2][-]{subsection.7.1.3}{\376\377\000J\000a\000k\000\040\000s\000p\000e\000c\000i\000a\000l\000i\000t\000y\000\040\000s\000o\000u\000v\000i\000s\000\355\000\040\000s\000\040\000p\000o\000s\000t\000a\000v\000a\000m\000i}{section.7.1}% 90
\BOOKMARK [2][-]{subsection.7.1.4}{\376\377\000S\000v\000o\000l\000e\000n\000\355\000\040\000a\000\040\000c\000e\000n\000a}{section.7.1}% 91
\BOOKMARK [2][-]{subsection.7.1.5}{\376\377\000F\000a\000t\000e\000o\000v\000\375\000\040\000f\000r\000a\000k\000t\000\341\000l}{section.7.1}% 92
\BOOKMARK [1][-]{section.7.2}{\376\377\000M\000a\000g\000i\000e}{chapter.7}% 93
\BOOKMARK [0][-]{chapter.8}{\376\377\000`\000`\000P\000o\000v\000o\000l\000\341\000n\000\355\000'\000'}{}% 94
\BOOKMARK [1][-]{section.8.1}{\376\377\000P\000o\000v\000o\000l\000\341\000n\000\355\000\040\000v\000e\000\040\000F\000a\000t\000e\000\040\000C\000o\000r\000e}{chapter.8}% 95
\BOOKMARK [1][-]{section.8.2}{\376\377\000P\000o\000v\000o\000l\000\341\000n\000\355\000\040\000b\000e\000z\000\040\000s\000v\000o\000l\000e\000n\000\355}{chapter.8}% 96
\BOOKMARK [2][-]{subsection.8.2.1}{\376\377\000B\000o\000j\000o\000v\000n\000\355\000k}{section.8.2}% 97
\BOOKMARK [2][-]{subsection.8.2.2}{\376\377\000S\000t\001\131\000e\000l\000e\000c}{section.8.2}% 98
\BOOKMARK [2][-]{subsection.8.2.3}{\376\377\000Z\000l\000o\000d\001\033\000j}{section.8.2}% 99
\BOOKMARK [2][-]{subsection.8.2.4}{\376\377\000H\000r\000a\000n\000i\001\015\000\341\001\131}{section.8.2}% 100
\BOOKMARK [2][-]{subsection.8.2.5}{\376\377\000S\000i\000c\000c\000o}{section.8.2}% 101
\BOOKMARK [1][-]{section.8.3}{\376\377\000P\000o\000v\000o\000l\000\341\000n\000\355\000\040\000s\000e\000\040\000s\000v\000o\000l\000e\000n\000\355\000m}{chapter.8}% 102
\BOOKMARK [2][-]{subsection.8.3.1}{\376\377\001\014\000a\000r\000o\000d\001\033\000j}{section.8.3}% 103
\BOOKMARK [2][-]{subsection.8.3.2}{\376\377\000A\000l\000c\000h\000y\000m\000i\000s\000t\000a}{section.8.3}% 104
\BOOKMARK [2][-]{subsection.8.3.3}{\376\377\000T\000h\000e\000u\000r\000g}{section.8.3}% 105
\BOOKMARK [2][-]{subsection.8.3.4}{\376\377\000K\000n\001\033\000z}{section.8.3}% 106
\BOOKMARK [2][-]{subsection.8.3.5}{\376\377\000D\000r\000u\000i\000d}{section.8.3}% 107
\BOOKMARK [2][-]{subsection.8.3.6}{\376\377\000B\000e\000r\000s\000e\000r\000k\000e\000r}{section.8.3}% 108
\BOOKMARK [2][-]{subsection.8.3.7}{\376\377\000N\000e\000t\000v\000o\000r\000o\000b\000i\000j\000e\000c}{section.8.3}% 109
\BOOKMARK [2][-]{subsection.8.3.8}{\376\377\000S\000u\000b\000o\000t\000a\000m\000s\000k\000\375\000\040\000m\000n\000i\000c\000h}{section.8.3}% 110
\BOOKMARK [2][-]{subsection.8.3.9}{\376\377\000E\000d\000e\000n\001\157\000v\000\040\000b\000r\000a\000t\000r}{section.8.3}% 111
\BOOKMARK [0][-]{chapter.9}{\376\377\000P\001\131\000e\000d\000m\001\033\000t\000y\000\040\000j\000a\000k\000o\000\040\000s\000p\000e\000c\000i\000a\000l\000i\000t\000y}{}% 112
\BOOKMARK [1][-]{section.9.1}{\376\377\000Z\000b\000r\000a\000n\001\033\000\040\000a\000\040\000z\000b\000r\000o\000j\000e}{chapter.9}% 113
\BOOKMARK [1][-]{section.9.2}{\376\377\000A\000l\000c\000h\000y\000m\000i\000s\000t\000i\000c\000k\000\351\000\040\000p\001\131\000e\000d\000m\001\033\000t\000y}{chapter.9}% 114
\BOOKMARK [1][-]{section.9.3}{\376\377\000M\000a\000g\000i\000c\000k\000\351\000\040\000v\000y\000b\000a\000v\000e\000n\000\355}{chapter.9}% 115
\BOOKMARK [0][-]{chapter.10}{\376\377\000P\000o\000s\000t\000u\000p\000\040\000a\000\040\000z\000l\000e\000p\001\141\000o\000v\000\341\000n\000\355\000\040\000p\000o\000s\000t\000a\000v}{}% 116
\BOOKMARK [0][-]{chapter.11}{\376\377\000D\000o\000d\000a\000t\000k\000y}{}% 117
\BOOKMARK [1][-]{section.11.1}{\376\377\000K\000\040\001\015\000e\000m\000u\000\040\000j\000s\000o\000u\000\040\000d\000o\000d\000a\000t\000k\000y}{chapter.11}% 118
\BOOKMARK [1][-]{section.11.2}{\376\377\000S\000i\000c\000c\000o}{chapter.11}% 119
\BOOKMARK [2][-]{subsection.11.2.1}{\376\377\000S\000p\000e\000c\000i\000\341\000l\000n\000\355\000\040\000d\000o\000v\000e\000d\000n\000o\000s\000t\000i}{section.11.2}% 120
\BOOKMARK [2][-]{subsection.11.2.2}{\376\377\000S\000p\000e\000c\000i\000a\000l\000i\000t\000y}{section.11.2}% 121
\BOOKMARK [1][-]{section.11.3}{\376\377\000N\000e\000t\000v\000o\000r\000o\000b\000i\000j\000e\000c}{chapter.11}% 122
\BOOKMARK [2][-]{subsection.11.3.1}{\376\377\000G\000a\000m\000m\000a\000t\000h\000o\000r\000a\000x}{section.11.3}% 123
\BOOKMARK [2][-]{subsection.11.3.2}{\376\377\000D\000e\000l\000t\000a\000c\000r\000a\000n\000i\000u\000m}{section.11.3}% 124
\BOOKMARK [2][-]{subsection.11.3.3}{\376\377\000M\000a\000n\000u\000s\000\040\000m\000a\000g\000i\000k\000u\000s\000\040\000I\000I\000/\000I\000I\000/\000I\000I}{section.11.3}% 125
\BOOKMARK [2][-]{subsection.11.3.4}{\376\377\000L\000e\000b\000e\001\110\000\341\000k}{section.11.3}% 126
\BOOKMARK [2][-]{subsection.11.3.5}{\376\377\000V\000\341\000l\000e\001\015\000n\000i\000c\000k\000\351\000\040\000s\000p\000e\000c\000i\000a\000l\000i\000t\000y}{section.11.3}% 127
\BOOKMARK [2][-]{subsection.11.3.6}{\376\377\000O\000b\000e\000c\000n\000\351\000\040\000s\000p\000e\000c\000i\000a\000l\000i\000t\000y}{section.11.3}% 128
\BOOKMARK [2][-]{subsection.11.3.7}{\376\377\000B\000y\000l\000i\000n\000k\000\341\001\131\000s\000t\000v\000\355\000\040\000\050\000N\000\051}{section.11.3}% 129
\BOOKMARK [1][-]{section.11.4}{\376\377\000E\000d\000e\000n\001\157\000v\000\040\000b\000r\000a\000t\000r}{chapter.11}% 130
\BOOKMARK [2][-]{subsection.11.4.1}{\376\377\000M\000e\000c\000h\000a\000n\000i\000s\000m\000u\000s\000\040\000k\000o\000u\000z\000e\000l}{section.11.4}% 131
\BOOKMARK [2][-]{subsection.11.4.2}{\376\377\000V\000\341\000l\000e\001\015\000n\000i\000c\000k\000\351\000\040\000v\001\033\000c\000i\000\040\000+\000\040\000P\000o\000s\000\355\000l\000e\000n\000\355}{section.11.4}% 132
\BOOKMARK [2][-]{subsection.11.4.3}{\376\377\000Z\000n\000a\000m\000e\000n\000\355}{section.11.4}% 133
\BOOKMARK [2][-]{subsection.11.4.4}{\376\377\000R\000y\000c\000h\000l\000\341\000\040\000s\000m\000r\000t}{section.11.4}% 134
\BOOKMARK [1][-]{section.11.5}{\376\377\000S\000u\000b\000o\000t\000a\000m\000s\000k\000\375\000\040\000m\000n\000i\000c\000h}{chapter.11}% 135
\BOOKMARK [2][-]{subsection.11.5.1}{\376\377\000V\000\341\000l\000e\001\015\000n\000i\000c\000k\000\351\000\040\000s\000p\000e\000c\000i\000a\000l\000i\000t\000y}{section.11.5}% 136
\BOOKMARK [2][-]{subsection.11.5.2}{\376\377\000Z\000\341\000z\000r\000a\000k\000y}{section.11.5}% 137
