This is pdfTeX, Version 3.141592653-2.6-1.40.28 (TeX Live 2025) (preloaded format=pdflatex 2025.7.29)  1 AUG 2025 13:53
entering extended mode
 \write18 enabled.
 %&-line parsing enabled.
**predmety.tex
(./predmety.tex
LaTeX2e <2025-06-01> patch level 1
L3 programming layer <2025-07-19>
(/usr/local/texlive/2025/texmf-dist/tex/latex/subfiles/subfiles.cls
Document Class: subfiles 2020/11/14 v2.2 Multi-file projects (class)
Preamble taken from file `../main.tex'
(/usr/local/texlive/2025/texmf-dist/tex/latex/import/import.sty
Package: import 2020/04/01  v 6.2
) (../main.tex (/usr/local/texlive/2025/texmf-dist/tex/latex/base/report.cls
Document Class: report 2025/01/22 v1.4n Standard LaTeX document class
(/usr/local/texlive/2025/texmf-dist/tex/latex/base/size12.clo
File: size12.clo 2025/01/22 v1.4n Standard LaTeX file (size option)
)
\c@part=\count275
\c@chapter=\count276
\c@section=\count277
\c@subsection=\count278
\c@subsubsection=\count279
\c@paragraph=\count280
\c@subparagraph=\count281
\c@figure=\count282
\c@table=\count283
\abovecaptionskip=\skip49
\belowcaptionskip=\skip50
\bibindent=\dimen148
) (/usr/local/texlive/2025/texmf-dist/tex/latex/subfiles/subfiles.sty
Package: subfiles 2020/11/14 v2.2 Multi-file projects (package)
) (../preamble/toggles.tex) (../preamble/main.tex (../preamble/data.tex) (../preamble/debug/commands.tex
! Undefined control sequence.
l.12     \ifluatex
                   % only for luaLaTeX
The control sequence at the end of the top line
of your error message was never \def'ed. If you have
misspelled it (e.g., `\hobx'), type `I' and the correct
spelling (e.g., `I\hbox'). Otherwise just continue,
and I'll forget about whatever was undefined.

(/usr/local/texlive/2025/texmf-dist/tex/latex/censor/censor.sty
Package: censor 2025/03/30\ 4.5\ Provides capability for redaction of sensitive information
 (/usr/local/texlive/2025/texmf-dist/tex/latex/pbox/pbox.sty
Package: pbox 2011/12/07 v1.2 Dynamic parboxes
 (/usr/local/texlive/2025/texmf-dist/tex/latex/tools/calc.sty
Package: calc 2025/03/01 v4.3b Infix arithmetic (KKT,FJ)
\calc@Acount=\count284
\calc@Bcount=\count285
\calc@Adimen=\dimen149
\calc@Bdimen=\dimen150
\calc@Askip=\skip51
\calc@Bskip=\skip52
LaTeX Info: Redefining \setlength on input line 86.
LaTeX Info: Redefining \addtolength on input line 87.
\calc@Ccount=\count286
\calc@Cskip=\skip53
) (/usr/local/texlive/2025/texmf-dist/tex/latex/base/ifthen.sty
Package: ifthen 2024/03/16 v1.1e Standard LaTeX ifthen package (DPC)
)
\pb@xlen=\skip54
)
\censorruledepth=\skip55
\censorruleheight=\skip56
 (/usr/local/texlive/2025/texmf-dist/tex/generic/tokcycle/tokcycle.sty (/usr/local/texlive/2025/texmf-dist/tex/generic/tokcycle/tokcycle.tex
\tc@tok=\toks17
\tcdepth=\count287
\cytoks=\toks18
)
Package: tokcycle 2025/04/02 V1.5 Cycle through and transform a stream of tokens
))) (../preamble/debug/line-numbers.tex (/usr/local/texlive/2025/texmf-dist/tex/latex/lineno/lineno.sty
Package: lineno 2025/05/13 line numbers on paragraphs v5.5
 (/usr/local/texlive/2025/texmf-dist/tex/latex/etoolbox/etoolbox.sty
Package: etoolbox 2025/02/11 v2.5l e-TeX tools for LaTeX (JAW)
\etb@tempcnta=\count288
) (/usr/local/texlive/2025/texmf-dist/tex/latex/kvoptions/kvoptions.sty
Package: kvoptions 2022-06-15 v3.15 Key value format for package options (HO)
 (/usr/local/texlive/2025/texmf-dist/tex/latex/graphics/keyval.sty
Package: keyval 2022/05/29 v1.15 key=value parser (DPC)
\KV@toks@=\toks19
) (/usr/local/texlive/2025/texmf-dist/tex/generic/ltxcmds/ltxcmds.sty
Package: ltxcmds 2023-12-04 v1.26 LaTeX kernel commands for general use (HO)
) (/usr/local/texlive/2025/texmf-dist/tex/latex/kvsetkeys/kvsetkeys.sty
Package: kvsetkeys 2022-10-05 v1.19 Key value parser (HO)
))
\linenopenalty=\count289
\output=\toks20
\linenoprevgraf=\count290
\linenumbersep=\dimen151
\linenumberwidth=\dimen152
\c@linenumber=\count291
\c@pagewiselinenumber=\count292
\c@LN@truepage=\count293
\c@internallinenumber=\count294
\c@internallinenumbers=\count295
\quotelinenumbersep=\dimen153
\bframerule=\dimen154
\bframesep=\dimen155
\bframebox=\box53
)) (../preamble/debug/silence.tex (/usr/local/texlive/2025/texmf-dist/tex/latex/silence/silence.sty
Package: silence 2012/07/02 v1.5b Selective filtering of warnings and error messages
\sl@Save=\count296
\sl@StateNumber=\count297
\sl@MessageCount=\count298
\sl@Casualties=\count299
\sl@Filter=\toks21
\sl@Message=\toks22
\sl@UnexpandedMessage=\toks23
\sl@Mess@ge=\toks24
\sl@WarningCount=\count300
\sl@WarningNumber=\count301
\sl@WarningCasualties=\count302
\sl@TempBOW=\toks25
\sl@BankOfWarnings=\toks26
LaTeX Info: Redefining \GenericWarning on input line 433.
\sl@ErrorCount=\count303
\sl@ErrorNumber=\count304
\sl@ErrorCasualties=\count305
\sl@TempBOE=\toks27
\sl@BankOfErrors=\toks28
LaTeX Info: Redefining \GenericError on input line 601.
)) (../preamble/general/colors.tex (/usr/local/texlive/2025/texmf-dist/tex/latex/xcolor/xcolor.sty
Package: xcolor 2024/09/29 v3.02 LaTeX color extensions (UK)
 (/usr/local/texlive/2025/texmf-dist/tex/latex/graphics-cfg/color.cfg
File: color.cfg 2016/01/02 v1.6 sample color configuration
)
Package xcolor Info: Driver file: pdftex.def on input line 274.
 (/usr/local/texlive/2025/texmf-dist/tex/latex/graphics-def/pdftex.def
File: pdftex.def 2024/04/13 v1.2c Graphics/color driver for pdftex
) (/usr/local/texlive/2025/texmf-dist/tex/latex/graphics/mathcolor.ltx)
Package xcolor Info: Model `cmy' substituted by `cmy0' on input line 1349.
Package xcolor Info: Model `hsb' substituted by `rgb' on input line 1353.
Package xcolor Info: Model `RGB' extended on input line 1365.
Package xcolor Info: Model `HTML' substituted by `rgb' on input line 1367.
Package xcolor Info: Model `Hsb' substituted by `hsb' on input line 1368.
Package xcolor Info: Model `tHsb' substituted by `hsb' on input line 1369.
Package xcolor Info: Model `HSB' substituted by `hsb' on input line 1370.
Package xcolor Info: Model `Gray' substituted by `gray' on input line 1371.
Package xcolor Info: Model `wave' substituted by `hsb' on input line 1372.
) (/usr/local/texlive/2025/texmf-dist/tex/latex/colortbl/colortbl.sty
Package: colortbl 2024/10/29 v1.0k Color table columns (DPC)
 (/usr/local/texlive/2025/texmf-dist/tex/latex/tools/array.sty
Package: array 2025/06/08 v2.6j Tabular extension package (FMi)
\col@sep=\dimen156
\ar@mcellbox=\box54
\extrarowheight=\dimen157
\NC@list=\toks29
\extratabsurround=\skip57
\backup@length=\skip58
\ar@cellbox=\box55
)
\everycr=\toks30
\minrowclearance=\skip59
\rownum=\count306
)) (../preamble/general/floats.tex (/usr/local/texlive/2025/texmf-dist/tex/latex/graphics/graphicx.sty
Package: graphicx 2024/12/31 v1.2e Enhanced LaTeX Graphics (DPC,SPQR)
 (/usr/local/texlive/2025/texmf-dist/tex/latex/graphics/graphics.sty
Package: graphics 2024/08/06 v1.4g Standard LaTeX Graphics (DPC,SPQR)
 (/usr/local/texlive/2025/texmf-dist/tex/latex/graphics/trig.sty
Package: trig 2023/12/02 v1.11 sin cos tan (DPC)
) (/usr/local/texlive/2025/texmf-dist/tex/latex/graphics-cfg/graphics.cfg
File: graphics.cfg 2016/06/04 v1.11 sample graphics configuration
)
Package graphics Info: Driver file: pdftex.def on input line 106.
)
\Gin@req@height=\dimen158
\Gin@req@width=\dimen159
) (/usr/local/texlive/2025/texmf-dist/tex/latex/adjustbox/adjustbox.sty
Package: adjustbox 2025/02/26 v1.3c Adjusting TeX boxes (trim, clip, ...)
 (/usr/local/texlive/2025/texmf-dist/tex/latex/xkeyval/xkeyval.sty
Package: xkeyval 2022/06/16 v2.9 package option processing (HA)
 (/usr/local/texlive/2025/texmf-dist/tex/generic/xkeyval/xkeyval.tex (/usr/local/texlive/2025/texmf-dist/tex/generic/xkeyval/xkvutils.tex
\XKV@toks=\toks31
\XKV@tempa@toks=\toks32
)
\XKV@depth=\count307
File: xkeyval.tex 2014/12/03 v2.7a key=value parser (HA)
))
(/usr/local/texlive/2025/texmf-dist/tex/latex/adjustbox/adjcalc.sty
Package: adjcalc 2012/05/16 v1.1 Provides advanced setlength with multiple back-ends (calc, etex, pgfmath)
) (/usr/local/texlive/2025/texmf-dist/tex/latex/adjustbox/trimclip.sty
Package: trimclip 2025/02/21 v1.2a Trim and clip general TeX material
 (/usr/local/texlive/2025/texmf-dist/tex/latex/collectbox/collectbox.sty
Package: collectbox 2022/10/17 v0.4c Collect macro arguments as boxes
\collectedbox=\box56
)
\tc@llx=\dimen160
\tc@lly=\dimen161
\tc@urx=\dimen162
\tc@ury=\dimen163
Package trimclip Info: Using driver 'tc-pdftex.def'.
 (/usr/local/texlive/2025/texmf-dist/tex/latex/adjustbox/tc-pdftex.def
File: tc-pdftex.def 2025/02/26 v2.3 Clipping driver for pdftex
))
\adjbox@Width=\dimen164
\adjbox@Height=\dimen165
\adjbox@Depth=\dimen166
\adjbox@Totalheight=\dimen167
\adjbox@pwidth=\dimen168
\adjbox@pheight=\dimen169
\adjbox@pdepth=\dimen170
\adjbox@ptotalheight=\dimen171
 (/usr/local/texlive/2025/texmf-dist/tex/latex/ifoddpage/ifoddpage.sty
Package: ifoddpage 2022/10/18 v1.2 Conditionals for odd/even page detection
\c@checkoddpage=\count308
) (/usr/local/texlive/2025/texmf-dist/tex/latex/varwidth/varwidth.sty
Package: varwidth 2009/03/30 ver 0.92;  Variable-width minipages
\@vwid@box=\box57
\sift@deathcycles=\count309
\@vwid@loff=\dimen172
\@vwid@roff=\dimen173
)
==> First Aid for varwidth.sty applied!
) (/usr/local/texlive/2025/texmf-dist/tex/latex/booktabs/booktabs.sty
Package: booktabs 2020/01/12 v1.61803398 Publication quality tables
\heavyrulewidth=\dimen174
\lightrulewidth=\dimen175
\cmidrulewidth=\dimen176
\belowrulesep=\dimen177
\belowbottomsep=\dimen178
\aboverulesep=\dimen179
\abovetopsep=\dimen180
\cmidrulesep=\dimen181
\cmidrulekern=\dimen182
\defaultaddspace=\dimen183
\@cmidla=\count310
\@cmidlb=\count311
\@aboverulesep=\dimen184
\@belowrulesep=\dimen185
\@thisruleclass=\count312
\@lastruleclass=\count313
\@thisrulewidth=\dimen186
) (/usr/local/texlive/2025/texmf-dist/tex/latex/tabularray/tabularray.sty
Package: tabularray 2025-03-11 v2025A Typeset tabulars and arrays with LaTeX3
 (/usr/local/texlive/2025/texmf-dist/tex/latex/ninecolors/ninecolors.sty
Package: ninecolors 2022-02-13 v2022D Select colors with proper color contrast
 (/usr/local/texlive/2025/texmf-dist/tex/latex/l3packages/xparse/xparse.sty (/usr/local/texlive/2025/texmf-dist/tex/latex/l3kernel/expl3.sty
Package: expl3 2025-07-19 L3 programming layer (loader) 
 (/usr/local/texlive/2025/texmf-dist/tex/latex/l3backend/l3backend-pdftex.def
File: l3backend-pdftex.def 2025-06-09 L3 backend support: PDF output (pdfTeX)
\l__color_backend_stack_int=\count314
))
Package: xparse 2024-08-16 L3 Experimental document command parser
))
\l__tblr_a_int=\count315
\l__tblr_c_int=\count316
\l__tblr_r_int=\count317
\l__tblr_d_dim=\dimen187
\l__tblr_h_dim=\dimen188
\l__tblr_o_dim=\dimen189
\l__tblr_p_dim=\dimen190
\l__tblr_q_dim=\dimen191
\l__tblr_r_dim=\dimen192
\l__tblr_s_dim=\dimen193
\l__tblr_t_dim=\dimen194
\l__tblr_v_dim=\dimen195
\l__tblr_w_dim=\dimen196
\l__tblr_a_box=\box58
\l__tblr_b_box=\box59
\l__tblr_c_box=\box60
\l__tblr_d_box=\box61
\c@tblrcount=\count318
\c@colnum=\count319
\c@rowcount=\count320
\c@colcount=\count321
\abovesep=\dimen197
\belowsep=\dimen198
\leftsep=\dimen199
\rightsep=\dimen256
\gTblrLevelInt=\count322
\g__tblr_data_row_key_count_int=\count323
\g__tblr_data_column_key_count_int=\count324
\g__tblr_data_cell_key_count_int=\count325
\g__tblr_array_int=\count326
\l__tblr_key_count_int=\count327
\l__tblr_key_quotient_int=\count328
\l__tblr_key_quotient_two_int=\count329
\l__tblr_key_remainder_int=\count330
\g__tblr_data_str_value_count_int=\count331
\lTblrChildTotalInt=\count332
\lTblrChildHtotalInt=\count333
\lTblrChildVtotalInt=\count334
\l__child_diff_h_int=\count335
\l__child_diff_v_int=\count336
\l__child_sign_h_int=\count337
\l__child_sign_v_int=\count338
\l__child_step_int=\count339
\lTblrDefaultHruleWidthDim=\dimen257
\lTblrDefaultVruleWidthDim=\dimen258
\l__tblr_split_balance_int=\count340
\l__tblr_strut_dp_dim=\dimen259
\l__tblr_strut_ht_dim=\dimen260
\g__tblr_cell_wd_dim=\dimen261
\g__tblr_cell_ht_dim=\dimen262
\g__tblr_cell_head_dim=\dimen263
\g__tblr_cell_foot_dim=\dimen264
\l__tblr_measured_cell_box=\box62
\g__tblr_last_box=\box63
\l__tblr_temp_box=\box64
\l__tblr_column_target_dim=\dimen265
\l__tblr_hfuzz_dim=\dimen266
\l__tblr_caption_box=\box65
\l__tblr_caption_left_box=\box66
\lTblrRowHeadInt=\count341
\lTblrRowFootInt=\count342
\l__tblr_row_head_box=\box67
\l__tblr_row_foot_box=\box68
\l__tblr_row_head_foot_dim=\dimen267
\lTblrTableWidthDim=\dimen268
\l__tblr_table_firsthead_box=\box69
\l__tblr_table_middlehead_box=\box70
\l__tblr_table_lasthead_box=\box71
\l__tblr_table_firstfoot_box=\box72
\l__tblr_table_middlefoot_box=\box73
\l__tblr_table_lastfoot_box=\box74
\l__tblr_remain_height_dim=\dimen269
\l__tblr_long_from_int=\count343
\l__tblr_long_to_int=\count344
\l__tblr_curr_i_int=\count345
\l__tblr_prev_i_int=\count346
\lTblrTablePageInt=\count347
\l__tblr_table_head_box=\box75
\l__tblr_table_foot_box=\box76
\l__tblr_table_head_foot_dim=\dimen270
\l__tblr_table_head_body_foot_dim=\dimen271
\l__tblr_table_box=\box77
\lTblrRowFirstInt=\count348
\lTblrRowLastInt=\count349
\l__tblr_table_hlines_box=\box78
\l__tblr_hline_box=\box79
\l__tblr_row_box=\box80
\l__tblr_col_o_wd_dim=\dimen272
\l__tblr_col_b_wd_dim=\dimen273
\l__tblr_hline_leftskip_dim=\dimen274
\l__tblr_hline_rightskip_dim=\dimen275
\l__tblr_row_ht_dim=\dimen276
\l__tblr_row_dp_dim=\dimen277
\l__tblr_row_abovesep_dim=\dimen278
\l__tblr_row_belowsep_dim=\dimen279
\l__tblr_row_vlines_box=\box81
\l__tblr_vline_box=\box82
\l__tblr_cell_box=\box83
\l__tblr_row_upper_dim=\dimen280
\l__tblr_row_lower_dim=\dimen281
\l__tblr_row_vpace_dim=\dimen282
\l__tblr_vline_aboveskip_dim=\dimen283
\l__tblr_vline_belowskip_dim=\dimen284
\lTblrCellRowSpanInt=\count350
\lTblrCellColSpanInt=\count351
\l__tblr_cell_wd_dim=\dimen285
\l__tblr_cell_ht_dim=\dimen286
\lTblrCellAboveBorderWidthDim=\dimen287
\lTblrCellBelowBorderWidthDim=\dimen288
\lTblrCellLeftBorderWidthDim=\dimen289
\lTblrCellRightBorderWidthDim=\dimen290
\l__tblr_diag_box=\box84
\l__tblr_cell_inner_wd_dim=\dimen291
\l__tblr_cell_inner_dp_dim=\dimen292
\l__tblr_cell_hanchor_dim=\dimen293
\l__tblr_last_cell_table_ht_dim=\dimen294
\l__tblr_last_cell_table_dp_dim=\dimen295
\l__tblr_last_vline_wd_dim=\dimen296
\l__tblr_tikz_node_box=\box85
) (/usr/local/texlive/2025/texmf-dist/tex/latex/codehigh/codehigh.sty
Package: codehigh 2025-02-21 v2025C Highlight codes and demos with l3regex and lpeg
 (/usr/local/texlive/2025/texmf-dist/tex/generic/catchfile/catchfile.sty
Package: catchfile 2019/12/09 v1.8 Catch the contents of a file (HO)
 (/usr/local/texlive/2025/texmf-dist/tex/generic/infwarerr/infwarerr.sty
Package: infwarerr 2019/12/03 v1.5 Providing info/warning/error messages (HO)
) (/usr/local/texlive/2025/texmf-dist/tex/generic/etexcmds/etexcmds.sty
Package: etexcmds 2019/12/15 v1.7 Avoid name clashes with e-TeX commands (HO)
 (/usr/local/texlive/2025/texmf-dist/tex/generic/iftex/iftex.sty
Package: iftex 2024/12/12 v1.0g TeX engine tests
)))
\l__cdhh_a_int=\count352
\l__cdhh_b_int=\count353
\l__cdhh_main_boxsep_dim=\dimen297
\g__cdhh_code_box=\box86
\g__cdhh_demo_box=\box87
\l__cdhh_latex_rule_count_int=\count354
\l__cdhh_latex/math_rule_count_int=\count355
\l__cdhh_latex/table_rule_count_int=\count356
\l__cdhh_latex/latex2_rule_count_int=\count357
\l__cdhh_latex/latex3_rule_count_int=\count358
\l__cdhh_item_count_int=\count359
) (/usr/local/texlive/2025/texmf-dist/tex/latex/amsmath/amsmath.sty
Package: amsmath 2025/06/16 v2.17y AMS math features
\@mathmargin=\skip60

For additional information on amsmath, use the `?' option.
(/usr/local/texlive/2025/texmf-dist/tex/latex/amsmath/amstext.sty
Package: amstext 2024/11/17 v2.01 AMS text
 (/usr/local/texlive/2025/texmf-dist/tex/latex/amsmath/amsgen.sty
File: amsgen.sty 1999/11/30 v2.0 generic functions
\@emptytoks=\toks33
\ex@=\dimen298
)) (/usr/local/texlive/2025/texmf-dist/tex/latex/amsmath/amsbsy.sty
Package: amsbsy 1999/11/29 v1.2d Bold Symbols
\pmbraise@=\dimen299
) (/usr/local/texlive/2025/texmf-dist/tex/latex/amsmath/amsopn.sty
Package: amsopn 2022/04/08 v2.04 operator names
)
\inf@bad=\count360
LaTeX Info: Redefining \frac on input line 233.
\uproot@=\count361
\leftroot@=\count362
LaTeX Info: Redefining \overline on input line 398.
LaTeX Info: Redefining \colon on input line 409.
\classnum@=\count363
\DOTSCASE@=\count364
LaTeX Info: Redefining \ldots on input line 495.
LaTeX Info: Redefining \dots on input line 498.
LaTeX Info: Redefining \cdots on input line 619.
\Mathstrutbox@=\box88
\strutbox@=\box89
LaTeX Info: Redefining \big on input line 721.
LaTeX Info: Redefining \Big on input line 722.
LaTeX Info: Redefining \bigg on input line 723.
LaTeX Info: Redefining \Bigg on input line 724.
\big@size=\dimen300
LaTeX Font Info:    Redeclaring font encoding OML on input line 742.
LaTeX Font Info:    Redeclaring font encoding OMS on input line 743.
\macc@depth=\count365
LaTeX Info: Redefining \bmod on input line 904.
LaTeX Info: Redefining \pmod on input line 909.
LaTeX Info: Redefining \smash on input line 939.
LaTeX Info: Redefining \relbar on input line 969.
LaTeX Info: Redefining \Relbar on input line 970.
\c@MaxMatrixCols=\count366
\dotsspace@=\muskip17
\c@parentequation=\count367
\dspbrk@lvl=\count368
\tag@help=\toks34
\row@=\count369
\column@=\count370
\maxfields@=\count371
\andhelp@=\toks35
\eqnshift@=\dimen301
\alignsep@=\dimen302
\tagshift@=\dimen303
\tagwidth@=\dimen304
\totwidth@=\dimen305
\lineht@=\dimen306
\@envbody=\toks36
\multlinegap=\skip61
\multlinetaggap=\skip62
\mathdisplay@stack=\toks37
LaTeX Info: Redefining \[ on input line 2949.
LaTeX Info: Redefining \] on input line 2950.
)
\@LN@amsmath@ams@eqpen=\count372
 (/usr/local/texlive/2025/texmf-dist/tex/latex/siunitx/siunitx.sty
Package: siunitx 2025-07-09 v3.4.14 A comprehensive (SI) units package
\l__siunitx_number_uncert_offset_int=\count373
\l__siunitx_number_exponent_fixed_int=\count374
\l__siunitx_number_min_decimal_int=\count375
\l__siunitx_number_min_integer_int=\count376
\l__siunitx_number_round_precision_int=\count377
\l__siunitx_number_lower_threshold_int=\count378
\l__siunitx_number_upper_threshold_int=\count379
\l__siunitx_number_group_first_int=\count380
\l__siunitx_number_group_size_int=\count381
\l__siunitx_number_group_minimum_int=\count382
\l__siunitx_angle_tmp_dim=\dimen307
\l__siunitx_angle_marker_box=\box90
\l__siunitx_angle_unit_box=\box91
\l__siunitx_compound_count_int=\count383
 (/usr/local/texlive/2025/texmf-dist/tex/latex/translations/translations.sty
Package: translations 2022/02/05 v1.12 internationalization of LaTeX2e packages (CN)
 (/usr/local/texlive/2025/texmf-dist/tex/generic/pdftexcmds/pdftexcmds.sty
Package: pdftexcmds 2020-06-27 v0.33 Utility functions of pdfTeX for LuaTeX (HO)
Package pdftexcmds Info: \pdf@primitive is available.
Package pdftexcmds Info: \pdf@ifprimitive is available.
Package pdftexcmds Info: \pdfdraftmode found.
))
\l__siunitx_table_tmp_box=\box92
\l__siunitx_table_tmp_dim=\dimen308
\l__siunitx_table_column_width_dim=\dimen309
\l__siunitx_table_integer_box=\box93
\l__siunitx_table_decimal_box=\box94
\l__siunitx_table_uncert_box=\box95
\l__siunitx_table_before_box=\box96
\l__siunitx_table_after_box=\box97
\l__siunitx_table_before_dim=\dimen310
\l__siunitx_table_carry_dim=\dimen311
\l__siunitx_unit_tmp_int=\count384
\l__siunitx_unit_position_int=\count385
\l__siunitx_unit_total_int=\count386
) (/usr/local/texlive/2025/texmf-dist/tex/latex/floatrow/floatrow.sty
Package: floatrow 2008/08/02 v0.3b floatrow: float package extension
 (/usr/local/texlive/2025/texmf-dist/tex/latex/caption/caption3.sty
Package: caption3 2023/07/31 v2.4d caption3 kernel (AR)
\caption@tempdima=\dimen312
\captionmargin=\dimen313
\caption@leftmargin=\dimen314
\caption@rightmargin=\dimen315
\caption@width=\dimen316
\caption@indent=\dimen317
\caption@parindent=\dimen318
\caption@hangindent=\dimen319
Package caption Info: Standard document class detected.
)
\c@float@type=\count387
\float@exts=\toks38
\float@box=\box98
\@floatcapt=\box99
Package floatrow Info: Modified float package code loaded on input line 455.
Package floatrow Info: Modified rotfloat package code loaded on input line 473.
\FR@everyfloat=\toks39
\flrow@foot=\insert252
\FB@wd=\dimen320
\FBo@wd=\dimen321
\FBc@wd=\dimen322
\FBo@ht=\skip63
\FBc@ht=\skip64
\FBf@ht=\skip65
\FBo@max=\skip66
\FBc@max=\skip67
\FBf@max=\skip68
\c@FBl@b=\count388
\floatbox@depth=\count389
\c@FRobj=\count390
\c@FRsobj=\count391
\Xhsize=\skip69
\sXhsize=\skip70
\Zhsize=\skip71
\sZhsize=\skip72
\flrow@rowbox=\box100
\FR@Zunitlength=\dimen323
\c@FBcnt=\count392
\FPOScnt=\count393
\LTleft=\skip73
\LTright=\skip74
\LTleft=\skip75
\LTright=\skip76
\flrow@types=\toks40
) (/usr/local/texlive/2025/texmf-dist/tex/latex/caption/caption.sty
Package: caption 2023/08/05 v3.6o Customizing captions (AR)
\c@caption@flags=\count394
\c@continuedfloat=\count395
Package caption Info: float package is loaded.
Package caption Info: floatrow package is loaded.
Package caption Info: floatrow package is loaded.
) (/usr/local/texlive/2025/texmf-dist/tex/latex/caption/subcaption.sty
Package: subcaption 2023/07/28 v1.6b Sub-captions (AR)
Package caption Info: New subtype `subfigure' on input line 238.
\c@subfigure=\count396
Package caption Info: New subtype `subtable' on input line 238.
\c@subtable=\count397
)
\floatfootruleindent=\skip77
) (../preamble/general/hyperref.tex (/usr/local/texlive/2025/texmf-dist/tex/latex/url/url.sty
\Urlmuskip=\muskip18
Package: url 2013/09/16  ver 3.4  Verb mode for urls, etc.
) (/usr/local/texlive/2025/texmf-dist/tex/latex/hyperref/hyperref.sty
Package: hyperref 2025-07-12 v7.01o Hypertext links for LaTeX
 (/usr/local/texlive/2025/texmf-dist/tex/generic/kvdefinekeys/kvdefinekeys.sty
Package: kvdefinekeys 2019-12-19 v1.6 Define keys (HO)
) (/usr/local/texlive/2025/texmf-dist/tex/generic/pdfescape/pdfescape.sty
Package: pdfescape 2019/12/09 v1.15 Implements pdfTeX's escape features (HO)
) (/usr/local/texlive/2025/texmf-dist/tex/latex/hycolor/hycolor.sty
Package: hycolor 2020-01-27 v1.10 Color options for hyperref/bookmark (HO)
) (/usr/local/texlive/2025/texmf-dist/tex/latex/hyperref/nameref.sty
Package: nameref 2025-06-21 v2.57 Cross-referencing by name of section
 (/usr/local/texlive/2025/texmf-dist/tex/latex/refcount/refcount.sty
Package: refcount 2019/12/15 v3.6 Data extraction from label references (HO)
) (/usr/local/texlive/2025/texmf-dist/tex/generic/gettitlestring/gettitlestring.sty
Package: gettitlestring 2019/12/15 v1.6 Cleanup title references (HO)
)
\c@section@level=\count398
) (/usr/local/texlive/2025/texmf-dist/tex/generic/stringenc/stringenc.sty
Package: stringenc 2019/11/29 v1.12 Convert strings between diff. encodings (HO)
)
\@linkdim=\dimen324
\Hy@linkcounter=\count399
\Hy@pagecounter=\count400
 (/usr/local/texlive/2025/texmf-dist/tex/latex/hyperref/pd1enc.def
File: pd1enc.def 2025-07-12 v7.01o Hyperref: PDFDocEncoding definition (HO)
Now handling font encoding PD1 ...
... no UTF-8 mapping file for font encoding PD1
) (/usr/local/texlive/2025/texmf-dist/tex/generic/intcalc/intcalc.sty
Package: intcalc 2019/12/15 v1.3 Expandable calculations with integers (HO)
)
\Hy@SavedSpaceFactor=\count401
 (/usr/local/texlive/2025/texmf-dist/tex/latex/hyperref/puenc.def
File: puenc.def 2025-07-12 v7.01o Hyperref: PDF Unicode definition (HO)
Now handling font encoding PU ...
... no UTF-8 mapping file for font encoding PU
)
Package hyperref Info: Hyper figures OFF on input line 4195.
Package hyperref Info: Link nesting OFF on input line 4200.
Package hyperref Info: Hyper index ON on input line 4203.
Package hyperref Info: Plain pages OFF on input line 4210.
Package hyperref Info: Backreferencing OFF on input line 4215.
Package hyperref Info: Implicit mode ON; LaTeX internals redefined.
Package hyperref Info: Bookmarks ON on input line 4462.
\c@Hy@tempcnt=\count402
LaTeX Info: Redefining \url on input line 4801.
\XeTeXLinkMargin=\dimen325
 (/usr/local/texlive/2025/texmf-dist/tex/generic/bitset/bitset.sty
Package: bitset 2019/12/09 v1.3 Handle bit-vector datatype (HO)
 (/usr/local/texlive/2025/texmf-dist/tex/generic/bigintcalc/bigintcalc.sty
Package: bigintcalc 2019/12/15 v1.5 Expandable calculations on big integers (HO)
))
\Fld@menulength=\count403
\Field@Width=\dimen326
\Fld@charsize=\dimen327
Package hyperref Info: Hyper figures OFF on input line 6078.
Package hyperref Info: Link nesting OFF on input line 6083.
Package hyperref Info: Hyper index ON on input line 6086.
Package hyperref Info: backreferencing OFF on input line 6093.
Package hyperref Info: Link coloring OFF on input line 6098.
Package hyperref Info: Link coloring with OCG OFF on input line 6103.
Package hyperref Info: PDF/A mode OFF on input line 6108.
\Hy@abspage=\count404
\c@Item=\count405
\c@Hfootnote=\count406
)
Package hyperref Info: Driver (autodetected): hpdftex.
 (/usr/local/texlive/2025/texmf-dist/tex/latex/hyperref/hpdftex.def
File: hpdftex.def 2025-07-12 v7.01o Hyperref driver for pdfTeX
\Fld@listcount=\count407
\c@bookmark@seq@number=\count408
 (/usr/local/texlive/2025/texmf-dist/tex/latex/rerunfilecheck/rerunfilecheck.sty
Package: rerunfilecheck 2025-06-21 v1.11 Rerun checks for auxiliary files (HO)

(/usr/local/texlive/2025/texmf-dist/tex/generic/uniquecounter/uniquecounter.sty
Package: uniquecounter 2019/12/15 v1.4 Provide unlimited unique counter (HO)
)
Package uniquecounter Info: New unique counter `rerunfilecheck' on input line 284.
)
\Hy@SectionHShift=\skip78
) (/usr/local/texlive/2025/texmf-dist/tex/latex/bookmark/bookmark.sty
Package: bookmark 2023-12-10 v1.31 PDF bookmarks (HO)
 (/usr/local/texlive/2025/texmf-dist/tex/latex/bookmark/bkm-pdftex.def
File: bkm-pdftex.def 2023-12-10 v1.31 bookmark driver for pdfTeX and luaTeX (HO)
\BKM@id=\count409
)) (/usr/local/texlive/2025/texmf-dist/tex/latex/zref/zref-titleref.sty
Package: zref-titleref 2025-06-08 v2.36 Module titleref for zref (HO)
 (/usr/local/texlive/2025/texmf-dist/tex/latex/zref/zref-base.sty
Package: zref-base 2025-06-08 v2.36 Module base for zref (HO)
 (/usr/local/texlive/2025/texmf-dist/tex/latex/auxhook/auxhook.sty
Package: auxhook 2019-12-17 v1.6 Hooks for auxiliary files (HO)
)
Package zref Info: New property list: main on input line 767.
Package zref Info: New property: default on input line 768.
Package zref Info: New property: page on input line 769.
)
Package zref Info: New property: title on input line 58.
) (/usr/local/texlive/2025/texmf-dist/tex/latex/zref-clever/zref-clever.sty
Package: zref-clever 2024-11-28 v0.5.1 Clever LaTeX cross-references based on zref
 (/usr/local/texlive/2025/texmf-dist/tex/latex/zref/zref-user.sty
Package: zref-user 2025-06-08 v2.36 Module user for zref (HO)
) (/usr/local/texlive/2025/texmf-dist/tex/latex/zref/zref-abspage.sty
Package: zref-abspage 2025-06-08 v2.36 Module abspage for zref (HO)
\c@abspage=\count410
Package zref Info: New property: abspage on input line 67.
) (/usr/local/texlive/2025/texmf-dist/tex/latex/oberdiek/ifdraft.sty
Package: ifdraft 2016/05/16 v1.4 Detect class options draft and final (HO)
)
Package zref Info: New property: zc@counter on input line 61.
Package zref Info: New property: thecounter on input line 63.
Package zref Info: New property: zc@type on input line 73.
Package zref Info: New property: zc@cntval on input line 88.
Package zref Info: New property: zc@pgval on input line 103.
Package zref Info: New property: zc@enclval on input line 151.
Package zref Info: New property: zc@enclcnt on input line 157.
\g__zrefclever_page_format_int=\count411
Package zref Info: New property: zc@pgfmt on input line 169.
\l__zrefclever_tmpa_int=\count412
\l__zrefclever_sort_prior_a_int=\count413
\l__zrefclever_sort_prior_b_int=\count414
\l__zrefclever_type_count_int=\count415
\l__zrefclever_label_count_int=\count416
\l__zrefclever_ref_count_int=\count417
\l__zrefclever_range_count_int=\count418
\l__zrefclever_range_same_count_int=\count419
)
Package hyperref Info: Option `colorlinks' set `true' on input line 25.
Package hyperref Info: Option `pdfdisplaydoctitle' set `true' on input line 25.
) (../preamble/misc/macros.tex) (../preamble/misc/packages-macros.tex (/usr/local/texlive/2025/texmf-dist/tex/latex/tcolorbox/tcolorbox.sty
Package: tcolorbox 2025/07/08 version 6.7.1 text color boxes
 (/usr/local/texlive/2025/texmf-dist/tex/latex/pgf/frontendlayer/tikz.sty (/usr/local/texlive/2025/texmf-dist/tex/latex/pgf/basiclayer/pgf.sty (/usr/local/texlive/2025/texmf-dist/tex/latex/pgf/utilities/pgfrcs.sty (/usr/local/texlive/2025/texmf-dist/tex/generic/pgf/utilities/pgfutil-common.tex
\pgfutil@everybye=\toks41
\pgfutil@tempdima=\dimen328
\pgfutil@tempdimb=\dimen329
) (/usr/local/texlive/2025/texmf-dist/tex/generic/pgf/utilities/pgfutil-latex.def
\pgfutil@abb=\box101
) (/usr/local/texlive/2025/texmf-dist/tex/generic/pgf/utilities/pgfrcs.code.tex (/usr/local/texlive/2025/texmf-dist/tex/generic/pgf/pgf.revision.tex)
Package: pgfrcs 2023-01-15 v3.1.10 (3.1.10)
))
Package: pgf 2023-01-15 v3.1.10 (3.1.10)
 (/usr/local/texlive/2025/texmf-dist/tex/latex/pgf/basiclayer/pgfcore.sty (/usr/local/texlive/2025/texmf-dist/tex/latex/pgf/systemlayer/pgfsys.sty (/usr/local/texlive/2025/texmf-dist/tex/generic/pgf/systemlayer/pgfsys.code.tex
Package: pgfsys 2023-01-15 v3.1.10 (3.1.10)
 (/usr/local/texlive/2025/texmf-dist/tex/generic/pgf/utilities/pgfkeys.code.tex
\pgfkeys@pathtoks=\toks42
\pgfkeys@temptoks=\toks43
 (/usr/local/texlive/2025/texmf-dist/tex/generic/pgf/utilities/pgfkeyslibraryfiltered.code.tex
\pgfkeys@tmptoks=\toks44
))
\pgf@x=\dimen330
\pgf@y=\dimen331
\pgf@xa=\dimen332
\pgf@ya=\dimen333
\pgf@xb=\dimen334
\pgf@yb=\dimen335
\pgf@xc=\dimen336
\pgf@yc=\dimen337
\pgf@xd=\dimen338
\pgf@yd=\dimen339
\w@pgf@writea=\write3
\r@pgf@reada=\read2
\c@pgf@counta=\count420
\c@pgf@countb=\count421
\c@pgf@countc=\count422
\c@pgf@countd=\count423
\t@pgf@toka=\toks45
\t@pgf@tokb=\toks46
\t@pgf@tokc=\toks47
\pgf@sys@id@count=\count424
 (/usr/local/texlive/2025/texmf-dist/tex/generic/pgf/systemlayer/pgf.cfg
File: pgf.cfg 2023-01-15 v3.1.10 (3.1.10)
)
Driver file for pgf: pgfsys-pdftex.def
 (/usr/local/texlive/2025/texmf-dist/tex/generic/pgf/systemlayer/pgfsys-pdftex.def
File: pgfsys-pdftex.def 2023-01-15 v3.1.10 (3.1.10)

(/usr/local/texlive/2025/texmf-dist/tex/generic/pgf/systemlayer/pgfsys-common-pdf.def
File: pgfsys-common-pdf.def 2023-01-15 v3.1.10 (3.1.10)
))) (/usr/local/texlive/2025/texmf-dist/tex/generic/pgf/systemlayer/pgfsyssoftpath.code.tex
File: pgfsyssoftpath.code.tex 2023-01-15 v3.1.10 (3.1.10)
\pgfsyssoftpath@smallbuffer@items=\count425
\pgfsyssoftpath@bigbuffer@items=\count426
) (/usr/local/texlive/2025/texmf-dist/tex/generic/pgf/systemlayer/pgfsysprotocol.code.tex
File: pgfsysprotocol.code.tex 2023-01-15 v3.1.10 (3.1.10)
)) (/usr/local/texlive/2025/texmf-dist/tex/generic/pgf/basiclayer/pgfcore.code.tex
Package: pgfcore 2023-01-15 v3.1.10 (3.1.10)
 (/usr/local/texlive/2025/texmf-dist/tex/generic/pgf/math/pgfmath.code.tex (/usr/local/texlive/2025/texmf-dist/tex/generic/pgf/math/pgfmathutil.code.tex) (/usr/local/texlive/2025/texmf-dist/tex/generic/pgf/math/pgfmathparser.code.tex
\pgfmath@dimen=\dimen340
\pgfmath@count=\count427
\pgfmath@box=\box102
\pgfmath@toks=\toks48
\pgfmath@stack@operand=\toks49
\pgfmath@stack@operation=\toks50
) (/usr/local/texlive/2025/texmf-dist/tex/generic/pgf/math/pgfmathfunctions.code.tex) (/usr/local/texlive/2025/texmf-dist/tex/generic/pgf/math/pgfmathfunctions.basic.code.tex) (/usr/local/texlive/2025/texmf-dist/tex/generic/pgf/math/pgfmathfunctions.trigonometric.code.tex) (/usr/local/texlive/2025/texmf-dist/tex/generic/pgf/math/pgfmathfunctions.random.code.tex) (/usr/local/texlive/2025/texmf-dist/tex/generic/pgf/math/pgfmathfunctions.comparison.code.tex) (/usr/local/texlive/2025/texmf-dist/tex/generic/pgf/math/pgfmathfunctions.base.code.tex) (/usr/local/texlive/2025/texmf-dist/tex/generic/pgf/math/pgfmathfunctions.round.code.tex) (/usr/local/texlive/2025/texmf-dist/tex/generic/pgf/math/pgfmathfunctions.misc.code.tex) (/usr/local/texlive/2025/texmf-dist/tex/generic/pgf/math/pgfmathfunctions.integerarithmetics.code.tex) (/usr/local/texlive/2025/texmf-dist/tex/generic/pgf/math/pgfmathcalc.code.tex) (/usr/local/texlive/2025/texmf-dist/tex/generic/pgf/math/pgfmathfloat.code.tex
\c@pgfmathroundto@lastzeros=\count428
)) (/usr/local/texlive/2025/texmf-dist/tex/generic/pgf/math/pgfint.code.tex) (/usr/local/texlive/2025/texmf-dist/tex/generic/pgf/basiclayer/pgfcorepoints.code.tex
File: pgfcorepoints.code.tex 2023-01-15 v3.1.10 (3.1.10)
\pgf@picminx=\dimen341
\pgf@picmaxx=\dimen342
\pgf@picminy=\dimen343
\pgf@picmaxy=\dimen344
\pgf@pathminx=\dimen345
\pgf@pathmaxx=\dimen346
\pgf@pathminy=\dimen347
\pgf@pathmaxy=\dimen348
\pgf@xx=\dimen349
\pgf@xy=\dimen350
\pgf@yx=\dimen351
\pgf@yy=\dimen352
\pgf@zx=\dimen353
\pgf@zy=\dimen354
) (/usr/local/texlive/2025/texmf-dist/tex/generic/pgf/basiclayer/pgfcorepathconstruct.code.tex
File: pgfcorepathconstruct.code.tex 2023-01-15 v3.1.10 (3.1.10)
\pgf@path@lastx=\dimen355
\pgf@path@lasty=\dimen356
) (/usr/local/texlive/2025/texmf-dist/tex/generic/pgf/basiclayer/pgfcorepathusage.code.tex
File: pgfcorepathusage.code.tex 2023-01-15 v3.1.10 (3.1.10)
\pgf@shorten@end@additional=\dimen357
\pgf@shorten@start@additional=\dimen358
)
(/usr/local/texlive/2025/texmf-dist/tex/generic/pgf/basiclayer/pgfcorescopes.code.tex
File: pgfcorescopes.code.tex 2023-01-15 v3.1.10 (3.1.10)
\pgfpic=\box103
\pgf@hbox=\box104
\pgf@layerbox@main=\box105
\pgf@picture@serial@count=\count429
) (/usr/local/texlive/2025/texmf-dist/tex/generic/pgf/basiclayer/pgfcoregraphicstate.code.tex
File: pgfcoregraphicstate.code.tex 2023-01-15 v3.1.10 (3.1.10)
\pgflinewidth=\dimen359
) (/usr/local/texlive/2025/texmf-dist/tex/generic/pgf/basiclayer/pgfcoretransformations.code.tex
File: pgfcoretransformations.code.tex 2023-01-15 v3.1.10 (3.1.10)
\pgf@pt@x=\dimen360
\pgf@pt@y=\dimen361
\pgf@pt@temp=\dimen362
) (/usr/local/texlive/2025/texmf-dist/tex/generic/pgf/basiclayer/pgfcorequick.code.tex
File: pgfcorequick.code.tex 2023-01-15 v3.1.10 (3.1.10)
) (/usr/local/texlive/2025/texmf-dist/tex/generic/pgf/basiclayer/pgfcoreobjects.code.tex
File: pgfcoreobjects.code.tex 2023-01-15 v3.1.10 (3.1.10)
) (/usr/local/texlive/2025/texmf-dist/tex/generic/pgf/basiclayer/pgfcorepathprocessing.code.tex
File: pgfcorepathprocessing.code.tex 2023-01-15 v3.1.10 (3.1.10)
) (/usr/local/texlive/2025/texmf-dist/tex/generic/pgf/basiclayer/pgfcorearrows.code.tex
File: pgfcorearrows.code.tex 2023-01-15 v3.1.10 (3.1.10)
\pgfarrowsep=\dimen363
) (/usr/local/texlive/2025/texmf-dist/tex/generic/pgf/basiclayer/pgfcoreshade.code.tex
File: pgfcoreshade.code.tex 2023-01-15 v3.1.10 (3.1.10)
\pgf@max=\dimen364
\pgf@sys@shading@range@num=\count430
\pgf@shadingcount=\count431
) (/usr/local/texlive/2025/texmf-dist/tex/generic/pgf/basiclayer/pgfcoreimage.code.tex
File: pgfcoreimage.code.tex 2023-01-15 v3.1.10 (3.1.10)
) (/usr/local/texlive/2025/texmf-dist/tex/generic/pgf/basiclayer/pgfcoreexternal.code.tex
File: pgfcoreexternal.code.tex 2023-01-15 v3.1.10 (3.1.10)
\pgfexternal@startupbox=\box106
) (/usr/local/texlive/2025/texmf-dist/tex/generic/pgf/basiclayer/pgfcorelayers.code.tex
File: pgfcorelayers.code.tex 2023-01-15 v3.1.10 (3.1.10)
) (/usr/local/texlive/2025/texmf-dist/tex/generic/pgf/basiclayer/pgfcoretransparency.code.tex
File: pgfcoretransparency.code.tex 2023-01-15 v3.1.10 (3.1.10)
) (/usr/local/texlive/2025/texmf-dist/tex/generic/pgf/basiclayer/pgfcorepatterns.code.tex
File: pgfcorepatterns.code.tex 2023-01-15 v3.1.10 (3.1.10)
) (/usr/local/texlive/2025/texmf-dist/tex/generic/pgf/basiclayer/pgfcorerdf.code.tex
File: pgfcorerdf.code.tex 2023-01-15 v3.1.10 (3.1.10)
))) (/usr/local/texlive/2025/texmf-dist/tex/generic/pgf/modules/pgfmoduleshapes.code.tex
File: pgfmoduleshapes.code.tex 2023-01-15 v3.1.10 (3.1.10)
\pgfnodeparttextbox=\box107
) (/usr/local/texlive/2025/texmf-dist/tex/generic/pgf/modules/pgfmoduleplot.code.tex
File: pgfmoduleplot.code.tex 2023-01-15 v3.1.10 (3.1.10)
) (/usr/local/texlive/2025/texmf-dist/tex/latex/pgf/compatibility/pgfcomp-version-0-65.sty
Package: pgfcomp-version-0-65 2023-01-15 v3.1.10 (3.1.10)
\pgf@nodesepstart=\dimen365
\pgf@nodesepend=\dimen366
) (/usr/local/texlive/2025/texmf-dist/tex/latex/pgf/compatibility/pgfcomp-version-1-18.sty
Package: pgfcomp-version-1-18 2023-01-15 v3.1.10 (3.1.10)
)) (/usr/local/texlive/2025/texmf-dist/tex/latex/pgf/utilities/pgffor.sty (/usr/local/texlive/2025/texmf-dist/tex/latex/pgf/utilities/pgfkeys.sty (/usr/local/texlive/2025/texmf-dist/tex/generic/pgf/utilities/pgfkeys.code.tex)) (/usr/local/texlive/2025/texmf-dist/tex/latex/pgf/math/pgfmath.sty (/usr/local/texlive/2025/texmf-dist/tex/generic/pgf/math/pgfmath.code.tex))
(/usr/local/texlive/2025/texmf-dist/tex/generic/pgf/utilities/pgffor.code.tex
Package: pgffor 2023-01-15 v3.1.10 (3.1.10)
\pgffor@iter=\dimen367
\pgffor@skip=\dimen368
\pgffor@stack=\toks51
\pgffor@toks=\toks52
)) (/usr/local/texlive/2025/texmf-dist/tex/generic/pgf/frontendlayer/tikz/tikz.code.tex
Package: tikz 2023-01-15 v3.1.10 (3.1.10)
 (/usr/local/texlive/2025/texmf-dist/tex/generic/pgf/libraries/pgflibraryplothandlers.code.tex
File: pgflibraryplothandlers.code.tex 2023-01-15 v3.1.10 (3.1.10)
\pgf@plot@mark@count=\count432
\pgfplotmarksize=\dimen369
)
\tikz@lastx=\dimen370
\tikz@lasty=\dimen371
\tikz@lastxsaved=\dimen372
\tikz@lastysaved=\dimen373
\tikz@lastmovetox=\dimen374
\tikz@lastmovetoy=\dimen375
\tikzleveldistance=\dimen376
\tikzsiblingdistance=\dimen377
\tikz@figbox=\box108
\tikz@figbox@bg=\box109
\tikz@tempbox=\box110
\tikz@tempbox@bg=\box111
\tikztreelevel=\count433
\tikznumberofchildren=\count434
\tikznumberofcurrentchild=\count435
\tikz@fig@count=\count436
 (/usr/local/texlive/2025/texmf-dist/tex/generic/pgf/modules/pgfmodulematrix.code.tex
File: pgfmodulematrix.code.tex 2023-01-15 v3.1.10 (3.1.10)
\pgfmatrixcurrentrow=\count437
\pgfmatrixcurrentcolumn=\count438
\pgf@matrix@numberofcolumns=\count439
)
\tikz@expandcount=\count440
 (/usr/local/texlive/2025/texmf-dist/tex/generic/pgf/frontendlayer/tikz/libraries/tikzlibrarytopaths.code.tex
File: tikzlibrarytopaths.code.tex 2023-01-15 v3.1.10 (3.1.10)
))) (/usr/local/texlive/2025/texmf-dist/tex/latex/tools/verbatim.sty
Package: verbatim 2024-01-22 v1.5x LaTeX2e package for verbatim enhancements
\every@verbatim=\toks53
\verbatim@line=\toks54
\verbatim@in@stream=\read3
) (/usr/local/texlive/2025/texmf-dist/tex/latex/environ/environ.sty
Package: environ 2014/05/04 v0.3 A new way to define environments
 (/usr/local/texlive/2025/texmf-dist/tex/latex/trimspaces/trimspaces.sty
Package: trimspaces 2009/09/17 v1.1 Trim spaces around a token list
))
\tcb@titlebox=\box112
\tcb@upperbox=\box113
\tcb@lowerbox=\box114
\tcb@phantombox=\box115
\c@tcbbreakpart=\count441
\c@tcblayer=\count442
\c@tcolorbox@number=\count443
\l__tcobox_tmpa_box=\box116
\l__tcobox_tmpa_dim=\dimen378
\tcb@temp=\box117
\tcb@temp=\box118
\tcb@temp=\box119
\tcb@temp=\box120
)) (../preamble/misc/tikz.tex (/usr/local/texlive/2025/texmf-dist/tex/generic/pgf/frontendlayer/tikz/libraries/tikzlibraryfadings.code.tex
File: tikzlibraryfadings.code.tex 2023-01-15 v3.1.10 (3.1.10)
 (/usr/local/texlive/2025/texmf-dist/tex/generic/pgf/libraries/pgflibraryfadings.code.tex
File: pgflibraryfadings.code.tex 2023-01-15 v3.1.10 (3.1.10)
)) (/usr/local/texlive/2025/texmf-dist/tex/generic/pgf/libraries/pgflibraryarrows.meta.code.tex
File: pgflibraryarrows.meta.code.tex 2023-01-15 v3.1.10 (3.1.10)
\pgfarrowinset=\dimen379
\pgfarrowlength=\dimen380
\pgfarrowwidth=\dimen381
\pgfarrowlinewidth=\dimen382
) (/usr/local/texlive/2025/texmf-dist/tex/generic/pgf/frontendlayer/tikz/libraries/tikzlibrarycalc.code.tex
File: tikzlibrarycalc.code.tex 2023-01-15 v3.1.10 (3.1.10)
) (/usr/local/texlive/2025/texmf-dist/tex/generic/tikz-cd/tikzlibrarycd.code.tex (/usr/local/texlive/2025/texmf-dist/tex/generic/pgf/frontendlayer/tikz/libraries/tikzlibrarymatrix.code.tex
File: tikzlibrarymatrix.code.tex 2023-01-15 v3.1.10 (3.1.10)
) (/usr/local/texlive/2025/texmf-dist/tex/generic/pgf/frontendlayer/tikz/libraries/tikzlibraryquotes.code.tex
File: tikzlibraryquotes.code.tex 2023-01-15 v3.1.10 (3.1.10)
)) (/usr/local/texlive/2025/texmf-dist/tex/generic/pgf/frontendlayer/tikz/libraries/tikzlibrarydecorations.pathmorphing.code.tex (/usr/local/texlive/2025/texmf-dist/tex/generic/pgf/frontendlayer/tikz/libraries/tikzlibrarydecorations.code.tex (/usr/local/texlive/2025/texmf-dist/tex/generic/pgf/modules/pgfmoduledecorations.code.tex
\pgfdecoratedcompleteddistance=\dimen383
\pgfdecoratedremainingdistance=\dimen384
\pgfdecoratedinputsegmentcompleteddistance=\dimen385
\pgfdecoratedinputsegmentremainingdistance=\dimen386
\pgf@decorate@distancetomove=\dimen387
\pgf@decorate@repeatstate=\count444
\pgfdecorationsegmentamplitude=\dimen388
\pgfdecorationsegmentlength=\dimen389
)
\tikz@lib@dec@box=\box121
) (/usr/local/texlive/2025/texmf-dist/tex/generic/pgf/libraries/decorations/pgflibrarydecorations.pathmorphing.code.tex)) (/usr/local/texlive/2025/texmf-dist/tex/generic/pgf/frontendlayer/tikz/libraries/tikzlibrarydecorations.markings.code.tex
(/usr/local/texlive/2025/texmf-dist/tex/generic/pgf/libraries/decorations/pgflibrarydecorations.markings.code.tex)) (/usr/local/texlive/2025/texmf-dist/tex/generic/pgf/frontendlayer/tikz/libraries/tikzlibrarytrees.code.tex
File: tikzlibrarytrees.code.tex 2023-01-15 v3.1.10 (3.1.10)
) (/usr/local/texlive/2025/texmf-dist/tex/generic/pgf/frontendlayer/tikz/libraries/tikzlibraryfit.code.tex
File: tikzlibraryfit.code.tex 2023-01-15 v3.1.10 (3.1.10)
)) (../preamble/misc/inkscape.tex (/usr/local/texlive/2025/texmf-dist/tex/latex/tools/shellesc.sty
Package: shellesc 2023/07/08 v1.0d unified shell escape interface for LaTeX
Package shellesc Info: Unrestricted shell escape enabled on input line 75.
) (/usr/local/texlive/2025/texmf-dist/tex/latex/filemod/filemod.sty
Package: filemod 2011/09/19 v1.2 Get and compare file modification times
 (/usr/local/texlive/2025/texmf-dist/tex/latex/filemod/filemod-expmin.sty
Package: filemod-expmin 2011/09/19 v1.2 Get and compare file modification times (expandable; minimal)
))) (../preamble/layout/geometry.tex (/usr/local/texlive/2025/texmf-dist/tex/latex/geometry/geometry.sty
Package: geometry 2020/01/02 v5.9 Page Geometry
 (/usr/local/texlive/2025/texmf-dist/tex/generic/iftex/ifvtex.sty
Package: ifvtex 2019/10/25 v1.7 ifvtex legacy package. Use iftex instead.
)
\Gm@cnth=\count445
\Gm@cntv=\count446
\c@Gm@tempcnt=\count447
\Gm@bindingoffset=\dimen390
\Gm@wd@mp=\dimen391
\Gm@odd@mp=\dimen392
\Gm@even@mp=\dimen393
\Gm@layoutwidth=\dimen394
\Gm@layoutheight=\dimen395
\Gm@layouthoffset=\dimen396
\Gm@layoutvoffset=\dimen397
\Gm@dimlist=\toks55
) (/usr/local/texlive/2025/texmf-dist/tex/latex/mparhack/mparhack.sty
Package: mparhack 2021-05-02 v1.5 (T. Sgouros and S. Ulrich)
) (/usr/local/texlive/2025/texmf-dist/tex/latex/marginfix/marginfix.sty
Package: marginfix 2020/05/06 v1.2 Fix Margin Paragraphs
\Mfx@inject@insert=\insert251
\Mfx@marginbox=\box122
\Mfx@marginpos@min=\dimen398
\Mfx@marginpos@max=\dimen399
\Mfx@marginspace=\dimen400
\Mfx@marginheight=\dimen401
\Mfx@piece@content=\box123
\Mfx@piece@count=\count448
\Mfx@mparshift=\dimen402
\marginheightadjustment=\dimen403
\marginposadjustment=\dimen404
\Mfx@strutheight=\dimen405
)
==> First Aid for marginfix.sty applied!
(/usr/local/texlive/2025/texmf-dist/tex/latex/pict2e/pict2e.sty
Package: pict2e 2020/09/30 v0.4b Improved picture commands (HjG,RN,JT)
 (/usr/local/texlive/2025/texmf-dist/tex/latex/pict2e/pict2e.cfg
File: pict2e.cfg 2016/02/05 v0.1u pict2e configuration for teTeX/TeXLive
)
Package pict2e Info: Driver file: pdftex.def on input line 112.
Package pict2e Info: Driver file for pict2e: p2e-pdftex.def on input line 114.
 (/usr/local/texlive/2025/texmf-dist/tex/latex/pict2e/p2e-pdftex.def
File: p2e-pdftex.def 2016/02/05 v0.1u Driver-dependant file (RN,HjG,JT)
)
\pIIe@GRAPH=\toks56
\@arclen=\dimen406
\@arcrad=\dimen407
\pIIe@tempdima=\dimen408
\pIIe@tempdimb=\dimen409
\pIIe@tempdimc=\dimen410
\pIIe@tempdimd=\dimen411
\pIIe@tempdime=\dimen412
\pIIe@tempdimf=\dimen413
) (/usr/local/texlive/2025/texmf-dist/tex/latex/sidenotes/sidenotes.sty (/usr/local/texlive/2025/texmf-dist/tex/latex/l3packages/l3keys2e/l3keys2e.sty
Package: l3keys2e 2024-08-16 LaTeX2e option processing using LaTeX3 keys
)
Package: sidenotes 2024/09/12 v1.20 Rich text in the margin for LaTeX
 (/usr/local/texlive/2025/texmf-dist/tex/latex/marginnote/marginnote.sty
Package: marginnote 2018/08/09 1.4b non floating margin notes for LaTeX
\c@mn@abspage=\count449
) (/usr/local/texlive/2025/texmf-dist/tex/latex/changepage/changepage.sty
Package: changepage 2009/10/20 v1.0c check page and change page layout
\c@cp@cntr=\count450
\cp@tempcnt=\count451
LaTeX Info: Redefining \checkoddpage on input line 59.
)
\c@sidenote=\count452
\@sidenotes@marginfigurebox=\box124
\@sidenotes@margintablebox=\box125
) (/usr/local/texlive/2025/texmf-dist/tex/latex/tools/multicol.sty
Package: multicol 2025/05/25 v2.0a multicolumn formatting (FMi)
\c@tracingmulticols=\count453
\mult@box=\box126
\multicol@leftmargin=\dimen414
\c@unbalance=\count454
\c@collectmore=\count455
\doublecol@number=\count456
\multicoltolerance=\count457
\multicolpretolerance=\count458
\full@width=\dimen415
\page@free=\dimen416
\premulticols=\dimen417
\postmulticols=\dimen418
\multicolsep=\skip79
\multicolbaselineskip=\skip80
\partial@page=\box127
\last@line=\box128
\mc@boxedresult=\box129
\maxbalancingoverflow=\dimen419
\mult@rightbox=\box130
\mult@grightbox=\box131
\mult@firstbox=\box132
\mult@gfirstbox=\box133
\@tempa=\box134
\@tempa=\box135
\@tempa=\box136
\@tempa=\box137
\@tempa=\box138
\@tempa=\box139
\@tempa=\box140
\@tempa=\box141
\@tempa=\box142
\@tempa=\box143
\@tempa=\box144
\@tempa=\box145
\@tempa=\box146
\@tempa=\box147
\@tempa=\box148
\@tempa=\box149
\@tempa=\box150
\@tempa=\box151
\@tempa=\box152
\@tempa=\box153
\@tempa=\box154
\@tempa=\box155
\@tempa=\box156
\@tempa=\box157
\@tempa=\box158
\@tempa=\box159
\@tempa=\box160
\@tempa=\box161
\@tempa=\box162
\@tempa=\box163
\@tempa=\box164
\@tempa=\box165
\@tempa=\box166
\@tempa=\box167
\@tempa=\box168
\@tempa=\box169
\c@minrows=\count459
\c@columnbadness=\count460
\c@finalcolumnbadness=\count461
\last@try=\dimen420
\multicolovershoot=\dimen421
\multicolundershoot=\dimen422
\mult@nat@firstbox=\box170
\colbreak@box=\box171
\mc@col@check@num=\count462
\g__mc_curr_col_int=\count463
)) (../preamble/layout/numbering.tex) (../preamble/layout/headers.tex (/usr/local/texlive/2025/texmf-dist/tex/latex/fancyhdr/fancyhdr.sty
Package: fancyhdr 2025/02/07 v5.2 Extensive control of page headers and footers
\f@nch@headwidth=\skip81
\f@nch@offset@elh=\skip82
\f@nch@offset@erh=\skip83
\f@nch@offset@olh=\skip84
\f@nch@offset@orh=\skip85
\f@nch@offset@elf=\skip86
\f@nch@offset@erf=\skip87
\f@nch@offset@olf=\skip88
\f@nch@offset@orf=\skip89
\f@nch@height=\skip90
\f@nch@footalignment=\skip91
\f@nch@widthL=\skip92
\f@nch@widthC=\skip93
\f@nch@widthR=\skip94
\@temptokenb=\toks57
) (/usr/local/texlive/2025/texmf-dist/tex/latex/titlesec/titlesec.sty
Package: titlesec 2025/01/04 v2.17 Sectioning titles
\ttl@box=\box172
\beforetitleunit=\skip95
\aftertitleunit=\skip96
\ttl@plus=\dimen423
\ttl@minus=\dimen424
\ttl@toksa=\toks58
\titlewidth=\dimen425
\titlewidthlast=\dimen426
\titlewidthfirst=\dimen427
)) (../preamble/layout/titles.tex

! LaTeX cmd Error: Command '\chapternotnumbered' already defined.

For immediate help type H <return>.
 ...                                              
                                                  
l.6 }
     

You have used \NewDocumentCommand with a command that already has a
definition.

The existing definition of '\chapternotnumbered' will not be altered.



! LaTeX cmd Error: Command '\chaphead' already defined.

For immediate help type H <return>.
 ...                                              
                                                  
l.39 }
      

You have used \NewDocumentCommand with a command that already has a
definition.

The existing definition of '\chaphead' will not be altered.


) (../preamble/layout/toc.tex (/usr/local/texlive/2025/texmf-dist/tex/latex/titlesec/titletoc.sty
Package: titletoc 2025/01/04 v2.17 TOC entries
\ttl@leftsep=\dimen428
) (/usr/local/texlive/2025/texmf-dist/tex/latex/tocbibind/tocbibind.sty
Package: tocbibind 2010/10/13 v1.5k extra ToC listings
Package tocbibind Info: The document has chapter divisions on input line 50.


Package tocbibind Note: Using chapter style headings, unless overridden.

)) (../preamble/references/biblatex.tex (/usr/local/texlive/2025/texmf-dist/tex/latex/biblatex/biblatex.sty
Package: biblatex 2025/07/10 v3.21 programmable bibliographies (PK/MW)
 (/usr/local/texlive/2025/texmf-dist/tex/latex/logreq/logreq.sty
Package: logreq 2010/08/04 v1.0 xml request logger
\lrq@indent=\count464
 (/usr/local/texlive/2025/texmf-dist/tex/latex/logreq/logreq.def
File: logreq.def 2010/08/04 v1.0 logreq spec v1.0
))
\c@tabx@nest=\count465
\c@listtotal=\count466
\c@listcount=\count467
\c@liststart=\count468
\c@liststop=\count469
\c@citecount=\count470
\c@citetotal=\count471
\c@multicitecount=\count472
\c@multicitetotal=\count473
\c@instcount=\count474
\c@maxnames=\count475
\c@minnames=\count476
\c@maxitems=\count477
\c@minitems=\count478
\c@citecounter=\count479
\c@maxcitecounter=\count480
\c@savedcitecounter=\count481
\c@uniquelist=\count482
\c@uniquename=\count483
\c@refsection=\count484
\c@refsegment=\count485
\c@maxextratitle=\count486
\c@maxextratitleyear=\count487
\c@maxextraname=\count488
\c@maxextradate=\count489
\c@maxextraalpha=\count490
\c@abbrvpenalty=\count491
\c@highnamepenalty=\count492
\c@lownamepenalty=\count493
\c@maxparens=\count494
\c@parenlevel=\count495
\blx@tempcnta=\count496
\blx@tempcntb=\count497
\blx@tempcntc=\count498
\c@blx@maxsection=\count499
\blx@maxsegment@0=\count500
\blx@notetype=\count501
\blx@parenlevel@text=\count502
\blx@parenlevel@foot=\count503
\blx@sectionciteorder@0=\count504
\blx@sectionciteorderinternal@0=\count505
\blx@entrysetcounter=\count506
\blx@biblioinstance=\count507
\labelnumberwidth=\skip97
\labelalphawidth=\skip98
\biblabelsep=\skip99
\bibitemsep=\skip100
\bibnamesep=\skip101
\bibinitsep=\skip102
\bibparsep=\skip103
\bibhang=\skip104
\blx@bcfin=\read4
\blx@bcfout=\write4
\blx@langwohyphens=\language90
\c@mincomprange=\count508
\c@maxcomprange=\count509
\c@mincompwidth=\count510
Package biblatex Info: Trying to load biblatex default data model...
Package biblatex Info: ... file 'blx-dm.def' found.
 (/usr/local/texlive/2025/texmf-dist/tex/latex/biblatex/blx-dm.def
File: blx-dm.def 2025/07/10 v3.21 biblatex datamodel (PK/MW)
)
Package biblatex Info: Trying to load biblatex style data model...
Package biblatex Info: ... file 'preamble/references/biblatex-extra-fields.dbx' found.
 (../preamble/references/biblatex-extra-fields.dbx)
Package biblatex Info: Trying to load biblatex custom data model...
Package biblatex Info: ... file 'biblatex-dm.cfg' not found.
\c@afterword=\count511
\c@savedafterword=\count512
\c@annotator=\count513
\c@savedannotator=\count514
\c@author=\count515
\c@savedauthor=\count516
\c@bookauthor=\count517
\c@savedbookauthor=\count518
\c@commentator=\count519
\c@savedcommentator=\count520
\c@editor=\count521
\c@savededitor=\count522
\c@editora=\count523
\c@savededitora=\count524
\c@editorb=\count525
\c@savededitorb=\count526
\c@editorc=\count527
\c@savededitorc=\count528
\c@foreword=\count529
\c@savedforeword=\count530
\c@holder=\count531
\c@savedholder=\count532
\c@introduction=\count533
\c@savedintroduction=\count534
\c@namea=\count535
\c@savednamea=\count536
\c@nameb=\count537
\c@savednameb=\count538
\c@namec=\count539
\c@savednamec=\count540
\c@translator=\count541
\c@savedtranslator=\count542
\c@shortauthor=\count543
\c@savedshortauthor=\count544
\c@shorteditor=\count545
\c@savedshorteditor=\count546
\c@labelname=\count547
\c@savedlabelname=\count548
\c@institution=\count549
\c@savedinstitution=\count550
\c@lista=\count551
\c@savedlista=\count552
\c@listb=\count553
\c@savedlistb=\count554
\c@listc=\count555
\c@savedlistc=\count556
\c@listd=\count557
\c@savedlistd=\count558
\c@liste=\count559
\c@savedliste=\count560
\c@listf=\count561
\c@savedlistf=\count562
\c@location=\count563
\c@savedlocation=\count564
\c@organization=\count565
\c@savedorganization=\count566
\c@origlocation=\count567
\c@savedoriglocation=\count568
\c@origpublisher=\count569
\c@savedorigpublisher=\count570
\c@publisher=\count571
\c@savedpublisher=\count572
\c@language=\count573
\c@savedlanguage=\count574
\c@origlanguage=\count575
\c@savedoriglanguage=\count576
\c@pageref=\count577
\c@savedpageref=\count578
\shorthandwidth=\skip105
\shortjournalwidth=\skip106
\shortserieswidth=\skip107
\shorttitlewidth=\skip108
\shortauthorwidth=\skip109
\shorteditorwidth=\skip110
\locallabelnumberwidth=\skip111
\locallabelalphawidth=\skip112
\localshorthandwidth=\skip113
\localshortjournalwidth=\skip114
\localshortserieswidth=\skip115
\localshorttitlewidth=\skip116
\localshortauthorwidth=\skip117
\localshorteditorwidth=\skip118
Package biblatex Info: Trying to load compatibility code...
Package biblatex Info: ... file 'blx-compat.def' found.
 (/usr/local/texlive/2025/texmf-dist/tex/latex/biblatex/blx-compat.def
File: blx-compat.def 2025/07/10 v3.21 biblatex compatibility (PK/MW)
)
Package biblatex Info: Trying to load generic definitions...
Package biblatex Info: ... file 'biblatex.def' found.
 (/usr/local/texlive/2025/texmf-dist/tex/latex/biblatex/biblatex.def
File: biblatex.def 2025/07/10 v3.21 biblatex compatibility (PK/MW)
\c@textcitecount=\count579
\c@textcitetotal=\count580
\c@textcitemaxnames=\count581
\c@biburlbigbreakpenalty=\count582
\c@biburlbreakpenalty=\count583
\c@biburlnumpenalty=\count584
\c@biburlucpenalty=\count585
\c@biburllcpenalty=\count586
\biburlbigskip=\muskip19
\biburlnumskip=\muskip20
\biburlucskip=\muskip21
\biburllcskip=\muskip22
\c@smartand=\count587
)
Package biblatex Info: Trying to load bibliography style 'ext-numeric-verb'...
Package biblatex Info: ... file 'ext-numeric-verb.bbx' found.
 (/usr/local/texlive/2025/texmf-dist/tex/latex/biblatex-ext/ext-numeric-verb.bbx
File: ext-numeric-verb.bbx 2025/06/24 v0.20 extended biblatex numeric-verb bibliography style (MW)
Package biblatex Info: Trying to load bibliography style 'ext-standard'...
Package biblatex Info: ... file 'ext-standard.bbx' found.
 (/usr/local/texlive/2025/texmf-dist/tex/latex/biblatex-ext/ext-standard.bbx
File: ext-standard.bbx 2025/06/24 v0.20 extended biblatex standard style (MW)
Package biblatex Info: Trying to load auxiliary code for ext-biblatex...
Package biblatex Info: ... file 'ext-biblatex-aux.def' found.
 (/usr/local/texlive/2025/texmf-dist/tex/latex/biblatex-ext/ext-biblatex-aux.def
File: ext-biblatex-aux.def 2025/06/24 v0.20 auxiliaries for extended biblatex citation style (MW)
)
Package biblatex Info: Trying to load bibliography style 'standard'...
Package biblatex Info: ... file 'standard.bbx' found.
 (/usr/local/texlive/2025/texmf-dist/tex/latex/biblatex/bbx/standard.bbx
File: standard.bbx 2025/07/10 v3.21 biblatex bibliography style (PK/MW)
\c@bbx:relatedcount=\count588
\c@bbx:relatedtotal=\count589
)
\extbl@this@introcitewidth=\skip119
\introcitewidth=\skip120
\introcitesep=\skip121
Package biblatex Info: Delimiter 'innametitledelim' in context 'bib' already defined, overwriting.
Package biblatex Info: Delimiter 'innametitledelim' in context 'biblist' already defined, overwriting.
)
Package biblatex Info: Trying to load bibliography style 'numeric-verb'...
Package biblatex Info: ... file 'numeric-verb.bbx' found.
 (/usr/local/texlive/2025/texmf-dist/tex/latex/biblatex/bbx/numeric-verb.bbx
File: numeric-verb.bbx 2025/07/10 v3.21 biblatex bibliography style (PK/MW)
Package biblatex Info: Trying to load bibliography style 'numeric'...
Package biblatex Info: ... file 'numeric.bbx' found.
 (/usr/local/texlive/2025/texmf-dist/tex/latex/biblatex/bbx/numeric.bbx
File: numeric.bbx 2025/07/10 v3.21 biblatex bibliography style (PK/MW)
)))
Package biblatex Info: Trying to load citation style 'ext-numeric-verb'...
Package biblatex Info: ... file 'ext-numeric-verb.cbx' found.
 (/usr/local/texlive/2025/texmf-dist/tex/latex/biblatex-ext/ext-numeric-verb.cbx
File: ext-numeric-verb.cbx 2025/06/24 v0.20 extended biblatex numeric-verb citation style (MW)
Package biblatex Info: Trying to load citation style 'numeric-verb'...
Package biblatex Info: ... file 'numeric-verb.cbx' found.
 (/usr/local/texlive/2025/texmf-dist/tex/latex/biblatex/cbx/numeric-verb.cbx
File: numeric-verb.cbx 2025/07/10 v3.21 biblatex citation style (PK/MW)
Package biblatex Info: Redefining '\cite'.
Package biblatex Info: Redefining '\parencite'.
Package biblatex Info: Redefining '\footcite'.
Package biblatex Info: Redefining '\footcitetext'.
Package biblatex Info: Redefining '\smartcite'.
Package biblatex Info: Redefining '\textcite'.
Package biblatex Info: Redefining '\supercite'.
Package biblatex Info: Redefining '\parencites'.
Package biblatex Info: Redefining '\smartcites'.
Package biblatex Info: Redefining '\textcites'.
)
Package biblatex Info: Redefining '\cite'.
Package biblatex Info: Redefining '\parencite'.
Package biblatex Info: Redefining '\footcite'.
Package biblatex Info: Redefining '\footcitetext'.
Package biblatex Info: Redefining '\smartcite'.
Package biblatex Info: Redefining '\textcite'.
Package biblatex Info: Redefining '\supercite'.
Package biblatex Info: Redefining '\parencites'.
Package biblatex Info: Redefining '\footcites'.
Package biblatex Info: Redefining '\footcitetexts'.
Package biblatex Info: Redefining '\smartcites'.
Package biblatex Info: Redefining '\textcites'.
)
Package biblatex Info: Trying to load configuration file...
Package biblatex Info: ... file 'biblatex.cfg' found.
 (/usr/local/texlive/2025/texmf-dist/tex/latex/biblatex/biblatex.cfg
File: biblatex.cfg 
)
Package biblatex Info: Input encoding 'utf8' detected.
Package biblatex Info: Document encoding is UTF8 ....
Package biblatex Info: ... and expl3
(biblatex)             2025-07-19 L3 programming layer (loader) 
(biblatex)             is new enough (at least 2020/04/06),
(biblatex)             setting 'casechanger=expl3'.
 (/usr/local/texlive/2025/texmf-dist/tex/latex/biblatex/blx-case-expl3.sty
Package: blx-case-expl3 2025/07/10 v3.21 expl3 case changing code for biblatex
)) (../preamble/references/fields.tex) (../preamble/references/cite.tex) (../preamble/references/style.tex
Package biblatex Info: Delimiter 'editortypedelim' in context '' already defined, overwriting on input line 24.
) (../preamble/references/doi-eprint-url.tex) (../preamble/references/backref.tex)) (../preamble/math/packages.tex (/usr/local/texlive/2025/texmf-dist/tex/latex/mathtools/mathtools.sty
Package: mathtools 2024/10/04 v1.31 mathematical typesetting tools
 (/usr/local/texlive/2025/texmf-dist/tex/latex/mathtools/mhsetup.sty
Package: mhsetup 2021/03/18 v1.4 programming setup (MH)
)
\g_MT_multlinerow_int=\count590
\l_MT_multwidth_dim=\dimen429
\origjot=\skip122
\l_MT_shortvdotswithinadjustabove_dim=\dimen430
\l_MT_shortvdotswithinadjustbelow_dim=\dimen431
\l_MT_above_intertext_sep=\dimen432
\l_MT_below_intertext_sep=\dimen433
\l_MT_above_shortintertext_sep=\dimen434
\l_MT_below_shortintertext_sep=\dimen435
\xmathstrut@box=\box173
\xmathstrut@dim=\dimen436
) (/usr/local/texlive/2025/texmf-dist/tex/latex/scalerel/scalerel.sty
Package: scalerel 2016/12/29 v1.8 Routines for constrained scaling and stretching of objects, relative to a reference object or in absolute terms
\thesrwidth=\skip123
\thesrheight=\skip124
\srblobheight=\skip125
\srblobdepth=\skip126
\mnxsrwidth=\skip127
\LMex=\skip128
\LMpt=\skip129
) (/usr/local/texlive/2025/texmf-dist/tex/latex/amsfonts/amsfonts.sty
Package: amsfonts 2013/01/14 v3.01 Basic AMSFonts support
\symAMSa=\mathgroup4
\symAMSb=\mathgroup5
LaTeX Font Info:    Redeclaring math symbol \hbar on input line 98.
LaTeX Font Info:    Overwriting math alphabet `\mathfrak' in version `bold'
(Font)                  U/euf/m/n --> U/euf/b/n on input line 106.
) (/usr/local/texlive/2025/texmf-dist/tex/latex/amsfonts/amssymb.sty
Package: amssymb 2013/01/14 v3.01 AMS font symbols
) (/usr/local/texlive/2025/texmf-dist/tex/latex/tools/bm.sty
Package: bm 2023/12/19 v1.2f Bold Symbol Support (DPC/FMi)
\symboldoperators=\mathgroup6
\symboldletters=\mathgroup7
\symboldsymbols=\mathgroup8
Package bm Info: No bold for \OMX/cmex/m/n, using \pmb.
Package bm Info: No bold for \U/msa/m/n, using \pmb.
Package bm Info: No bold for \U/msb/m/n, using \pmb.
LaTeX Font Info:    Redeclaring math alphabet \mathbf on input line 149.
) (/usr/local/texlive/2025/texmf-dist/tex/latex/physics/physics.sty
Package: physics 
)
(/usr/local/texlive/2025/texmf-dist/tex/latex/tensind/tensind.sty
Package: tensind 1998/05/01 v1.1 Tensorial Indexes
\tsi@dimen=\dimen437
\primes=\dimen438
) (/usr/local/texlive/2025/texmf-dist/tex/latex/mathfixs/mathfixs.sty
Package: mathfixs 2025/03/25 v1.1.3 various fixes for math mode
) (/usr/local/texlive/2025/texmf-dist/tex/latex/delimset/delimset.sty
Package: delimset 2025/03/27 v2.2.2 convenient size control for delimiter sets
\dlm@size=\skip130
\delimsize=\skip131
\dlm@reg@lvl=\count591
)) (../preamble/math/fonts.tex
LaTeX Font Info:    Overwriting math alphabet `\mathsf' in version `bold'
(Font)                  OT1/cmss/bx/n --> T1/cmss/sbc/n on input line 5.
LaTeX Font Info:    Overwriting math alphabet `\mathsfit' in version `bold'
(Font)                  T1/cmss/m/sl --> T1/cmss/b/sl on input line 10.
\c@mv@sans=\count592
LaTeX Font Info:    Overwriting symbol font `operators' in version `sans'
(Font)                  OT1/cmr/m/n --> OT1/cmbr/m/n on input line 18.
LaTeX Font Info:    Overwriting symbol font `letters' in version `sans'
(Font)                  OML/cmm/m/it --> OML/cmbrm/m/it on input line 19.
LaTeX Font Info:    Overwriting symbol font `symbols' in version `sans'
(Font)                  OMS/cmsy/m/n --> OMS/cmbrs/m/n on input line 20.
LaTeX Font Info:    Overwriting symbol font `largesymbols' in version `sans'
(Font)                  OMX/cmex/m/n --> OMX/iwona/m/n on input line 21.
LaTeX Font Info:    Overwriting math alphabet `\mathit' in version `sans'
(Font)                  OT1/cmr/m/it --> OT1/cmbr/m/sl on input line 22.
LaTeX Font Info:    Overwriting math alphabet `\mathsf' in version `sans'
(Font)                  OT1/cmss/m/n --> OT1/lmss/m/n on input line 23.
LaTeX Font Info:    Overwriting math alphabet `\mathbf' in version `sans'
(Font)                  OT1/cmr/bx/n --> OT1/cmbr/bx/n on input line 24.
LaTeX Font Info:    Overwriting math alphabet `\mathtt' in version `sans'
(Font)                  OT1/cmtt/m/n --> OT1/cmtl/m/n on input line 25.
\c@mv@boldsans=\count593
LaTeX Font Info:    Overwriting symbol font `operators' in version `boldsans'
(Font)                  OT1/cmr/m/n --> OT1/cmbr/b/n on input line 29.
LaTeX Font Info:    Overwriting symbol font `letters' in version `boldsans'
(Font)                  OML/cmm/m/it --> OML/cmbrm/b/it on input line 30.
LaTeX Font Info:    Overwriting symbol font `largesymbols' in version `boldsans'
(Font)                  OMX/cmex/m/n --> OMX/iwona/bx/n on input line 31.
LaTeX Font Info:    Overwriting math alphabet `\mathit' in version `boldsans'
(Font)                  OT1/cmr/m/it --> OT1/cmbr/b/sl on input line 32.
LaTeX Font Info:    Overwriting math alphabet `\mathsf' in version `boldsans'
(Font)                  OT1/cmss/m/n --> OT1/lmss/sbc/n on input line 33.
LaTeX Font Info:    Overwriting math alphabet `\mathbf' in version `boldsans'
(Font)                  > OT1/cmbr/bx/n on input line 34.
LaTeX Font Info:    Overwriting math alphabet `\mathtt' in version `boldsans'
(Font)                  OT1/cmtt/m/n --> OT1/cmtl/b/n on input line 35.
\symsfletters=\mathgroup9
\symsflettersbold=\mathgroup10
\symstmry=\mathgroup11
) (../preamble/math/macros.tex
LaTeX Font Info:    Redeclaring math symbol \setminus on input line 204.
 (/usr/local/texlive/2025/texmf-dist/tex/latex/ytableau/ytableau.sty
Package: ytableau 2021/06/12 v1.4 Many-featured Young tableaux and Young diagrams
\tableaux@YT=\box174
\thistableau@YT=\box175
\refhtdp@YT=\box176
\toks@YT=\toks59
\opttoksa@YT=\toks60
\opttoksb@YT=\toks61
\boxdim@YT=\dimen439
\tableauwd@YT=\dimen440
\count@YT=\count594
 (/usr/local/texlive/2025/texmf-dist/tex/latex/pgfopts/pgfopts.sty
Package: pgfopts 2014/07/10 v2.1a LaTeX package options with pgfkeys
\pgfopts@list@add@a@toks=\toks62
\pgfopts@list@add@b@toks=\toks63
))
\argumentbox=\box177
) (../preamble/math/spacing.tex
\halfhphantomlength=\skip132
) (../preamble/environments/init.tex (/usr/local/texlive/2025/texmf-dist/tex/latex/keytheorems/keytheorems.sty
Package: keytheorems 2025-07-16 v0.3.1 l3keys interface to amsthm
 (/usr/local/texlive/2025/texmf-dist/tex/latex/oberdiek/aliascnt.sty
Package: aliascnt 2018/09/07 v1.5 Alias counters (HO)
) (/usr/local/texlive/2025/texmf-dist/tex/latex/amscls/amsthm.sty
Package: amsthm 2020/05/29 v2.20.6
\thm@style=\toks64
\thm@bodyfont=\toks65
\thm@headfont=\toks66
\thm@notefont=\toks67
\thm@headpunct=\toks68
\thm@preskip=\skip133
\thm@postskip=\skip134
\thm@headsep=\skip135
\dth@everypar=\toks69
)
\l__keythms_tmpa_dim=\dimen441
\l__keythms_thm_currparindent_dim=\dimen442
\l__keythms_thm_currparskip_dim=\dimen443
\l__keythms_thm_tcbstate_int=\count595
\c@keythms_restate_dummyctr=\count596
\c@keythms_continues_dummyctr=\count597
\c@keythms_unnumbered_dummyctr=\count598
\c@keythms_manualnum_dummyctr=\count599
\l__keythms_thm_leftmargin_dim=\dimen444
\l__keythms_thm_rightmargin_dim=\dimen445
\keythms@listof@chaptervspace@dim=\dimen446
\l__keythms_listof_indent_dim=\dimen447
\l__keythms_listof_numwidth_dim=\dimen448
\g_keythms_listof_prevchapter_int=\count600
) (/usr/local/texlive/2025/texmf-dist/tex/latex/tcolorbox/tcbskins.code.tex
Library (tcolorbox): 'tcbskins.code.tex' version '6.7.1'
(/usr/local/texlive/2025/texmf-dist/tex/latex/tikzfill/tikzfill.image.sty
Package: tikzfill.image 2023/08/08 v1.0.1 Image filling library for TikZ
 (/usr/local/texlive/2025/texmf-dist/tex/latex/tikzfill/tikzfill-common.sty
Package: tikzfill-common 2023/08/08 v1.0.1 Auxiliary code for tikzfill
) (/usr/local/texlive/2025/texmf-dist/tex/latex/tikzfill/tikzlibraryfill.image.code.tex
File: tikzlibraryfill.image.code.tex 2023/08/08 v1.0.1 Image filling library
\l__tikzfill_img_box=\box178
)) (/usr/local/texlive/2025/texmf-dist/tex/latex/tcolorbox/tcbskinsjigsaw.code.tex
Library (tcolorbox): 'tcbskinsjigsaw.code.tex' version '6.7.1'
)) (/usr/local/texlive/2025/texmf-dist/tex/latex/tcolorbox/tcbbreakable.code.tex
Library (tcolorbox): 'tcbbreakable.code.tex' version '6.7.1'
(/usr/local/texlive/2025/texmf-dist/tex/latex/pdfcol/pdfcol.sty
Package: pdfcol 2022-09-21 v1.7 Handle new color stacks for pdfTeX (HO)
)
Package pdfcol Info: New color stack `tcb@breakable' = 1 on input line 23.
\tcb@testbox=\box179
\tcb@totalupperbox=\box180
\tcb@totallowerbox=\box181
) (/usr/local/texlive/2025/texmf-dist/tex/latex/tcolorbox/tcbtheorems.code.tex
Library (tcolorbox): 'tcbtheorems.code.tex' version '6.7.1'
)
\depthofj=\skip136
) (../preamble/environments/theorem-like.tex) (../preamble/environments/remark-like.tex
\proofsmallsquare=\box182
LaTeX Font Info:    Trying to load font information for U+msa on input line 43.
 (/usr/local/texlive/2025/texmf-dist/tex/latex/amsfonts/umsa.fd
File: umsa.fd 2013/01/14 v3.01 AMS symbols A
) (/usr/local/texlive/2025/texmf-dist/tex/latex/amsfonts/umsb.fd
File: umsb.fd 2013/01/14 v3.01 AMS symbols B
) (/usr/local/texlive/2025/texmf-dist/tex/latex/cmbright/omlcmbrm.fd
File: omlcmbrm.fd 2005/04/13 v8.1 (WaS)
) (/usr/local/texlive/2025/texmf-dist/tex/latex/stmaryrd/Ustmry.fd)) (../preamble/environments/todo-like.tex) (../preamble/environments/akce.tex (/usr/local/texlive/2025/texmf-dist/tex/latex/enumitem/enumitem.sty
Package: enumitem 2025/02/06 v3.11 Customized lists
\labelindent=\skip137
\enit@outerparindent=\dimen449
\enit@toks=\toks70
\enit@inbox=\box183
\enit@count@id=\count601
\enitdp@description=\count602
)) (../preamble/environments/moje.tex) (../preamble/hacks/custom-reference-boxes.tex) (../preamble/hacks/fix-qed.tex) (../preamble/hacks/fix-hyperref.tex) (../preamble/hacks/floatrow-parskip.tex) (../preamble/user/main.tex (../preamble/user/macros.tex (/usr/local/texlive/2025/texmf-dist/tex/generic/hologo/hologo.sty
Package: hologo 2021-11-16 v1.15 A logo collection with bookmark support (HO)
)) (../preamble/user/math.tex)))))
! Extra \fi.
<argument> ...op@@ }\expandafter \@firstofone \fi 
                                                  
l.4 \begin
          {document}
I'm ignoring this; it doesn't match any \if.

Package translations Info: No language package found. I am going to use `english' as default language. on input line 4.
\@quotelevel=\count603
\@quotereset=\count604
(./predmety.aux)
\openout1 = `predmety.aux'.

LaTeX Font Info:    Checking defaults for OML/cmm/m/it on input line 4.
LaTeX Font Info:    ... okay on input line 4.
LaTeX Font Info:    Checking defaults for OMS/cmsy/m/n on input line 4.
LaTeX Font Info:    Checking defaults for OT1/cmr/m/n on input line 4.
LaTeX Font Info:    Checking defaults for T1/cmr/m/n on input line 4.
LaTeX Font Info:    Checking defaults for TS1/cmr/m/n on input line 4.
LaTeX Font Info:    Checking defaults for OMX/cmex/m/n on input line 4.
LaTeX Font Info:    Checking defaults for U/cmr/m/n on input line 4.
LaTeX Font Info:    Checking defaults for PD1/pdf/m/n on input line 4.
LaTeX Font Info:    Checking defaults for PU/pdf/m/n on input line 4.
 (/usr/local/texlive/2025/texmf-dist/tex/context/base/mkii/supp-pdf.mkii
[Loading MPS to PDF converter (version 2006.09.02).]
\scratchcounter=\count605
\scratchdimen=\dimen450
\scratchbox=\box184
\nofMPsegments=\count606
\nofMParguments=\count607
\everyMPshowfont=\toks71
\MPscratchCnt=\count608
\MPscratchDim=\dimen451
\MPnumerator=\count609
\makeMPintoPDFobject=\count610
\everyMPtoPDFconversion=\toks72
) (/usr/local/texlive/2025/texmf-dist/tex/latex/epstopdf-pkg/epstopdf-base.sty
Package: epstopdf-base 2020-01-24 v2.11 Base part for package epstopdf
Package epstopdf-base Info: Redefining graphics rule for `.eps' on input line 485.
 (/usr/local/texlive/2025/texmf-dist/tex/latex/latexconfig/epstopdf-sys.cfg
File: epstopdf-sys.cfg 2010/07/13 v1.3 Configuration of (r)epstopdf for TeX Live
)) (/usr/local/texlive/2025/texmf-dist/tex/latex/translations/translations-basic-dictionary-english.trsl
File: translations-basic-dictionary-english.trsl (english translation file `translations-basic-dictionary')
)
Package translations Info: loading dictionary `translations-basic-dictionary' for `english'. on input line 4.
Package caption Info: Begin \AtBeginDocument code.
Package caption Info: changepage package is loaded.
\caption@adjustwidth@hsize=\dimen452
\caption@adjustwidth@linewidth=\dimen453
Package caption Info: hyperref package is loaded.
Package caption Info: End \AtBeginDocument code.
Package hyperref Info: Link coloring ON on input line 4.
 (/usr/local/texlive/2025/texmf-dist/tex/latex/zref/zref-hyperref.sty
Package: zref-hyperref 2025-06-08 v2.36 Module hyperref for zref (HO)
Package zref Info: New property: anchor on input line 56.
) (/usr/local/texlive/2025/texmf-dist/tex/latex/zref-clever/zref-clever-english.lang)

Package zref-clever Info: Loaded 'english' language file.

\c@zc@appendix=\count611
Package zref Info: New property: subeq on input line 4.

Package zref-clever Info: Loaded support for 'amsmath' package.


Package zref-clever Info: Loaded support for 'mathtools' package.

Package zref Info: New property: subref on input line 4.

*geometry* driver: auto-detecting
*geometry* detected driver: pdftex
*geometry* verbose mode - [ preamble ] result:
* driver: pdftex
* paper: custom
* layout: <same size as paper>
* layoutoffset:(h,v)=(0.0pt,0.0pt)
* hratio: 1:1
* vratio: 3:4
* modes: includehead includemp 
* h-part:(L,W,R)=(64.0187pt, 611.73422pt, 64.01872pt)
* v-part:(T,H,B)=(44.72282pt, 740.69359pt, 59.63043pt)
* \paperwidth=739.77165pt
* \paperheight=845.04684pt
* \textwidth=412.56496pt
* \textheight=711.3189pt
* \oddsidemargin=-8.25128pt
* \evensidemargin=-8.25128pt
* \topmargin=-27.54716pt
* \headheight=29.3747pt
* \headsep=0.0pt
* \topskip=12.0pt
* \footskip=30.0pt
* \marginparwidth=170.71652pt
* \marginparsep=28.45274pt
* \columnsep=10.0pt
* \skip\footins=10.8pt plus 4.0pt minus 2.0pt
* \hoffset=0.0pt
* \voffset=0.0pt
* \mag=1000
* \@twocolumnfalse
* \@twosidefalse
* \@mparswitchfalse
* \@reversemarginfalse
* (1in=72.27pt=25.4mm, 1cm=28.453pt)

\@sidenotes@extrawidth=\skip138
Package biblatex Info: Trying to load language 'english'...
Package biblatex Info: ... file 'english.lbx' found.
(/usr/local/texlive/2025/texmf-dist/tex/latex/biblatex/lbx/english.lbx
File: english.lbx 2025/07/10 v3.21 biblatex localization (PK/MW)
)
Package biblatex Info: Input encoding 'utf8' detected.
Package biblatex Info: Automatic encoding selection.
(biblatex)             Assuming data encoding 'utf8'.
\openout4 = `predmety.bcf'.

Package biblatex Info: Trying to load bibliographic data...
Package biblatex Info: ... file 'predmety.bbl' not found.

No file predmety.bbl.
Package biblatex Info: Reference section=0 on input line 4.
Package biblatex Info: Reference segment=0 on input line 4.
Chapter 1.

LaTeX Font Warning: Font shape `OT1/cmss/bx/n' in size <28> not available
(Font)              size <24.88> substituted on input line 7.


LaTeX Font Warning: Font shape `OT1/cmss/bx/n' in size <20> not available
(Font)              size <20.74> substituted on input line 7.


Overfull \hbox (17.58786pt too wide) in paragraph at lines 7--7
[] |
 []


LaTeX Warning: Hyper reference `sec:' on page 1 undefined on input line 10.


LaTeX Warning: Reference `sec:' on page 1 undefined on input line 10.


LaTeX Warning: Reference `sec:' on page 1 undefined on input line 10.


LaTeX Warning: Reference `sec:' on page 1 undefined on input line 10.


Overfull \hbox (16.25888pt too wide) in paragraph at lines 10--11
\OT1/cmr/m/n/12 Mechanika Fa-teov^^Seho frakt^^Salu [] umo^^Tz^^Tnuje el-e-gantn^^S^^Pm a jed-notn^^Sym zp^^Wusobem|
 []


Overfull \hbox (25.07031pt too wide) in paragraph at lines 10--11
\OT1/cmr/m/n/12 pasti a jedy) a mag-ick^^Se p^^Tredm^^Tety (do^^Tcasn^^Se p^^Tredm^^Tety, arte-fakty). Neb-ude p^^Trekvapen^^S^^Pm,|
 []


LaTeX Warning: Hyper reference `sec:fzykonflikt' on page 1 undefined on input line 15.


LaTeX Warning: Reference `sec:fzykonflikt' on page 1 undefined on input line 15.


LaTeX Warning: Reference `sec:fzykonflikt' on page 1 undefined on input line 15.


LaTeX Warning: Reference `sec:fzykonflikt' on page 1 undefined on input line 15.


Underfull \hbox (badness 10000) in paragraph at lines 15--15
[] $[]$
 []


Underfull \hbox (badness 10000) in paragraph at lines 15--15
\OT1/cmr/m/n/12 Dlouh^^Sy jed-noru^^Tcn^^S^^P lin-tirov^^Sy
 []


Underfull \hbox (badness 2600) in paragraph at lines 15--15
\OT1/cmr/m/n/12 prov^^Sest \OT1/cmr/m/it/12 3 ^^Sutoky b^^Tehem jedin^^Se
 []



[1{/usr/local/texlive/2025/texmf-var/fonts/map/pdftex/updmap/pdftex.map}


{/usr/local/texlive/2025/texmf-dist/fonts/enc/dvips/cm-super/cm-super-ts1.enc}]
Package marginnote Info: Margin note 2.1 is on absolute page 2 on input line 45.
Package marginnote Info: right page because not two side mode on input line 45.
Package marginnote Info: xpos seems to be 167.54819pt on input line 45.

! Undefined control sequence.
\marginfont ...notesize \color {gray}\RaggedRight 
                                                  
l.45 \end
         {itemize}
The control sequence at the end of the top line
of your error message was never \def'ed. If you have
misspelled it (e.g., `\hobx'), type `I' and the correct
spelling (e.g., `I\hbox'). Otherwise just continue,
and I'll forget about whatever was undefined.

(/usr/local/texlive/2025/texmf-dist/tex/latex/cmbright/ot1cmbr.fd
File: ot1cmbr.fd 2005/04/13 v8.1 (WaS)
)
LaTeX Font Info:    Font shape `OT1/cmbr/b/n' in size <12> not available
(Font)              Font shape `OT1/cmbr/bx/n' tried instead on input line 50.
 (/usr/local/texlive/2025/texmf-dist/tex/latex/iwona/omxiwona.fd
File: omxiwona.fd 2008/07/22 v0.995 font definition file for OMX/iwona (MW)
)

[2]

[3]

[4]

Package silence Warning: There were 14 warning(s) and 0 error(s).
(silence)                I've killed 3 warning(s) and 0 error(s).

(./predmety.aux)
 ***********
LaTeX2e <2025-06-01> patch level 1
L3 programming layer <2025-07-19>
 ***********


LaTeX Warning: There were undefined references.

Package logreq Info: Writing requests to 'predmety.run.xml'.
\openout1 = `predmety.run.xml'.

 ) 
Here is how much of TeX's memory you used:
 54378 strings out of 467816
 1213381 string characters out of 5432258
 2037806 words of memory out of 5000000
 82040 multiletter control sequences out of 15000+600000
 645925 words of font info for 108 fonts, out of 8000000 for 9000
 1141 hyphenation exceptions out of 8191
 128i,9n,140p,980b,1328s stack positions out of 10000i,1000n,20000p,200000b,200000s
</usr/local/texlive/2025/texmf-dist/fonts/type1/public/amsfonts/cm/cmbx12.pfb></usr/local/texlive/2025/texmf-dist/fonts/type1/public/amsfonts/cm/cmbx6.pfb></usr/local/texlive/2025/texmf-dist/fonts/type1/public/amsfonts/cm/cmbxti10.pfb></usr/local/texlive/2025/texmf-dist/fonts/type1/public/amsfonts/cm/cmcsc10.pfb></usr/local/texlive/2025/texmf-dist/fonts/type1/public/amsfonts/cm/cmr10.pfb></usr/local/texlive/2025/texmf-dist/fonts/type1/public/amsfonts/cm/cmr12.pfb></usr/local/texlive/2025/texmf-dist/fonts/type1/public/amsfonts/cm/cmr8.pfb></usr/local/texlive/2025/texmf-dist/fonts/type1/public/amsfonts/cm/cmss12.pfb></usr/local/texlive/2025/texmf-dist/fonts/type1/public/amsfonts/cm/cmssbx10.pfb></usr/local/texlive/2025/texmf-dist/fonts/type1/public/amsfonts/cm/cmsy6.pfb></usr/local/texlive/2025/texmf-dist/fonts/type1/public/amsfonts/cm/cmti12.pfb></usr/local/texlive/2025/texmf-dist/fonts/type1/public/amsfonts/cm/cmtt12.pfb></usr/local/texlive/2025/texmf-dist/fonts/type1/public/amsfonts/cm/cmtt8.pfb></usr/local/texlive/2025/texmf-dist/fonts/type1/public/cm-super/sfrm1200.pfb>
Output written on predmety.pdf (4 pages, 157081 bytes).
PDF statistics:
 157 PDF objects out of 1000 (max. 8388607)
 105 compressed objects within 2 object streams
 15 named destinations out of 1000 (max. 500000)
 157 words of extra memory for PDF output out of 10000 (max. 10000000)

